model dir: /broad/liulabdata/Angus_Li/Playground/TadCBE/bystander_TadCBEd_cheat_0/
Hyperparameters: {'context_feature': True, 'fullcontext_feature': False, 'position_feature': True, 'context_radii': 7, 'encoder_hidden_sizes': [16, 16], 'decoder_hidden_sizes': [64, 64, 64, 64], 'dropout_p': 0.05, 'learning_rate': 0.0002, 'exponential_lr_decay': 1, 'plateau_patience': 5, 'plateau_threshold': 0.001, 'plateau_factor': 0.5, 'batch_size': 5, 'num_epochs': 300, 'training_fraction': 1.0}
x_dim: 90
y_mask_dim: 180
train_test_id: 0
----------
Epoch 0/299
train Loss: 1.4781
valid Loss: 0.8063
----------
Epoch 1/299
train Loss: 0.8294
valid Loss: 0.7933
----------
Epoch 2/299
train Loss: 0.8278
valid Loss: 0.7869
----------
Epoch 3/299
train Loss: 0.8272
valid Loss: 0.7839
----------
Epoch 4/299
train Loss: 0.8177
valid Loss: 0.7825
----------
Epoch 5/299
train Loss: 0.8191
valid Loss: 0.7801
----------
Epoch 6/299
train Loss: 0.8111
valid Loss: 0.7758
----------
Epoch 7/299
train Loss: 0.8197
valid Loss: 0.7754
----------
Epoch 8/299
train Loss: 0.8185
valid Loss: 0.7742
----------
Epoch 9/299
train Loss: 0.8120
valid Loss: 0.7748
----------
Epoch 10/299
train Loss: 0.8085
valid Loss: 0.7732
----------
Epoch 11/299
train Loss: 0.8109
valid Loss: 0.7715
----------
Epoch 12/299
train Loss: 0.8086
valid Loss: 0.7728
----------
Epoch 13/299
train Loss: 0.8082
valid Loss: 0.7703
----------
Epoch 14/299
train Loss: 0.8062
valid Loss: 0.7706
----------
Epoch 15/299
train Loss: 0.8065
valid Loss: 0.7713
----------
Epoch 16/299
train Loss: 0.7978
valid Loss: 0.7703
----------
Epoch 17/299
train Loss: 0.7979
valid Loss: 0.7688
----------
Epoch 18/299
train Loss: 0.8015
valid Loss: 0.7686
----------
Epoch 19/299
train Loss: 0.7944
valid Loss: 0.7692
----------
Epoch 20/299
train Loss: 0.8004
valid Loss: 0.7674
----------
Epoch 21/299
train Loss: 0.8003
valid Loss: 0.7656
----------
Epoch 22/299
train Loss: 0.7869
valid Loss: 0.7671
----------
Epoch 23/299
train Loss: 0.7964
valid Loss: 0.7673
----------
Epoch 24/299
train Loss: 0.7946
valid Loss: 0.7663
----------
Epoch 25/299
train Loss: 0.7936
valid Loss: 0.7664
----------
Epoch 26/299
train Loss: 0.7956
valid Loss: 0.7646
----------
Epoch 27/299
train Loss: 0.7978
valid Loss: 0.7647
----------
Epoch 28/299
train Loss: 0.7825
valid Loss: 0.7621
----------
Epoch 29/299
train Loss: 0.7972
valid Loss: 0.7639
----------
Epoch 30/299
train Loss: 0.7921
valid Loss: 0.7617
----------
Epoch 31/299
train Loss: 0.7935
valid Loss: 0.7638
----------
Epoch 32/299
train Loss: 0.7913
valid Loss: 0.7626
----------
Epoch 33/299
train Loss: 0.7953
valid Loss: 0.7631
----------
Epoch 34/299
train Loss: 0.7922
valid Loss: 0.7623
----------
Epoch 35/299
train Loss: 0.7904
valid Loss: 0.7606
----------
Epoch 36/299
train Loss: 0.7866
valid Loss: 0.7617
----------
Epoch 37/299
train Loss: 0.7916
valid Loss: 0.7615
----------
Epoch 38/299
train Loss: 0.7858
valid Loss: 0.7616
----------
Epoch 39/299
train Loss: 0.7889
valid Loss: 0.7576
----------
Epoch 40/299
train Loss: 0.7849
valid Loss: 0.7606
----------
Epoch 41/299
train Loss: 0.7859
valid Loss: 0.7593
----------
Epoch 42/299
train Loss: 0.7895
valid Loss: 0.7595
----------
Epoch 43/299
train Loss: 0.7801
valid Loss: 0.7600
----------
Epoch 44/299
train Loss: 0.7773
valid Loss: 0.7597
----------
Epoch 45/299
train Loss: 0.7844
valid Loss: 0.7590
----------
Epoch 46/299
train Loss: 0.7838
valid Loss: 0.7595
----------
Epoch 47/299
train Loss: 0.7799
valid Loss: 0.7571
----------
Epoch 48/299
train Loss: 0.7816
valid Loss: 0.7587
----------
Epoch 49/299
train Loss: 0.7783
valid Loss: 0.7558
----------
Epoch 50/299
train Loss: 0.7800
valid Loss: 0.7578
----------
Epoch 51/299
train Loss: 0.7776
valid Loss: 0.7563
----------
Epoch 52/299
train Loss: 0.7877
valid Loss: 0.7573
----------
Epoch 53/299
train Loss: 0.7810
valid Loss: 0.7559
----------
Epoch 54/299
train Loss: 0.7747
valid Loss: 0.7571
----------
Epoch 55/299
train Loss: 0.7822
valid Loss: 0.7563
----------
Epoch 56/299
train Loss: 0.7749
valid Loss: 0.7544
----------
Epoch 57/299
train Loss: 0.7757
valid Loss: 0.7558
----------
Epoch 58/299
train Loss: 0.7758
valid Loss: 0.7554
----------
Epoch 59/299
train Loss: 0.7776
valid Loss: 0.7529
----------
Epoch 60/299
train Loss: 0.7761
valid Loss: 0.7555
----------
Epoch 61/299
train Loss: 0.7784
valid Loss: 0.7551
----------
Epoch 62/299
train Loss: 0.7739
valid Loss: 0.7546
----------
Epoch 63/299
train Loss: 0.7740
valid Loss: 0.7531
----------
Epoch 64/299
train Loss: 0.7747
valid Loss: 0.7528
----------
Epoch 65/299
train Loss: 0.7735
valid Loss: 0.7537
----------
Epoch 66/299
train Loss: 0.7765
valid Loss: 0.7531
----------
Epoch 67/299
train Loss: 0.7715
valid Loss: 0.7525
----------
Epoch 68/299
train Loss: 0.7722
valid Loss: 0.7504
----------
Epoch 69/299
train Loss: 0.7731
valid Loss: 0.7521
----------
Epoch 70/299
train Loss: 0.7688
valid Loss: 0.7519
----------
Epoch 71/299
train Loss: 0.7681
valid Loss: 0.7518
----------
Epoch 72/299
train Loss: 0.7739
valid Loss: 0.7533
----------
Epoch 73/299
train Loss: 0.7695
valid Loss: 0.7522
----------
Epoch 74/299
train Loss: 0.7674
valid Loss: 0.7506
----------
Epoch 75/299
train Loss: 0.7661
valid Loss: 0.7505
----------
Epoch 76/299
train Loss: 0.7717
valid Loss: 0.7504
----------
Epoch 77/299
train Loss: 0.7697
valid Loss: 0.7509
----------
Epoch 78/299
train Loss: 0.7655
valid Loss: 0.7512
----------
Epoch 79/299
train Loss: 0.7647
valid Loss: 0.7507
----------
Epoch 80/299
train Loss: 0.7644
valid Loss: 0.7511
----------
Epoch 81/299
train Loss: 0.7616
valid Loss: 0.7507
----------
Epoch 82/299
train Loss: 0.7655
valid Loss: 0.7498
----------
Epoch 83/299
train Loss: 0.7662
valid Loss: 0.7484
----------
Epoch 84/299
train Loss: 0.7685
valid Loss: 0.7498
----------
Epoch 85/299
train Loss: 0.7615
valid Loss: 0.7494
----------
Epoch 86/299
train Loss: 0.7579
valid Loss: 0.7455
----------
Epoch 87/299
train Loss: 0.7652
valid Loss: 0.7491
----------
Epoch 88/299
train Loss: 0.7672
valid Loss: 0.7474
----------
Epoch 89/299
train Loss: 0.7644
valid Loss: 0.7474
----------
Epoch 90/299
train Loss: 0.7677
valid Loss: 0.7480
----------
Epoch 91/299
train Loss: 0.7663
valid Loss: 0.7487
----------
Epoch 92/299
train Loss: 0.7629
valid Loss: 0.7468
----------
Epoch 93/299
train Loss: 0.7610
valid Loss: 0.7446
----------
Epoch 94/299
train Loss: 0.7633
valid Loss: 0.7480
----------
Epoch 95/299
train Loss: 0.7674
valid Loss: 0.7481
----------
Epoch 96/299
train Loss: 0.7612
valid Loss: 0.7485
----------
Epoch 97/299
train Loss: 0.7629
valid Loss: 0.7477
----------
Epoch 98/299
train Loss: 0.7561
valid Loss: 0.7470
----------
Epoch 99/299
train Loss: 0.7578
valid Loss: 0.7464
----------
Epoch 100/299
train Loss: 0.7538
valid Loss: 0.7464
----------
Epoch 101/299
train Loss: 0.7551
valid Loss: 0.7449
----------
Epoch 102/299
train Loss: 0.7550
valid Loss: 0.7458
----------
Epoch 103/299
train Loss: 0.7570
valid Loss: 0.7467
----------
Epoch 104/299
train Loss: 0.7535
valid Loss: 0.7453
----------
Epoch 105/299
train Loss: 0.7556
valid Loss: 0.7459
----------
Epoch 106/299
train Loss: 0.7554
valid Loss: 0.7459
----------
Epoch 107/299
train Loss: 0.7556
valid Loss: 0.7459
----------
Epoch 108/299
train Loss: 0.7550
valid Loss: 0.7453
----------
Epoch 109/299
train Loss: 0.7591
valid Loss: 0.7443
----------
Epoch 110/299
train Loss: 0.7553
valid Loss: 0.7438
----------
Epoch 111/299
train Loss: 0.7543
valid Loss: 0.7425
----------
Epoch 112/299
train Loss: 0.7590
valid Loss: 0.7447
----------
Epoch 113/299
train Loss: 0.7556
valid Loss: 0.7439
----------
Epoch 114/299
train Loss: 0.7485
valid Loss: 0.7440
----------
Epoch 115/299
train Loss: 0.7526
valid Loss: 0.7420
----------
Epoch 116/299
train Loss: 0.7531
valid Loss: 0.7428
----------
Epoch 117/299
train Loss: 0.7509
valid Loss: 0.7419
----------
Epoch 118/299
train Loss: 0.7527
valid Loss: 0.7428
----------
Epoch 119/299
train Loss: 0.7526
valid Loss: 0.7435
----------
Epoch 120/299
train Loss: 0.7487
valid Loss: 0.7403
----------
Epoch 121/299
train Loss: 0.7508
valid Loss: 0.7416
----------
Epoch 122/299
train Loss: 0.7540
valid Loss: 0.7416
----------
Epoch 123/299
train Loss: 0.7547
valid Loss: 0.7412
----------
Epoch 124/299
train Loss: 0.7524
valid Loss: 0.7392
----------
Epoch 125/299
train Loss: 0.7478
valid Loss: 0.7404
----------
Epoch 126/299
train Loss: 0.7510
valid Loss: 0.7412
----------
Epoch 127/299
train Loss: 0.7455
valid Loss: 0.7406
----------
Epoch 128/299
train Loss: 0.7495
valid Loss: 0.7390
----------
Epoch 129/299
train Loss: 0.7446
valid Loss: 0.7384
----------
Epoch 130/299
train Loss: 0.7495
valid Loss: 0.7404
----------
Epoch 131/299
train Loss: 0.7502
valid Loss: 0.7393
----------
Epoch 132/299
train Loss: 0.7442
valid Loss: 0.7385
----------
Epoch 133/299
train Loss: 0.7550
valid Loss: 0.7394
----------
Epoch 134/299
train Loss: 0.7480
valid Loss: 0.7368
----------
Epoch 135/299
train Loss: 0.7473
valid Loss: 0.7387
----------
Epoch 136/299
train Loss: 0.7498
valid Loss: 0.7388
----------
Epoch 137/299
train Loss: 0.7471
valid Loss: 0.7378
----------
Epoch 138/299
train Loss: 0.7468
valid Loss: 0.7379
----------
Epoch 139/299
train Loss: 0.7334
valid Loss: 0.7386
----------
Epoch 140/299
train Loss: 0.7373
valid Loss: 0.7361
----------
Epoch 141/299
train Loss: 0.7504
valid Loss: 0.7370
----------
Epoch 142/299
train Loss: 0.7472
valid Loss: 0.7366
----------
Epoch 143/299
train Loss: 0.7379
valid Loss: 0.7362
----------
Epoch 144/299
train Loss: 0.7443
valid Loss: 0.7341
----------
Epoch 145/299
train Loss: 0.7422
valid Loss: 0.7357
----------
Epoch 146/299
train Loss: 0.7429
valid Loss: 0.7354
----------
Epoch 147/299
train Loss: 0.7426
valid Loss: 0.7355
----------
Epoch 148/299
train Loss: 0.7327
valid Loss: 0.7364
----------
Epoch 149/299
train Loss: 0.7457
valid Loss: 0.7356
----------
Epoch 150/299
train Loss: 0.7381
valid Loss: 0.7349
----------
Epoch 151/299
train Loss: 0.7396
valid Loss: 0.7347
----------
Epoch 152/299
train Loss: 0.7387
valid Loss: 0.7348
----------
Epoch 153/299
train Loss: 0.7446
valid Loss: 0.7345
----------
Epoch 154/299
train Loss: 0.7380
valid Loss: 0.7341
----------
Epoch 155/299
train Loss: 0.7347
valid Loss: 0.7314
----------
Epoch 156/299
train Loss: 0.7371
valid Loss: 0.7321
----------
Epoch 157/299
train Loss: 0.7378
valid Loss: 0.7316
----------
Epoch 158/299
train Loss: 0.7317
valid Loss: 0.7321
----------
Epoch 159/299
train Loss: 0.7312
valid Loss: 0.7325
----------
Epoch 160/299
train Loss: 0.7285
valid Loss: 0.7317
----------
Epoch 161/299
train Loss: 0.7351
valid Loss: 0.7317
----------
Epoch 162/299
train Loss: 0.7377
valid Loss: 0.7314
----------
Epoch 163/299
train Loss: 0.7338
valid Loss: 0.7321
----------
Epoch 164/299
train Loss: 0.7306
valid Loss: 0.7307
----------
Epoch 165/299
train Loss: 0.7386
valid Loss: 0.7320
----------
Epoch 166/299
train Loss: 0.7396
valid Loss: 0.7310
----------
Epoch 167/299
train Loss: 0.7227
valid Loss: 0.7289
----------
Epoch 168/299
train Loss: 0.7236
valid Loss: 0.7307
----------
Epoch 169/299
train Loss: 0.7279
valid Loss: 0.7299
----------
Epoch 170/299
train Loss: 0.7297
valid Loss: 0.7305
----------
Epoch 171/299
train Loss: 0.7297
valid Loss: 0.7301
----------
Epoch 172/299
train Loss: 0.7305
valid Loss: 0.7288
----------
Epoch 173/299
train Loss: 0.7308
valid Loss: 0.7302
----------
Epoch 174/299
train Loss: 0.7355
valid Loss: 0.7269
----------
Epoch 175/299
train Loss: 0.7302
valid Loss: 0.7291
----------
Epoch 176/299
train Loss: 0.7222
valid Loss: 0.7282
----------
Epoch 177/299
train Loss: 0.7276
valid Loss: 0.7283
----------
Epoch 178/299
train Loss: 0.7264
valid Loss: 0.7295
----------
Epoch 179/299
train Loss: 0.7238
valid Loss: 0.7303
----------
Epoch 180/299
train Loss: 0.7266
valid Loss: 0.7280
----------
Epoch 181/299
train Loss: 0.7291
valid Loss: 0.7277
----------
Epoch 182/299
train Loss: 0.7300
valid Loss: 0.7276
----------
Epoch 183/299
train Loss: 0.7243
valid Loss: 0.7272
----------
Epoch 184/299
train Loss: 0.7274
valid Loss: 0.7266
----------
Epoch 185/299
train Loss: 0.7269
valid Loss: 0.7273
----------
Epoch 186/299
train Loss: 0.7258
valid Loss: 0.7263
----------
Epoch 187/299
train Loss: 0.7171
valid Loss: 0.7236
----------
Epoch 188/299
train Loss: 0.7222
valid Loss: 0.7254
----------
Epoch 189/299
train Loss: 0.7254
valid Loss: 0.7260
----------
Epoch 190/299
train Loss: 0.7252
valid Loss: 0.7267
----------
Epoch 191/299
train Loss: 0.7219
valid Loss: 0.7239
----------
Epoch 192/299
train Loss: 0.7250
valid Loss: 0.7267
----------
Epoch 193/299
train Loss: 0.7205
valid Loss: 0.7243
----------
Epoch 194/299
train Loss: 0.7203
valid Loss: 0.7253
----------
Epoch 195/299
train Loss: 0.7205
valid Loss: 0.7251
----------
Epoch 196/299
train Loss: 0.7185
valid Loss: 0.7242
----------
Epoch 197/299
train Loss: 0.7233
valid Loss: 0.7245
----------
Epoch 198/299
train Loss: 0.7245
valid Loss: 0.7250
----------
Epoch 199/299
train Loss: 0.7175
valid Loss: 0.7237
----------
Epoch 200/299
train Loss: 0.7258
valid Loss: 0.7238
----------
Epoch 201/299
train Loss: 0.7223
valid Loss: 0.7217
----------
Epoch 202/299
train Loss: 0.7194
valid Loss: 0.7208
----------
Epoch 203/299
train Loss: 0.7226
valid Loss: 0.7228
----------
Epoch 204/299
train Loss: 0.7249
valid Loss: 0.7229
----------
Epoch 205/299
train Loss: 0.7136
valid Loss: 0.7225
----------
Epoch 206/299
train Loss: 0.7154
valid Loss: 0.7210
----------
Epoch 207/299
train Loss: 0.7173
valid Loss: 0.7219
----------
Epoch 208/299
train Loss: 0.7197
valid Loss: 0.7195
----------
Epoch 209/299
train Loss: 0.7168
valid Loss: 0.7220
----------
Epoch 210/299
train Loss: 0.7131
valid Loss: 0.7219
----------
Epoch 211/299
train Loss: 0.7164
valid Loss: 0.7209
----------
Epoch 212/299
train Loss: 0.7169
valid Loss: 0.7192
----------
Epoch 213/299
train Loss: 0.7217
valid Loss: 0.7207
----------
Epoch 214/299
train Loss: 0.7217
valid Loss: 0.7187
----------
Epoch 215/299
train Loss: 0.7192
valid Loss: 0.7198
----------
Epoch 216/299
train Loss: 0.7163
valid Loss: 0.7194
----------
Epoch 217/299
train Loss: 0.7131
valid Loss: 0.7187
----------
Epoch 218/299
train Loss: 0.7138
valid Loss: 0.7199
----------
Epoch 219/299
train Loss: 0.7185
valid Loss: 0.7194
----------
Epoch 220/299
train Loss: 0.7123
valid Loss: 0.7189
----------
Epoch 221/299
train Loss: 0.7183
valid Loss: 0.7190
----------
Epoch 222/299
train Loss: 0.7191
valid Loss: 0.7190
----------
Epoch 223/299
train Loss: 0.7130
valid Loss: 0.7164
----------
Epoch 224/299
train Loss: 0.7125
valid Loss: 0.7161
----------
Epoch 225/299
train Loss: 0.7135
valid Loss: 0.7177
----------
Epoch 226/299
train Loss: 0.7102
valid Loss: 0.7144
----------
Epoch 227/299
train Loss: 0.7115
valid Loss: 0.7161
----------
Epoch 228/299
train Loss: 0.7150
valid Loss: 0.7172
----------
Epoch 229/299
train Loss: 0.7125
valid Loss: 0.7174
----------
Epoch 230/299
train Loss: 0.7104
valid Loss: 0.7170
----------
Epoch 231/299
train Loss: 0.7157
valid Loss: 0.7172
----------
Epoch 232/299
train Loss: 0.7061
valid Loss: 0.7171
----------
Epoch 233/299
train Loss: 0.7098
valid Loss: 0.7155
----------
Epoch 234/299
train Loss: 0.7094
valid Loss: 0.7167
----------
Epoch 235/299
train Loss: 0.7075
valid Loss: 0.7152
----------
Epoch 236/299
train Loss: 0.7103
valid Loss: 0.7164
----------
Epoch 237/299
train Loss: 0.7113
valid Loss: 0.7160
----------
Epoch 238/299
train Loss: 0.7109
valid Loss: 0.7147
----------
Epoch 239/299
train Loss: 0.7079
valid Loss: 0.7152
----------
Epoch 240/299
train Loss: 0.7018
valid Loss: 0.7138
----------
Epoch 241/299
train Loss: 0.7079
valid Loss: 0.7137
----------
Epoch 242/299
train Loss: 0.7064
valid Loss: 0.7154
----------
Epoch 243/299
train Loss: 0.7128
valid Loss: 0.7134
----------
Epoch 244/299
train Loss: 0.7080
valid Loss: 0.7134
----------
Epoch 245/299
train Loss: 0.7100
valid Loss: 0.7137
----------
Epoch 246/299
train Loss: 0.7138
valid Loss: 0.7111
----------
Epoch 247/299
train Loss: 0.7056
valid Loss: 0.7135
----------
Epoch 248/299
train Loss: 0.7065
valid Loss: 0.7112
----------
Epoch 249/299
train Loss: 0.7119
valid Loss: 0.7127
----------
Epoch 250/299
train Loss: 0.7089
valid Loss: 0.7124
----------
Epoch 251/299
train Loss: 0.7032
valid Loss: 0.7097
----------
Epoch 252/299
train Loss: 0.7023
valid Loss: 0.7124
----------
Epoch 253/299
train Loss: 0.7081
valid Loss: 0.7128
----------
Epoch 254/299
train Loss: 0.7081
valid Loss: 0.7107
----------
Epoch 255/299
train Loss: 0.7036
valid Loss: 0.7115
----------
Epoch 256/299
train Loss: 0.7094
valid Loss: 0.7117
----------
Epoch 257/299
train Loss: 0.7015
valid Loss: 0.7108
----------
Epoch 258/299
train Loss: 0.7062
valid Loss: 0.7103
----------
Epoch 259/299
train Loss: 0.7030
valid Loss: 0.7093
----------
Epoch 260/299
train Loss: 0.7080
valid Loss: 0.7087
----------
Epoch 261/299
train Loss: 0.7009
valid Loss: 0.7099
----------
Epoch 262/299
train Loss: 0.7016
valid Loss: 0.7089
----------
Epoch 263/299
train Loss: 0.7126
valid Loss: 0.7087
----------
Epoch 264/299
train Loss: 0.7053
valid Loss: 0.7063
----------
Epoch 265/299
train Loss: 0.7054
valid Loss: 0.7091
----------
Epoch 266/299
train Loss: 0.7050
valid Loss: 0.7094
----------
Epoch 267/299
train Loss: 0.7054
valid Loss: 0.7098
----------
Epoch 268/299
train Loss: 0.7088
valid Loss: 0.7100
----------
Epoch 269/299
train Loss: 0.6988
valid Loss: 0.7081
----------
Epoch 270/299
train Loss: 0.7044
valid Loss: 0.7071
----------
Epoch 271/299
train Loss: 0.6944
valid Loss: 0.7087
----------
Epoch 272/299
train Loss: 0.7028
valid Loss: 0.7076
----------
Epoch 273/299
train Loss: 0.7039
valid Loss: 0.7089
----------
Epoch 274/299
train Loss: 0.6958
valid Loss: 0.7090
----------
Epoch 275/299
train Loss: 0.7003
valid Loss: 0.7077
----------
Epoch 276/299
train Loss: 0.7009
valid Loss: 0.7077
----------
Epoch 277/299
train Loss: 0.6971
valid Loss: 0.7088
----------
Epoch 278/299
train Loss: 0.7018
valid Loss: 0.7070
----------
Epoch 279/299
train Loss: 0.7050
valid Loss: 0.7082
----------
Epoch 280/299
train Loss: 0.7004
valid Loss: 0.7075
----------
Epoch 281/299
train Loss: 0.7065
valid Loss: 0.7081
----------
Epoch 282/299
train Loss: 0.6999
valid Loss: 0.7050
----------
Epoch 283/299
train Loss: 0.6948
valid Loss: 0.7074
----------
Epoch 284/299
train Loss: 0.6967
valid Loss: 0.7075
----------
Epoch 285/299
train Loss: 0.6994
valid Loss: 0.7031
----------
Epoch 286/299
train Loss: 0.6998
valid Loss: 0.7023
----------
Epoch 287/299
train Loss: 0.6944
valid Loss: 0.7066
----------
Epoch 288/299
train Loss: 0.7025
valid Loss: 0.7053
----------
Epoch 289/299
train Loss: 0.6972
valid Loss: 0.7051
----------
Epoch 290/299
train Loss: 0.6950
valid Loss: 0.7064
----------
Epoch 291/299
train Loss: 0.6962
valid Loss: 0.7066
----------
Epoch 292/299
train Loss: 0.7006
valid Loss: 0.7057
----------
Epoch 293/299
train Loss: 0.6989
valid Loss: 0.7065
----------
Epoch 294/299
train Loss: 0.6977
valid Loss: 0.7059
----------
Epoch 295/299
train Loss: 0.6944
valid Loss: 0.7054
----------
Epoch 296/299
train Loss: 0.6920
valid Loss: 0.7038
----------
Epoch 297/299
train Loss: 0.7009
valid Loss: 0.7051
----------
Epoch 298/299
train Loss: 0.6931
valid Loss: 0.7034
----------
Epoch 299/299
train Loss: 0.6995
valid Loss: 0.7033
