model dir: /broad/liulabdata/Angus_Li/Playground/TadCBE/bystander_TadCBEb_A_0/
Hyperparameters: {'context_feature': True, 'fullcontext_feature': False, 'position_feature': True, 'context_radii': 7, 'encoder_hidden_sizes': [16, 16], 'decoder_hidden_sizes': [64, 64, 64, 64], 'dropout_p': 0.05, 'learning_rate': 0.0002, 'exponential_lr_decay': 1, 'plateau_patience': 5, 'plateau_threshold': 0.001, 'plateau_factor': 0.5, 'batch_size': 5, 'num_epochs': 300, 'training_fraction': 1.0}
x_dim: 90
y_mask_dim: 180
train_test_id: 0
----------
Epoch 0/299
train Loss: 1.1022
valid Loss: 0.6363
----------
Epoch 1/299
train Loss: 0.6806
valid Loss: 0.6073
----------
Epoch 2/299
train Loss: 0.6721
valid Loss: 0.6036
----------
Epoch 3/299
train Loss: 0.6753
valid Loss: 0.6016
----------
Epoch 4/299
train Loss: 0.6641
valid Loss: 0.5998
----------
Epoch 5/299
train Loss: 0.6652
valid Loss: 0.5980
----------
Epoch 6/299
train Loss: 0.6684
valid Loss: 0.5977
----------
Epoch 7/299
train Loss: 0.6593
valid Loss: 0.5969
----------
Epoch 8/299
train Loss: 0.6611
valid Loss: 0.5959
----------
Epoch 9/299
train Loss: 0.6619
valid Loss: 0.5956
----------
Epoch 10/299
train Loss: 0.6596
valid Loss: 0.5956
----------
Epoch 11/299
train Loss: 0.6574
valid Loss: 0.5948
----------
Epoch 12/299
train Loss: 0.6550
valid Loss: 0.5943
----------
Epoch 13/299
train Loss: 0.6593
valid Loss: 0.5942
----------
Epoch 14/299
train Loss: 0.6579
valid Loss: 0.5935
----------
Epoch 15/299
train Loss: 0.6582
valid Loss: 0.5933
----------
Epoch 16/299
train Loss: 0.6521
valid Loss: 0.5927
----------
Epoch 17/299
train Loss: 0.6559
valid Loss: 0.5925
----------
Epoch 18/299
train Loss: 0.6512
valid Loss: 0.5924
----------
Epoch 19/299
train Loss: 0.6546
valid Loss: 0.5916
----------
Epoch 20/299
train Loss: 0.6540
valid Loss: 0.5914
----------
Epoch 21/299
train Loss: 0.6541
valid Loss: 0.5896
----------
Epoch 22/299
train Loss: 0.6526
valid Loss: 0.5907
----------
Epoch 23/299
train Loss: 0.6495
valid Loss: 0.5894
----------
Epoch 24/299
train Loss: 0.6492
valid Loss: 0.5890
----------
Epoch 25/299
train Loss: 0.6509
valid Loss: 0.5892
----------
Epoch 26/299
train Loss: 0.6489
valid Loss: 0.5895
----------
Epoch 27/299
train Loss: 0.6478
valid Loss: 0.5899
----------
Epoch 28/299
train Loss: 0.6444
valid Loss: 0.5882
----------
Epoch 29/299
train Loss: 0.6466
valid Loss: 0.5880
----------
Epoch 30/299
train Loss: 0.6516
valid Loss: 0.5886
----------
Epoch 31/299
train Loss: 0.6461
valid Loss: 0.5877
----------
Epoch 32/299
train Loss: 0.6488
valid Loss: 0.5868
----------
Epoch 33/299
train Loss: 0.6464
valid Loss: 0.5863
----------
Epoch 34/299
train Loss: 0.6437
valid Loss: 0.5860
----------
Epoch 35/299
train Loss: 0.6493
valid Loss: 0.5866
----------
Epoch 36/299
train Loss: 0.6431
valid Loss: 0.5856
----------
Epoch 37/299
train Loss: 0.6461
valid Loss: 0.5846
----------
Epoch 38/299
train Loss: 0.6468
valid Loss: 0.5849
----------
Epoch 39/299
train Loss: 0.6414
valid Loss: 0.5848
----------
Epoch 40/299
train Loss: 0.6426
valid Loss: 0.5849
----------
Epoch 41/299
train Loss: 0.6387
valid Loss: 0.5853
----------
Epoch 42/299
train Loss: 0.6418
valid Loss: 0.5839
----------
Epoch 43/299
train Loss: 0.6419
valid Loss: 0.5840
----------
Epoch 44/299
train Loss: 0.6419
valid Loss: 0.5835
----------
Epoch 45/299
train Loss: 0.6381
valid Loss: 0.5830
----------
Epoch 46/299
train Loss: 0.6410
valid Loss: 0.5832
----------
Epoch 47/299
train Loss: 0.6431
valid Loss: 0.5831
----------
Epoch 48/299
train Loss: 0.6410
valid Loss: 0.5822
----------
Epoch 49/299
train Loss: 0.6392
valid Loss: 0.5824
----------
Epoch 50/299
train Loss: 0.6435
valid Loss: 0.5827
----------
Epoch 51/299
train Loss: 0.6364
valid Loss: 0.5828
----------
Epoch 52/299
train Loss: 0.6414
valid Loss: 0.5813
----------
Epoch 53/299
train Loss: 0.6343
valid Loss: 0.5821
----------
Epoch 54/299
train Loss: 0.6389
valid Loss: 0.5801
----------
Epoch 55/299
train Loss: 0.6416
valid Loss: 0.5805
----------
Epoch 56/299
train Loss: 0.6407
valid Loss: 0.5806
----------
Epoch 57/299
train Loss: 0.6376
valid Loss: 0.5797
----------
Epoch 58/299
train Loss: 0.6365
valid Loss: 0.5800
----------
Epoch 59/299
train Loss: 0.6368
valid Loss: 0.5801
----------
Epoch 60/299
train Loss: 0.6376
valid Loss: 0.5775
----------
Epoch 61/299
train Loss: 0.6375
valid Loss: 0.5795
----------
Epoch 62/299
train Loss: 0.6353
valid Loss: 0.5787
----------
Epoch 63/299
train Loss: 0.6365
valid Loss: 0.5775
----------
Epoch 64/299
train Loss: 0.6324
valid Loss: 0.5772
----------
Epoch 65/299
train Loss: 0.6341
valid Loss: 0.5778
----------
Epoch 66/299
train Loss: 0.6363
valid Loss: 0.5769
----------
Epoch 67/299
train Loss: 0.6303
valid Loss: 0.5776
----------
Epoch 68/299
train Loss: 0.6361
valid Loss: 0.5773
----------
Epoch 69/299
train Loss: 0.6306
valid Loss: 0.5764
----------
Epoch 70/299
train Loss: 0.6290
valid Loss: 0.5765
----------
Epoch 71/299
train Loss: 0.6333
valid Loss: 0.5761
----------
Epoch 72/299
train Loss: 0.6318
valid Loss: 0.5760
----------
Epoch 73/299
train Loss: 0.6254
valid Loss: 0.5755
----------
Epoch 74/299
train Loss: 0.6333
valid Loss: 0.5749
----------
Epoch 75/299
train Loss: 0.6328
valid Loss: 0.5759
----------
Epoch 76/299
train Loss: 0.6292
valid Loss: 0.5752
----------
Epoch 77/299
train Loss: 0.6306
valid Loss: 0.5739
----------
Epoch 78/299
train Loss: 0.6304
valid Loss: 0.5749
----------
Epoch 79/299
train Loss: 0.6273
valid Loss: 0.5745
----------
Epoch 80/299
train Loss: 0.6290
valid Loss: 0.5730
----------
Epoch 81/299
train Loss: 0.6265
valid Loss: 0.5726
----------
Epoch 82/299
train Loss: 0.6295
valid Loss: 0.5751
----------
Epoch 83/299
train Loss: 0.6254
valid Loss: 0.5730
----------
Epoch 84/299
train Loss: 0.6251
valid Loss: 0.5721
----------
Epoch 85/299
train Loss: 0.6278
valid Loss: 0.5715
----------
Epoch 86/299
train Loss: 0.6264
valid Loss: 0.5721
----------
Epoch 87/299
train Loss: 0.6241
valid Loss: 0.5679
----------
Epoch 88/299
train Loss: 0.6243
valid Loss: 0.5707
----------
Epoch 89/299
train Loss: 0.6223
valid Loss: 0.5714
----------
Epoch 90/299
train Loss: 0.6260
valid Loss: 0.5694
----------
Epoch 91/299
train Loss: 0.6257
valid Loss: 0.5704
----------
Epoch 92/299
train Loss: 0.6243
valid Loss: 0.5700
----------
Epoch 93/299
train Loss: 0.6219
valid Loss: 0.5704
----------
Epoch 94/299
train Loss: 0.6216
valid Loss: 0.5690
----------
Epoch 95/299
train Loss: 0.6256
valid Loss: 0.5690
----------
Epoch 96/299
train Loss: 0.6215
valid Loss: 0.5701
----------
Epoch 97/299
train Loss: 0.6229
valid Loss: 0.5689
----------
Epoch 98/299
train Loss: 0.6241
valid Loss: 0.5686
----------
Epoch 99/299
train Loss: 0.6190
valid Loss: 0.5690
----------
Epoch 100/299
train Loss: 0.6218
valid Loss: 0.5686
----------
Epoch 101/299
train Loss: 0.6231
valid Loss: 0.5694
----------
Epoch 102/299
train Loss: 0.6212
valid Loss: 0.5665
----------
Epoch 103/299
train Loss: 0.6191
valid Loss: 0.5681
----------
Epoch 104/299
train Loss: 0.6195
valid Loss: 0.5667
----------
Epoch 105/299
train Loss: 0.6237
valid Loss: 0.5684
----------
Epoch 106/299
train Loss: 0.6206
valid Loss: 0.5674
----------
Epoch 107/299
train Loss: 0.6206
valid Loss: 0.5665
----------
Epoch 108/299
train Loss: 0.6187
valid Loss: 0.5676
----------
Epoch 109/299
train Loss: 0.6148
valid Loss: 0.5669
----------
Epoch 110/299
train Loss: 0.6193
valid Loss: 0.5643
----------
Epoch 111/299
train Loss: 0.6194
valid Loss: 0.5656
----------
Epoch 112/299
train Loss: 0.6182
valid Loss: 0.5643
----------
Epoch 113/299
train Loss: 0.6172
valid Loss: 0.5652
----------
Epoch 114/299
train Loss: 0.6199
valid Loss: 0.5654
----------
Epoch 115/299
train Loss: 0.6143
valid Loss: 0.5641
----------
Epoch 116/299
train Loss: 0.6133
valid Loss: 0.5646
----------
Epoch 117/299
train Loss: 0.6170
valid Loss: 0.5635
----------
Epoch 118/299
train Loss: 0.6187
valid Loss: 0.5646
----------
Epoch 119/299
train Loss: 0.6169
valid Loss: 0.5639
----------
Epoch 120/299
train Loss: 0.6143
valid Loss: 0.5630
----------
Epoch 121/299
train Loss: 0.6145
valid Loss: 0.5658
----------
Epoch 122/299
train Loss: 0.6148
valid Loss: 0.5626
----------
Epoch 123/299
train Loss: 0.6182
valid Loss: 0.5630
----------
Epoch 124/299
train Loss: 0.6161
valid Loss: 0.5615
----------
Epoch 125/299
train Loss: 0.6144
valid Loss: 0.5619
----------
Epoch 126/299
train Loss: 0.6164
valid Loss: 0.5620
----------
Epoch 127/299
train Loss: 0.6142
valid Loss: 0.5620
----------
Epoch 128/299
train Loss: 0.6127
valid Loss: 0.5611
----------
Epoch 129/299
train Loss: 0.6115
valid Loss: 0.5616
----------
Epoch 130/299
train Loss: 0.6120
valid Loss: 0.5608
----------
Epoch 131/299
train Loss: 0.6096
valid Loss: 0.5597
----------
Epoch 132/299
train Loss: 0.6136
valid Loss: 0.5603
----------
Epoch 133/299
train Loss: 0.6111
valid Loss: 0.5599
----------
Epoch 134/299
train Loss: 0.6170
valid Loss: 0.5600
----------
Epoch 135/299
train Loss: 0.6094
valid Loss: 0.5604
----------
Epoch 136/299
train Loss: 0.6096
valid Loss: 0.5590
----------
Epoch 137/299
train Loss: 0.6132
valid Loss: 0.5595
----------
Epoch 138/299
train Loss: 0.6112
valid Loss: 0.5591
----------
Epoch 139/299
train Loss: 0.6093
valid Loss: 0.5592
----------
Epoch 140/299
train Loss: 0.6103
valid Loss: 0.5581
----------
Epoch 141/299
train Loss: 0.6123
valid Loss: 0.5588
----------
Epoch 142/299
train Loss: 0.6110
valid Loss: 0.5585
----------
Epoch 143/299
train Loss: 0.6092
valid Loss: 0.5576
----------
Epoch 144/299
train Loss: 0.6087
valid Loss: 0.5556
----------
Epoch 145/299
train Loss: 0.6088
valid Loss: 0.5577
----------
Epoch 146/299
train Loss: 0.6068
valid Loss: 0.5570
----------
Epoch 147/299
train Loss: 0.6075
valid Loss: 0.5570
----------
Epoch 148/299
train Loss: 0.6044
valid Loss: 0.5562
----------
Epoch 149/299
train Loss: 0.6084
valid Loss: 0.5562
----------
Epoch 150/299
train Loss: 0.6043
valid Loss: 0.5567
----------
Epoch 151/299
train Loss: 0.6049
valid Loss: 0.5552
----------
Epoch 152/299
train Loss: 0.6073
valid Loss: 0.5563
----------
Epoch 153/299
train Loss: 0.6050
valid Loss: 0.5553
----------
Epoch 154/299
train Loss: 0.6052
valid Loss: 0.5563
----------
Epoch 155/299
train Loss: 0.6081
valid Loss: 0.5568
----------
Epoch 156/299
train Loss: 0.6046
valid Loss: 0.5560
----------
Epoch 157/299
train Loss: 0.6051
valid Loss: 0.5559
----------
Epoch 158/299
train Loss: 0.6065
valid Loss: 0.5556
----------
Epoch 159/299
train Loss: 0.6081
valid Loss: 0.5545
----------
Epoch 160/299
train Loss: 0.6072
valid Loss: 0.5536
----------
Epoch 161/299
train Loss: 0.6047
valid Loss: 0.5522
----------
Epoch 162/299
train Loss: 0.6049
valid Loss: 0.5535
----------
Epoch 163/299
train Loss: 0.6056
valid Loss: 0.5536
----------
Epoch 164/299
train Loss: 0.6025
valid Loss: 0.5526
----------
Epoch 165/299
train Loss: 0.6033
valid Loss: 0.5527
----------
Epoch 166/299
train Loss: 0.6026
valid Loss: 0.5523
----------
Epoch 167/299
train Loss: 0.6016
valid Loss: 0.5527
----------
Epoch 168/299
train Loss: 0.6033
valid Loss: 0.5512
----------
Epoch 169/299
train Loss: 0.6039
valid Loss: 0.5449
----------
Epoch 170/299
train Loss: 0.5999
valid Loss: 0.5518
----------
Epoch 171/299
train Loss: 0.6007
valid Loss: 0.5510
----------
Epoch 172/299
train Loss: 0.6005
valid Loss: 0.5518
----------
Epoch 173/299
train Loss: 0.6011
valid Loss: 0.5506
----------
Epoch 174/299
train Loss: 0.6029
valid Loss: 0.5505
----------
Epoch 175/299
train Loss: 0.6012
valid Loss: 0.5507
----------
Epoch 176/299
train Loss: 0.5983
valid Loss: 0.5522
----------
Epoch 177/299
train Loss: 0.6018
valid Loss: 0.5494
----------
Epoch 178/299
train Loss: 0.6002
valid Loss: 0.5514
----------
Epoch 179/299
train Loss: 0.5957
valid Loss: 0.5497
----------
Epoch 180/299
train Loss: 0.5996
valid Loss: 0.5488
----------
Epoch 181/299
train Loss: 0.5993
valid Loss: 0.5489
----------
Epoch 182/299
train Loss: 0.5979
valid Loss: 0.5483
----------
Epoch 183/299
train Loss: 0.5970
valid Loss: 0.5488
----------
Epoch 184/299
train Loss: 0.6009
valid Loss: 0.5480
----------
Epoch 185/299
train Loss: 0.6007
valid Loss: 0.5472
----------
Epoch 186/299
train Loss: 0.6005
valid Loss: 0.5476
----------
Epoch 187/299
train Loss: 0.6001
valid Loss: 0.5474
----------
Epoch 188/299
train Loss: 0.6002
valid Loss: 0.5473
----------
Epoch 189/299
train Loss: 0.5976
valid Loss: 0.5462
----------
Epoch 190/299
train Loss: 0.5965
valid Loss: 0.5463
----------
Epoch 191/299
train Loss: 0.5969
valid Loss: 0.5460
----------
Epoch 192/299
train Loss: 0.5964
valid Loss: 0.5459
----------
Epoch 193/299
train Loss: 0.5958
valid Loss: 0.5456
----------
Epoch 194/299
train Loss: 0.5948
valid Loss: 0.5459
----------
Epoch 195/299
train Loss: 0.5954
valid Loss: 0.5456
----------
Epoch 196/299
train Loss: 0.5958
valid Loss: 0.5449
----------
Epoch 197/299
train Loss: 0.5940
valid Loss: 0.5452
----------
Epoch 198/299
train Loss: 0.5951
valid Loss: 0.5452
----------
Epoch 199/299
train Loss: 0.5929
valid Loss: 0.5430
----------
Epoch 200/299
train Loss: 0.5936
valid Loss: 0.5429
----------
Epoch 201/299
train Loss: 0.5946
valid Loss: 0.5440
----------
Epoch 202/299
train Loss: 0.5944
valid Loss: 0.5428
----------
Epoch 203/299
train Loss: 0.5957
valid Loss: 0.5430
----------
Epoch 204/299
train Loss: 0.5954
valid Loss: 0.5432
----------
Epoch 205/299
train Loss: 0.5957
valid Loss: 0.5432
----------
Epoch 206/299
train Loss: 0.5899
valid Loss: 0.5419
----------
Epoch 207/299
train Loss: 0.5908
valid Loss: 0.5404
----------
Epoch 208/299
train Loss: 0.5925
valid Loss: 0.5423
----------
Epoch 209/299
train Loss: 0.5907
valid Loss: 0.5426
----------
Epoch 210/299
train Loss: 0.5920
valid Loss: 0.5426
----------
Epoch 211/299
train Loss: 0.5906
valid Loss: 0.5403
----------
Epoch 212/299
train Loss: 0.5927
valid Loss: 0.5440
----------
Epoch 213/299
train Loss: 0.5909
valid Loss: 0.5415
----------
Epoch 214/299
train Loss: 0.5917
valid Loss: 0.5392
----------
Epoch 215/299
train Loss: 0.5877
valid Loss: 0.5406
----------
Epoch 216/299
train Loss: 0.5914
valid Loss: 0.5413
----------
Epoch 217/299
train Loss: 0.5925
valid Loss: 0.5408
----------
Epoch 218/299
train Loss: 0.5899
valid Loss: 0.5393
----------
Epoch 219/299
train Loss: 0.5913
valid Loss: 0.5400
----------
Epoch 220/299
train Loss: 0.5877
valid Loss: 0.5389
----------
Epoch 221/299
train Loss: 0.5897
valid Loss: 0.5389
----------
Epoch 222/299
train Loss: 0.5880
valid Loss: 0.5408
----------
Epoch 223/299
train Loss: 0.5898
valid Loss: 0.5407
----------
Epoch 224/299
train Loss: 0.5861
valid Loss: 0.5390
----------
Epoch 225/299
train Loss: 0.5898
valid Loss: 0.5387
----------
Epoch 226/299
train Loss: 0.5854
valid Loss: 0.5385
----------
Epoch 227/299
train Loss: 0.5838
valid Loss: 0.5389
----------
Epoch 228/299
train Loss: 0.5834
valid Loss: 0.5390
----------
Epoch 229/299
train Loss: 0.5841
valid Loss: 0.5397
----------
Epoch 230/299
train Loss: 0.5891
valid Loss: 0.5390
----------
Epoch 231/299
train Loss: 0.5849
valid Loss: 0.5370
----------
Epoch 232/299
train Loss: 0.5862
valid Loss: 0.5358
----------
Epoch 233/299
train Loss: 0.5861
valid Loss: 0.5388
----------
Epoch 234/299
train Loss: 0.5859
valid Loss: 0.5369
----------
Epoch 235/299
train Loss: 0.5886
valid Loss: 0.5358
----------
Epoch 236/299
train Loss: 0.5824
valid Loss: 0.5373
----------
Epoch 237/299
train Loss: 0.5877
valid Loss: 0.5345
----------
Epoch 238/299
train Loss: 0.5854
valid Loss: 0.5343
----------
Epoch 239/299
train Loss: 0.5821
valid Loss: 0.5377
----------
Epoch 240/299
train Loss: 0.5825
valid Loss: 0.5361
----------
Epoch 241/299
train Loss: 0.5827
valid Loss: 0.5367
----------
Epoch 242/299
train Loss: 0.5819
valid Loss: 0.5353
----------
Epoch 243/299
train Loss: 0.5823
valid Loss: 0.5344
----------
Epoch 244/299
train Loss: 0.5831
valid Loss: 0.5372
----------
Epoch 245/299
train Loss: 0.5835
valid Loss: 0.5363
----------
Epoch 246/299
train Loss: 0.5810
valid Loss: 0.5335
----------
Epoch 247/299
train Loss: 0.5811
valid Loss: 0.5330
----------
Epoch 248/299
train Loss: 0.5796
valid Loss: 0.5342
----------
Epoch 249/299
train Loss: 0.5830
valid Loss: 0.5351
----------
Epoch 250/299
train Loss: 0.5836
valid Loss: 0.5336
----------
Epoch 251/299
train Loss: 0.5813
valid Loss: 0.5344
----------
Epoch 252/299
train Loss: 0.5806
valid Loss: 0.5326
----------
Epoch 253/299
train Loss: 0.5835
valid Loss: 0.5339
----------
Epoch 254/299
train Loss: 0.5815
valid Loss: 0.5326
----------
Epoch 255/299
train Loss: 0.5834
valid Loss: 0.5317
----------
Epoch 256/299
train Loss: 0.5801
valid Loss: 0.5319
----------
Epoch 257/299
train Loss: 0.5785
valid Loss: 0.5329
----------
Epoch 258/299
train Loss: 0.5795
valid Loss: 0.5338
----------
Epoch 259/299
train Loss: 0.5813
valid Loss: 0.5319
----------
Epoch 260/299
train Loss: 0.5817
valid Loss: 0.5321
----------
Epoch 261/299
train Loss: 0.5823
valid Loss: 0.5326
----------
Epoch 262/299
train Loss: 0.5749
valid Loss: 0.5301
----------
Epoch 263/299
train Loss: 0.5786
valid Loss: 0.5326
----------
Epoch 264/299
train Loss: 0.5806
valid Loss: 0.5313
----------
Epoch 265/299
train Loss: 0.5775
valid Loss: 0.5329
----------
Epoch 266/299
train Loss: 0.5815
valid Loss: 0.5276
----------
Epoch 267/299
train Loss: 0.5800
valid Loss: 0.5306
----------
Epoch 268/299
train Loss: 0.5808
valid Loss: 0.5317
----------
Epoch 269/299
train Loss: 0.5779
valid Loss: 0.5288
----------
Epoch 270/299
train Loss: 0.5788
valid Loss: 0.5305
----------
Epoch 271/299
train Loss: 0.5766
valid Loss: 0.5304
----------
Epoch 272/299
train Loss: 0.5780
valid Loss: 0.5304
----------
Epoch 273/299
train Loss: 0.5758
valid Loss: 0.5291
----------
Epoch 274/299
train Loss: 0.5727
valid Loss: 0.5296
----------
Epoch 275/299
train Loss: 0.5735
valid Loss: 0.5302
----------
Epoch 276/299
train Loss: 0.5747
valid Loss: 0.5298
----------
Epoch 277/299
train Loss: 0.5770
valid Loss: 0.5301
----------
Epoch 278/299
train Loss: 0.5787
valid Loss: 0.5284
----------
Epoch 279/299
train Loss: 0.5735
valid Loss: 0.5285
----------
Epoch 280/299
train Loss: 0.5755
valid Loss: 0.5288
----------
Epoch 281/299
train Loss: 0.5772
valid Loss: 0.5285
----------
Epoch 282/299
train Loss: 0.5796
valid Loss: 0.5286
----------
Epoch 283/299
train Loss: 0.5759
valid Loss: 0.5274
----------
Epoch 284/299
train Loss: 0.5744
valid Loss: 0.5285
----------
Epoch 285/299
train Loss: 0.5730
valid Loss: 0.5277
----------
Epoch 286/299
train Loss: 0.5720
valid Loss: 0.5296
----------
Epoch 287/299
train Loss: 0.5741
valid Loss: 0.5263
----------
Epoch 288/299
train Loss: 0.5720
valid Loss: 0.5272
----------
Epoch 289/299
train Loss: 0.5672
valid Loss: 0.5269
----------
Epoch 290/299
train Loss: 0.5744
valid Loss: 0.5276
----------
Epoch 291/299
train Loss: 0.5725
valid Loss: 0.5261
----------
Epoch 292/299
train Loss: 0.5706
valid Loss: 0.5271
----------
Epoch 293/299
train Loss: 0.5781
valid Loss: 0.5256
----------
Epoch 294/299
train Loss: 0.5746
valid Loss: 0.5268
----------
Epoch 295/299
train Loss: 0.5702
valid Loss: 0.5256
----------
Epoch 296/299
train Loss: 0.5710
valid Loss: 0.5258
----------
Epoch 297/299
train Loss: 0.5706
valid Loss: 0.5256
----------
Epoch 298/299
train Loss: 0.5700
valid Loss: 0.5246
----------
Epoch 299/299
train Loss: 0.5721
valid Loss: 0.5254
