model dir: /broad/liulabdata/Angus_Li/Playground/TadCBE/bystander_TadCBEe_cheat_0/
Hyperparameters: {'context_feature': True, 'fullcontext_feature': False, 'position_feature': True, 'context_radii': 7, 'encoder_hidden_sizes': [16, 16], 'decoder_hidden_sizes': [64, 64, 64, 64], 'dropout_p': 0.05, 'learning_rate': 0.0002, 'exponential_lr_decay': 1, 'plateau_patience': 5, 'plateau_threshold': 0.001, 'plateau_factor': 0.5, 'batch_size': 5, 'num_epochs': 300, 'training_fraction': 1.0}
x_dim: 90
y_mask_dim: 180
train_test_id: 0
----------
Epoch 0/299
train Loss: 1.3931
valid Loss: 0.7765
----------
Epoch 1/299
train Loss: 0.8792
valid Loss: 0.7538
----------
Epoch 2/299
train Loss: 0.8597
valid Loss: 0.7465
----------
Epoch 3/299
train Loss: 0.8520
valid Loss: 0.7431
----------
Epoch 4/299
train Loss: 0.8514
valid Loss: 0.7405
----------
Epoch 5/299
train Loss: 0.8498
valid Loss: 0.7383
----------
Epoch 6/299
train Loss: 0.8444
valid Loss: 0.7375
----------
Epoch 7/299
train Loss: 0.8366
valid Loss: 0.7361
----------
Epoch 8/299
train Loss: 0.8299
valid Loss: 0.7348
----------
Epoch 9/299
train Loss: 0.8329
valid Loss: 0.7332
----------
Epoch 10/299
train Loss: 0.8302
valid Loss: 0.7334
----------
Epoch 11/299
train Loss: 0.8276
valid Loss: 0.7316
----------
Epoch 12/299
train Loss: 0.8237
valid Loss: 0.7299
----------
Epoch 13/299
train Loss: 0.8259
valid Loss: 0.7285
----------
Epoch 14/299
train Loss: 0.8205
valid Loss: 0.7276
----------
Epoch 15/299
train Loss: 0.8236
valid Loss: 0.7269
----------
Epoch 16/299
train Loss: 0.8256
valid Loss: 0.7270
----------
Epoch 17/299
train Loss: 0.8169
valid Loss: 0.7261
----------
Epoch 18/299
train Loss: 0.8223
valid Loss: 0.7251
----------
Epoch 19/299
train Loss: 0.8132
valid Loss: 0.7240
----------
Epoch 20/299
train Loss: 0.8207
valid Loss: 0.7226
----------
Epoch 21/299
train Loss: 0.8142
valid Loss: 0.7254
----------
Epoch 22/299
train Loss: 0.8196
valid Loss: 0.7227
----------
Epoch 23/299
train Loss: 0.8206
valid Loss: 0.7234
----------
Epoch 24/299
train Loss: 0.8149
valid Loss: 0.7200
----------
Epoch 25/299
train Loss: 0.8103
valid Loss: 0.7210
----------
Epoch 26/299
train Loss: 0.8069
valid Loss: 0.7184
----------
Epoch 27/299
train Loss: 0.8123
valid Loss: 0.7187
----------
Epoch 28/299
train Loss: 0.8091
valid Loss: 0.7188
----------
Epoch 29/299
train Loss: 0.8064
valid Loss: 0.7181
----------
Epoch 30/299
train Loss: 0.8059
valid Loss: 0.7164
----------
Epoch 31/299
train Loss: 0.8077
valid Loss: 0.7173
----------
Epoch 32/299
train Loss: 0.8049
valid Loss: 0.7183
----------
Epoch 33/299
train Loss: 0.8132
valid Loss: 0.7172
----------
Epoch 34/299
train Loss: 0.8069
valid Loss: 0.7168
----------
Epoch 35/299
train Loss: 0.8076
valid Loss: 0.7166
----------
Epoch 36/299
train Loss: 0.8026
valid Loss: 0.7159
----------
Epoch 37/299
train Loss: 0.7998
valid Loss: 0.7153
----------
Epoch 38/299
train Loss: 0.8026
valid Loss: 0.7152
----------
Epoch 39/299
train Loss: 0.8049
valid Loss: 0.7126
----------
Epoch 40/299
train Loss: 0.7926
valid Loss: 0.7152
----------
Epoch 41/299
train Loss: 0.7990
valid Loss: 0.7119
----------
Epoch 42/299
train Loss: 0.7967
valid Loss: 0.7141
----------
Epoch 43/299
train Loss: 0.7944
valid Loss: 0.7132
----------
Epoch 44/299
train Loss: 0.7939
valid Loss: 0.7117
----------
Epoch 45/299
train Loss: 0.7891
valid Loss: 0.7114
----------
Epoch 46/299
train Loss: 0.7993
valid Loss: 0.7104
----------
Epoch 47/299
train Loss: 0.7930
valid Loss: 0.7114
----------
Epoch 48/299
train Loss: 0.7929
valid Loss: 0.7116
----------
Epoch 49/299
train Loss: 0.7978
valid Loss: 0.7092
----------
Epoch 50/299
train Loss: 0.7902
valid Loss: 0.7076
----------
Epoch 51/299
train Loss: 0.7885
valid Loss: 0.7076
----------
Epoch 52/299
train Loss: 0.7907
valid Loss: 0.7097
----------
Epoch 53/299
train Loss: 0.7849
valid Loss: 0.7080
----------
Epoch 54/299
train Loss: 0.7881
valid Loss: 0.7073
----------
Epoch 55/299
train Loss: 0.7875
valid Loss: 0.7078
----------
Epoch 56/299
train Loss: 0.7839
valid Loss: 0.7078
----------
Epoch 57/299
train Loss: 0.7898
valid Loss: 0.7046
----------
Epoch 58/299
train Loss: 0.7898
valid Loss: 0.7058
----------
Epoch 59/299
train Loss: 0.7882
valid Loss: 0.7055
----------
Epoch 60/299
train Loss: 0.7826
valid Loss: 0.7059
----------
Epoch 61/299
train Loss: 0.7867
valid Loss: 0.7023
----------
Epoch 62/299
train Loss: 0.7847
valid Loss: 0.7044
----------
Epoch 63/299
train Loss: 0.7864
valid Loss: 0.7046
----------
Epoch 64/299
train Loss: 0.7887
valid Loss: 0.7020
----------
Epoch 65/299
train Loss: 0.7856
valid Loss: 0.7018
----------
Epoch 66/299
train Loss: 0.7827
valid Loss: 0.7025
----------
Epoch 67/299
train Loss: 0.7826
valid Loss: 0.7017
----------
Epoch 68/299
train Loss: 0.7895
valid Loss: 0.7018
----------
Epoch 69/299
train Loss: 0.7838
valid Loss: 0.7007
----------
Epoch 70/299
train Loss: 0.7832
valid Loss: 0.6980
----------
Epoch 71/299
train Loss: 0.7851
valid Loss: 0.7000
----------
Epoch 72/299
train Loss: 0.7733
valid Loss: 0.6986
----------
Epoch 73/299
train Loss: 0.7769
valid Loss: 0.6980
----------
Epoch 74/299
train Loss: 0.7797
valid Loss: 0.6991
----------
Epoch 75/299
train Loss: 0.7790
valid Loss: 0.6982
----------
Epoch 76/299
train Loss: 0.7786
valid Loss: 0.6974
----------
Epoch 77/299
train Loss: 0.7866
valid Loss: 0.6973
----------
Epoch 78/299
train Loss: 0.7796
valid Loss: 0.6971
----------
Epoch 79/299
train Loss: 0.7801
valid Loss: 0.6966
----------
Epoch 80/299
train Loss: 0.7755
valid Loss: 0.6960
----------
Epoch 81/299
train Loss: 0.7781
valid Loss: 0.6953
----------
Epoch 82/299
train Loss: 0.7805
valid Loss: 0.6928
----------
Epoch 83/299
train Loss: 0.7792
valid Loss: 0.6945
----------
Epoch 84/299
train Loss: 0.7703
valid Loss: 0.6953
----------
Epoch 85/299
train Loss: 0.7752
valid Loss: 0.6940
----------
Epoch 86/299
train Loss: 0.7734
valid Loss: 0.6934
----------
Epoch 87/299
train Loss: 0.7747
valid Loss: 0.6893
----------
Epoch 88/299
train Loss: 0.7750
valid Loss: 0.6932
----------
Epoch 89/299
train Loss: 0.7711
valid Loss: 0.6920
----------
Epoch 90/299
train Loss: 0.7756
valid Loss: 0.6919
----------
Epoch 91/299
train Loss: 0.7699
valid Loss: 0.6918
----------
Epoch 92/299
train Loss: 0.7645
valid Loss: 0.6875
----------
Epoch 93/299
train Loss: 0.7696
valid Loss: 0.6910
----------
Epoch 94/299
train Loss: 0.7680
valid Loss: 0.6890
----------
Epoch 95/299
train Loss: 0.7708
valid Loss: 0.6898
----------
Epoch 96/299
train Loss: 0.7679
valid Loss: 0.6880
----------
Epoch 97/299
train Loss: 0.7715
valid Loss: 0.6868
----------
Epoch 98/299
train Loss: 0.7676
valid Loss: 0.6880
----------
Epoch 99/299
train Loss: 0.7661
valid Loss: 0.6868
----------
Epoch 100/299
train Loss: 0.7664
valid Loss: 0.6888
----------
Epoch 101/299
train Loss: 0.7679
valid Loss: 0.6875
----------
Epoch 102/299
train Loss: 0.7635
valid Loss: 0.6870
----------
Epoch 103/299
train Loss: 0.7630
valid Loss: 0.6864
----------
Epoch 104/299
train Loss: 0.7637
valid Loss: 0.6856
----------
Epoch 105/299
train Loss: 0.7692
valid Loss: 0.6855
----------
Epoch 106/299
train Loss: 0.7673
valid Loss: 0.6853
----------
Epoch 107/299
train Loss: 0.7666
valid Loss: 0.6852
----------
Epoch 108/299
train Loss: 0.7614
valid Loss: 0.6808
----------
Epoch 109/299
train Loss: 0.7664
valid Loss: 0.6844
----------
Epoch 110/299
train Loss: 0.7637
valid Loss: 0.6836
----------
Epoch 111/299
train Loss: 0.7599
valid Loss: 0.6839
----------
Epoch 112/299
train Loss: 0.7566
valid Loss: 0.6827
----------
Epoch 113/299
train Loss: 0.7604
valid Loss: 0.6825
----------
Epoch 114/299
train Loss: 0.7644
valid Loss: 0.6833
----------
Epoch 115/299
train Loss: 0.7611
valid Loss: 0.6819
----------
Epoch 116/299
train Loss: 0.7594
valid Loss: 0.6800
----------
Epoch 117/299
train Loss: 0.7563
valid Loss: 0.6813
----------
Epoch 118/299
train Loss: 0.7569
valid Loss: 0.6825
----------
Epoch 119/299
train Loss: 0.7586
valid Loss: 0.6831
----------
Epoch 120/299
train Loss: 0.7589
valid Loss: 0.6812
----------
Epoch 121/299
train Loss: 0.7536
valid Loss: 0.6804
----------
Epoch 122/299
train Loss: 0.7520
valid Loss: 0.6813
----------
Epoch 123/299
train Loss: 0.7579
valid Loss: 0.6804
----------
Epoch 124/299
train Loss: 0.7556
valid Loss: 0.6789
----------
Epoch 125/299
train Loss: 0.7555
valid Loss: 0.6800
----------
Epoch 126/299
train Loss: 0.7527
valid Loss: 0.6793
----------
Epoch 127/299
train Loss: 0.7553
valid Loss: 0.6787
----------
Epoch 128/299
train Loss: 0.7595
valid Loss: 0.6795
----------
Epoch 129/299
train Loss: 0.7518
valid Loss: 0.6775
----------
Epoch 130/299
train Loss: 0.7547
valid Loss: 0.6773
----------
Epoch 131/299
train Loss: 0.7546
valid Loss: 0.6774
----------
Epoch 132/299
train Loss: 0.7578
valid Loss: 0.6770
----------
Epoch 133/299
train Loss: 0.7482
valid Loss: 0.6769
----------
Epoch 134/299
train Loss: 0.7465
valid Loss: 0.6717
----------
Epoch 135/299
train Loss: 0.7459
valid Loss: 0.6758
----------
Epoch 136/299
train Loss: 0.7520
valid Loss: 0.6755
----------
Epoch 137/299
train Loss: 0.7495
valid Loss: 0.6769
----------
Epoch 138/299
train Loss: 0.7476
valid Loss: 0.6731
----------
Epoch 139/299
train Loss: 0.7479
valid Loss: 0.6754
----------
Epoch 140/299
train Loss: 0.7473
valid Loss: 0.6751
----------
Epoch 141/299
train Loss: 0.7493
valid Loss: 0.6745
----------
Epoch 142/299
train Loss: 0.7486
valid Loss: 0.6721
----------
Epoch 143/299
train Loss: 0.7477
valid Loss: 0.6742
----------
Epoch 144/299
train Loss: 0.7457
valid Loss: 0.6739
----------
Epoch 145/299
train Loss: 0.7483
valid Loss: 0.6740
----------
Epoch 146/299
train Loss: 0.7485
valid Loss: 0.6737
----------
Epoch 147/299
train Loss: 0.7431
valid Loss: 0.6702
----------
Epoch 148/299
train Loss: 0.7487
valid Loss: 0.6729
----------
Epoch 149/299
train Loss: 0.7491
valid Loss: 0.6731
----------
Epoch 150/299
train Loss: 0.7434
valid Loss: 0.6718
----------
Epoch 151/299
train Loss: 0.7503
valid Loss: 0.6721
----------
Epoch 152/299
train Loss: 0.7437
valid Loss: 0.6721
----------
Epoch 153/299
train Loss: 0.7426
valid Loss: 0.6732
----------
Epoch 154/299
train Loss: 0.7430
valid Loss: 0.6698
----------
Epoch 155/299
train Loss: 0.7463
valid Loss: 0.6709
----------
Epoch 156/299
train Loss: 0.7447
valid Loss: 0.6686
----------
Epoch 157/299
train Loss: 0.7455
valid Loss: 0.6670
----------
Epoch 158/299
train Loss: 0.7459
valid Loss: 0.6705
----------
Epoch 159/299
train Loss: 0.7434
valid Loss: 0.6709
----------
Epoch 160/299
train Loss: 0.7430
valid Loss: 0.6706
----------
Epoch 161/299
train Loss: 0.7395
valid Loss: 0.6709
----------
Epoch 162/299
train Loss: 0.7421
valid Loss: 0.6707
----------
Epoch 163/299
train Loss: 0.7386
valid Loss: 0.6706
----------
Epoch 164/299
train Loss: 0.7441
valid Loss: 0.6710
----------
Epoch 165/299
train Loss: 0.7359
valid Loss: 0.6699
----------
Epoch 166/299
train Loss: 0.7383
valid Loss: 0.6684
----------
Epoch 167/299
train Loss: 0.7386
valid Loss: 0.6691
----------
Epoch 168/299
train Loss: 0.7426
valid Loss: 0.6685
----------
Epoch 169/299
train Loss: 0.7432
valid Loss: 0.6700
----------
Epoch 170/299
train Loss: 0.7394
valid Loss: 0.6668
----------
Epoch 171/299
train Loss: 0.7448
valid Loss: 0.6667
----------
Epoch 172/299
train Loss: 0.7391
valid Loss: 0.6682
----------
Epoch 173/299
train Loss: 0.7301
valid Loss: 0.6675
----------
Epoch 174/299
train Loss: 0.7357
valid Loss: 0.6676
----------
Epoch 175/299
train Loss: 0.7404
valid Loss: 0.6673
----------
Epoch 176/299
train Loss: 0.7355
valid Loss: 0.6672
----------
Epoch 177/299
train Loss: 0.7393
valid Loss: 0.6672
----------
Epoch 178/299
train Loss: 0.7324
valid Loss: 0.6667
----------
Epoch 179/299
train Loss: 0.7329
valid Loss: 0.6663
----------
Epoch 180/299
train Loss: 0.7315
valid Loss: 0.6648
----------
Epoch 181/299
train Loss: 0.7360
valid Loss: 0.6659
----------
Epoch 182/299
train Loss: 0.7375
valid Loss: 0.6640
----------
Epoch 183/299
train Loss: 0.7321
valid Loss: 0.6664
----------
Epoch 184/299
train Loss: 0.7306
valid Loss: 0.6663
----------
Epoch 185/299
train Loss: 0.7382
valid Loss: 0.6627
----------
Epoch 186/299
train Loss: 0.7332
valid Loss: 0.6663
----------
Epoch 187/299
train Loss: 0.7355
valid Loss: 0.6650
----------
Epoch 188/299
train Loss: 0.7353
valid Loss: 0.6649
----------
Epoch 189/299
train Loss: 0.7319
valid Loss: 0.6647
----------
Epoch 190/299
train Loss: 0.7313
valid Loss: 0.6638
----------
Epoch 191/299
train Loss: 0.7338
valid Loss: 0.6649
----------
Epoch 192/299
train Loss: 0.7344
valid Loss: 0.6631
----------
Epoch 193/299
train Loss: 0.7336
valid Loss: 0.6657
----------
Epoch 194/299
train Loss: 0.7290
valid Loss: 0.6646
----------
Epoch 195/299
train Loss: 0.7259
valid Loss: 0.6638
----------
Epoch 196/299
train Loss: 0.7320
valid Loss: 0.6645
----------
Epoch 197/299
train Loss: 0.7302
valid Loss: 0.6649
----------
Epoch 198/299
train Loss: 0.7337
valid Loss: 0.6615
----------
Epoch 199/299
train Loss: 0.7313
valid Loss: 0.6615
----------
Epoch 200/299
train Loss: 0.7269
valid Loss: 0.6599
----------
Epoch 201/299
train Loss: 0.7341
valid Loss: 0.6628
----------
Epoch 202/299
train Loss: 0.7292
valid Loss: 0.6621
----------
Epoch 203/299
train Loss: 0.7309
valid Loss: 0.6629
----------
Epoch 204/299
train Loss: 0.7320
valid Loss: 0.6629
----------
Epoch 205/299
train Loss: 0.7326
valid Loss: 0.6629
----------
Epoch 206/299
train Loss: 0.7262
valid Loss: 0.6618
----------
Epoch 207/299
train Loss: 0.7267
valid Loss: 0.6632
----------
Epoch 208/299
train Loss: 0.7262
valid Loss: 0.6611
----------
Epoch 209/299
train Loss: 0.7269
valid Loss: 0.6635
----------
Epoch 210/299
train Loss: 0.7292
valid Loss: 0.6595
----------
Epoch 211/299
train Loss: 0.7276
valid Loss: 0.6619
----------
Epoch 212/299
train Loss: 0.7261
valid Loss: 0.6592
----------
Epoch 213/299
train Loss: 0.7242
valid Loss: 0.6622
----------
Epoch 214/299
train Loss: 0.7279
valid Loss: 0.6615
----------
Epoch 215/299
train Loss: 0.7251
valid Loss: 0.6616
----------
Epoch 216/299
train Loss: 0.7227
valid Loss: 0.6602
----------
Epoch 217/299
train Loss: 0.7269
valid Loss: 0.6599
----------
Epoch 218/299
train Loss: 0.7310
valid Loss: 0.6614
----------
Epoch 219/299
train Loss: 0.7261
valid Loss: 0.6589
----------
Epoch 220/299
train Loss: 0.7254
valid Loss: 0.6595
----------
Epoch 221/299
train Loss: 0.7233
valid Loss: 0.6616
----------
Epoch 222/299
train Loss: 0.7210
valid Loss: 0.6608
----------
Epoch 223/299
train Loss: 0.7213
valid Loss: 0.6595
----------
Epoch 224/299
train Loss: 0.7240
valid Loss: 0.6609
----------
Epoch 225/299
train Loss: 0.7269
valid Loss: 0.6616
----------
Epoch 226/299
train Loss: 0.7181
valid Loss: 0.6610
----------
Epoch 227/299
train Loss: 0.7217
valid Loss: 0.6608
----------
Epoch 228/299
train Loss: 0.7204
valid Loss: 0.6603
----------
Epoch 229/299
train Loss: 0.7300
valid Loss: 0.6608
----------
Epoch 230/299
train Loss: 0.7209
valid Loss: 0.6601
----------
Epoch 231/299
train Loss: 0.7259
valid Loss: 0.6625
----------
Epoch 232/299
train Loss: 0.7180
valid Loss: 0.6608
----------
Epoch 233/299
train Loss: 0.7187
valid Loss: 0.6603
----------
Epoch 234/299
train Loss: 0.7197
valid Loss: 0.6582
----------
Epoch 235/299
train Loss: 0.7218
valid Loss: 0.6599
----------
Epoch 236/299
train Loss: 0.7212
valid Loss: 0.6593
----------
Epoch 237/299
train Loss: 0.7196
valid Loss: 0.6601
----------
Epoch 238/299
train Loss: 0.7232
valid Loss: 0.6601
----------
Epoch 239/299
train Loss: 0.7213
valid Loss: 0.6583
----------
Epoch 240/299
train Loss: 0.7238
valid Loss: 0.6600
----------
Epoch 241/299
train Loss: 0.7213
valid Loss: 0.6581
----------
Epoch 242/299
train Loss: 0.7166
valid Loss: 0.6591
----------
Epoch 243/299
train Loss: 0.7150
valid Loss: 0.6590
----------
Epoch 244/299
train Loss: 0.7151
valid Loss: 0.6579
----------
Epoch 245/299
train Loss: 0.7206
valid Loss: 0.6589
----------
Epoch 246/299
train Loss: 0.7152
valid Loss: 0.6582
----------
Epoch 247/299
train Loss: 0.7082
valid Loss: 0.6593
----------
Epoch 248/299
train Loss: 0.7189
valid Loss: 0.6590
----------
Epoch 249/299
train Loss: 0.7191
valid Loss: 0.6590
----------
Epoch 250/299
train Loss: 0.7167
valid Loss: 0.6577
----------
Epoch 251/299
train Loss: 0.7198
valid Loss: 0.6575
----------
Epoch 252/299
train Loss: 0.7153
valid Loss: 0.6577
----------
Epoch 253/299
train Loss: 0.7108
valid Loss: 0.6575
----------
Epoch 254/299
train Loss: 0.7206
valid Loss: 0.6575
----------
Epoch 255/299
train Loss: 0.7226
valid Loss: 0.6577
----------
Epoch 256/299
train Loss: 0.7172
valid Loss: 0.6543
----------
Epoch 257/299
train Loss: 0.7182
valid Loss: 0.6590
----------
Epoch 258/299
train Loss: 0.7211
valid Loss: 0.6586
----------
Epoch 259/299
train Loss: 0.7139
valid Loss: 0.6576
----------
Epoch 260/299
train Loss: 0.7193
valid Loss: 0.6573
----------
Epoch 261/299
train Loss: 0.7182
valid Loss: 0.6553
----------
Epoch 262/299
train Loss: 0.7161
valid Loss: 0.6561
----------
Epoch 263/299
train Loss: 0.7183
valid Loss: 0.6535
----------
Epoch 264/299
train Loss: 0.7135
valid Loss: 0.6575
----------
Epoch 265/299
train Loss: 0.7150
valid Loss: 0.6550
----------
Epoch 266/299
train Loss: 0.7117
valid Loss: 0.6568
----------
Epoch 267/299
train Loss: 0.7103
valid Loss: 0.6534
----------
Epoch 268/299
train Loss: 0.7207
valid Loss: 0.6576
----------
Epoch 269/299
train Loss: 0.7169
valid Loss: 0.6565
----------
Epoch 270/299
train Loss: 0.7097
valid Loss: 0.6562
----------
Epoch 271/299
train Loss: 0.7139
valid Loss: 0.6564
----------
Epoch 272/299
train Loss: 0.7167
valid Loss: 0.6567
----------
Epoch 273/299
train Loss: 0.7151
valid Loss: 0.6566
----------
Epoch 274/299
train Loss: 0.7141
valid Loss: 0.6568
----------
Epoch 275/299
train Loss: 0.7098
valid Loss: 0.6559
----------
Epoch 276/299
train Loss: 0.7113
valid Loss: 0.6534
----------
Epoch 277/299
train Loss: 0.7125
valid Loss: 0.6570
----------
Epoch 278/299
train Loss: 0.7089
valid Loss: 0.6556
----------
Epoch 279/299
train Loss: 0.7119
valid Loss: 0.6564
----------
Epoch 280/299
train Loss: 0.7116
valid Loss: 0.6568
----------
Epoch 281/299
train Loss: 0.7148
valid Loss: 0.6570
----------
Epoch 282/299
train Loss: 0.7092
valid Loss: 0.6563
----------
Epoch 283/299
train Loss: 0.7072
valid Loss: 0.6559
----------
Epoch 284/299
train Loss: 0.7103
valid Loss: 0.6543
----------
Epoch 285/299
train Loss: 0.7129
valid Loss: 0.6548
----------
Epoch 286/299
train Loss: 0.7094
valid Loss: 0.6559
----------
Epoch 287/299
train Loss: 0.7101
valid Loss: 0.6553
----------
Epoch 288/299
train Loss: 0.7138
valid Loss: 0.6561
----------
Epoch 289/299
train Loss: 0.7122
valid Loss: 0.6567
----------
Epoch 290/299
train Loss: 0.7132
valid Loss: 0.6550
----------
Epoch 291/299
train Loss: 0.7161
valid Loss: 0.6556
----------
Epoch 292/299
train Loss: 0.7140
valid Loss: 0.6557
----------
Epoch 293/299
train Loss: 0.7102
valid Loss: 0.6532
----------
Epoch 294/299
train Loss: 0.7069
valid Loss: 0.6553
----------
Epoch 295/299
train Loss: 0.7116
valid Loss: 0.6564
----------
Epoch 296/299
train Loss: 0.7066
valid Loss: 0.6557
----------
Epoch 297/299
train Loss: 0.7052
valid Loss: 0.6554
----------
Epoch 298/299
train Loss: 0.7092
valid Loss: 0.6559
----------
Epoch 299/299
train Loss: 0.7032
valid Loss: 0.6569
