model dir: /broad/liulabdata/Angus_Li/Playground/TadCBE/bystander_BE4max_MN_A_0/
Hyperparameters: {'context_feature': True, 'fullcontext_feature': False, 'position_feature': True, 'context_radii': 7, 'encoder_hidden_sizes': [16, 16], 'decoder_hidden_sizes': [64, 64, 64, 64], 'dropout_p': 0.05, 'learning_rate': 0.0002, 'exponential_lr_decay': 1, 'plateau_patience': 5, 'plateau_threshold': 0.001, 'plateau_factor': 0.5, 'batch_size': 5, 'num_epochs': 300, 'training_fraction': 1.0}
x_dim: 90
y_mask_dim: 180
train_test_id: 0
----------
Epoch 0/299
train Loss: 1.3752
valid Loss: 1.0124
----------
Epoch 1/299
train Loss: 0.8938
valid Loss: 0.8315
----------
Epoch 2/299
train Loss: 0.8708
valid Loss: 0.8260
----------
Epoch 3/299
train Loss: 0.8670
valid Loss: 0.8247
----------
Epoch 4/299
train Loss: 0.8653
valid Loss: 0.8224
----------
Epoch 5/299
train Loss: 0.8626
valid Loss: 0.8192
----------
Epoch 6/299
train Loss: 0.8633
valid Loss: 0.8203
----------
Epoch 7/299
train Loss: 0.8606
valid Loss: 0.8189
----------
Epoch 8/299
train Loss: 0.8580
valid Loss: 0.8180
----------
Epoch 9/299
train Loss: 0.8512
valid Loss: 0.8178
----------
Epoch 10/299
train Loss: 0.8550
valid Loss: 0.8167
----------
Epoch 11/299
train Loss: 0.8535
valid Loss: 0.8170
----------
Epoch 12/299
train Loss: 0.8552
valid Loss: 0.8150
----------
Epoch 13/299
train Loss: 0.8515
valid Loss: 0.8152
----------
Epoch 14/299
train Loss: 0.8524
valid Loss: 0.8135
----------
Epoch 15/299
train Loss: 0.8489
valid Loss: 0.8129
----------
Epoch 16/299
train Loss: 0.8489
valid Loss: 0.8123
----------
Epoch 17/299
train Loss: 0.8456
valid Loss: 0.8122
----------
Epoch 18/299
train Loss: 0.8484
valid Loss: 0.8098
----------
Epoch 19/299
train Loss: 0.8415
valid Loss: 0.8103
----------
Epoch 20/299
train Loss: 0.8434
valid Loss: 0.8105
----------
Epoch 21/299
train Loss: 0.8452
valid Loss: 0.8069
----------
Epoch 22/299
train Loss: 0.8408
valid Loss: 0.8090
----------
Epoch 23/299
train Loss: 0.8386
valid Loss: 0.8107
----------
Epoch 24/299
train Loss: 0.8389
valid Loss: 0.8077
----------
Epoch 25/299
train Loss: 0.8376
valid Loss: 0.8088
----------
Epoch 26/299
train Loss: 0.8364
valid Loss: 0.8076
----------
Epoch 27/299
train Loss: 0.8398
valid Loss: 0.8059
----------
Epoch 28/299
train Loss: 0.8367
valid Loss: 0.8039
----------
Epoch 29/299
train Loss: 0.8359
valid Loss: 0.8059
----------
Epoch 30/299
train Loss: 0.8306
valid Loss: 0.8045
----------
Epoch 31/299
train Loss: 0.8347
valid Loss: 0.8049
----------
Epoch 32/299
train Loss: 0.8327
valid Loss: 0.8013
----------
Epoch 33/299
train Loss: 0.8309
valid Loss: 0.8026
----------
Epoch 34/299
train Loss: 0.8322
valid Loss: 0.8023
----------
Epoch 35/299
train Loss: 0.8310
valid Loss: 0.8034
----------
Epoch 36/299
train Loss: 0.8316
valid Loss: 0.8032
----------
Epoch 37/299
train Loss: 0.8309
valid Loss: 0.8034
----------
Epoch 38/299
train Loss: 0.8294
valid Loss: 0.8013
----------
Epoch 39/299
train Loss: 0.8321
valid Loss: 0.8005
----------
Epoch 40/299
train Loss: 0.8328
valid Loss: 0.7993
----------
Epoch 41/299
train Loss: 0.8246
valid Loss: 0.8007
----------
Epoch 42/299
train Loss: 0.8306
valid Loss: 0.8005
----------
Epoch 43/299
train Loss: 0.8293
valid Loss: 0.7993
----------
Epoch 44/299
train Loss: 0.8289
valid Loss: 0.7987
----------
Epoch 45/299
train Loss: 0.8220
valid Loss: 0.7994
----------
Epoch 46/299
train Loss: 0.8277
valid Loss: 0.7973
----------
Epoch 47/299
train Loss: 0.8231
valid Loss: 0.7985
----------
Epoch 48/299
train Loss: 0.8227
valid Loss: 0.7973
----------
Epoch 49/299
train Loss: 0.8217
valid Loss: 0.7948
----------
Epoch 50/299
train Loss: 0.8266
valid Loss: 0.7962
----------
Epoch 51/299
train Loss: 0.8229
valid Loss: 0.7948
----------
Epoch 52/299
train Loss: 0.8244
valid Loss: 0.7933
----------
Epoch 53/299
train Loss: 0.8235
valid Loss: 0.7941
----------
Epoch 54/299
train Loss: 0.8236
valid Loss: 0.7939
----------
Epoch 55/299
train Loss: 0.8226
valid Loss: 0.7955
----------
Epoch 56/299
train Loss: 0.8158
valid Loss: 0.7948
----------
Epoch 57/299
train Loss: 0.8217
valid Loss: 0.7927
----------
Epoch 58/299
train Loss: 0.8179
valid Loss: 0.7922
----------
Epoch 59/299
train Loss: 0.8181
valid Loss: 0.7917
----------
Epoch 60/299
train Loss: 0.8143
valid Loss: 0.7921
----------
Epoch 61/299
train Loss: 0.8190
valid Loss: 0.7884
----------
Epoch 62/299
train Loss: 0.8199
valid Loss: 0.7920
----------
Epoch 63/299
train Loss: 0.8203
valid Loss: 0.7911
----------
Epoch 64/299
train Loss: 0.8159
valid Loss: 0.7912
----------
Epoch 65/299
train Loss: 0.8179
valid Loss: 0.7890
----------
Epoch 66/299
train Loss: 0.8136
valid Loss: 0.7899
----------
Epoch 67/299
train Loss: 0.8143
valid Loss: 0.7894
----------
Epoch 68/299
train Loss: 0.8177
valid Loss: 0.7869
----------
Epoch 69/299
train Loss: 0.8197
valid Loss: 0.7897
----------
Epoch 70/299
train Loss: 0.8078
valid Loss: 0.7901
----------
Epoch 71/299
train Loss: 0.8174
valid Loss: 0.7879
----------
Epoch 72/299
train Loss: 0.8104
valid Loss: 0.7876
----------
Epoch 73/299
train Loss: 0.8124
valid Loss: 0.7855
----------
Epoch 74/299
train Loss: 0.8053
valid Loss: 0.7832
----------
Epoch 75/299
train Loss: 0.8129
valid Loss: 0.7862
----------
Epoch 76/299
train Loss: 0.8087
valid Loss: 0.7866
----------
Epoch 77/299
train Loss: 0.8125
valid Loss: 0.7843
----------
Epoch 78/299
train Loss: 0.8110
valid Loss: 0.7840
----------
Epoch 79/299
train Loss: 0.8100
valid Loss: 0.7822
----------
Epoch 80/299
train Loss: 0.8101
valid Loss: 0.7841
----------
Epoch 81/299
train Loss: 0.8163
valid Loss: 0.7832
----------
Epoch 82/299
train Loss: 0.8056
valid Loss: 0.7822
----------
Epoch 83/299
train Loss: 0.8074
valid Loss: 0.7833
----------
Epoch 84/299
train Loss: 0.8065
valid Loss: 0.7833
----------
Epoch 85/299
train Loss: 0.8066
valid Loss: 0.7811
----------
Epoch 86/299
train Loss: 0.8015
valid Loss: 0.7798
----------
Epoch 87/299
train Loss: 0.8064
valid Loss: 0.7815
----------
Epoch 88/299
train Loss: 0.8036
valid Loss: 0.7795
----------
Epoch 89/299
train Loss: 0.8052
valid Loss: 0.7796
----------
Epoch 90/299
train Loss: 0.8029
valid Loss: 0.7788
----------
Epoch 91/299
train Loss: 0.8053
valid Loss: 0.7805
----------
Epoch 92/299
train Loss: 0.7988
valid Loss: 0.7786
----------
Epoch 93/299
train Loss: 0.8005
valid Loss: 0.7766
----------
Epoch 94/299
train Loss: 0.8003
valid Loss: 0.7766
----------
Epoch 95/299
train Loss: 0.8020
valid Loss: 0.7761
----------
Epoch 96/299
train Loss: 0.8052
valid Loss: 0.7780
----------
Epoch 97/299
train Loss: 0.8000
valid Loss: 0.7767
----------
Epoch 98/299
train Loss: 0.8010
valid Loss: 0.7747
----------
Epoch 99/299
train Loss: 0.8021
valid Loss: 0.7764
----------
Epoch 100/299
train Loss: 0.7986
valid Loss: 0.7744
----------
Epoch 101/299
train Loss: 0.7984
valid Loss: 0.7741
----------
Epoch 102/299
train Loss: 0.8012
valid Loss: 0.7723
----------
Epoch 103/299
train Loss: 0.8023
valid Loss: 0.7712
----------
Epoch 104/299
train Loss: 0.7977
valid Loss: 0.7730
----------
Epoch 105/299
train Loss: 0.7972
valid Loss: 0.7726
----------
Epoch 106/299
train Loss: 0.8010
valid Loss: 0.7745
----------
Epoch 107/299
train Loss: 0.7990
valid Loss: 0.7723
----------
Epoch 108/299
train Loss: 0.7959
valid Loss: 0.7717
----------
Epoch 109/299
train Loss: 0.8012
valid Loss: 0.7707
----------
Epoch 110/299
train Loss: 0.7934
valid Loss: 0.7702
----------
Epoch 111/299
train Loss: 0.7939
valid Loss: 0.7702
----------
Epoch 112/299
train Loss: 0.7905
valid Loss: 0.7696
----------
Epoch 113/299
train Loss: 0.7923
valid Loss: 0.7650
----------
Epoch 114/299
train Loss: 0.7925
valid Loss: 0.7676
----------
Epoch 115/299
train Loss: 0.7915
valid Loss: 0.7699
----------
Epoch 116/299
train Loss: 0.7904
valid Loss: 0.7690
----------
Epoch 117/299
train Loss: 0.7891
valid Loss: 0.7675
----------
Epoch 118/299
train Loss: 0.7920
valid Loss: 0.7696
----------
Epoch 119/299
train Loss: 0.7950
valid Loss: 0.7694
----------
Epoch 120/299
train Loss: 0.7912
valid Loss: 0.7663
----------
Epoch 121/299
train Loss: 0.7906
valid Loss: 0.7673
----------
Epoch 122/299
train Loss: 0.7870
valid Loss: 0.7658
----------
Epoch 123/299
train Loss: 0.7935
valid Loss: 0.7651
----------
Epoch 124/299
train Loss: 0.7880
valid Loss: 0.7671
----------
Epoch 125/299
train Loss: 0.7863
valid Loss: 0.7643
----------
Epoch 126/299
train Loss: 0.7873
valid Loss: 0.7659
----------
Epoch 127/299
train Loss: 0.7885
valid Loss: 0.7646
----------
Epoch 128/299
train Loss: 0.7866
valid Loss: 0.7647
----------
Epoch 129/299
train Loss: 0.7840
valid Loss: 0.7646
----------
Epoch 130/299
train Loss: 0.7857
valid Loss: 0.7623
----------
Epoch 131/299
train Loss: 0.7873
valid Loss: 0.7610
----------
Epoch 132/299
train Loss: 0.7843
valid Loss: 0.7598
----------
Epoch 133/299
train Loss: 0.7825
valid Loss: 0.7592
----------
Epoch 134/299
train Loss: 0.7810
valid Loss: 0.7617
----------
Epoch 135/299
train Loss: 0.7840
valid Loss: 0.7614
----------
Epoch 136/299
train Loss: 0.7884
valid Loss: 0.7628
----------
Epoch 137/299
train Loss: 0.7873
valid Loss: 0.7598
----------
Epoch 138/299
train Loss: 0.7788
valid Loss: 0.7600
----------
Epoch 139/299
train Loss: 0.7830
valid Loss: 0.7574
----------
Epoch 140/299
train Loss: 0.7826
valid Loss: 0.7588
----------
Epoch 141/299
train Loss: 0.7823
valid Loss: 0.7586
----------
Epoch 142/299
train Loss: 0.7856
valid Loss: 0.7571
----------
Epoch 143/299
train Loss: 0.7769
valid Loss: 0.7561
----------
Epoch 144/299
train Loss: 0.7781
valid Loss: 0.7546
----------
Epoch 145/299
train Loss: 0.7793
valid Loss: 0.7541
----------
Epoch 146/299
train Loss: 0.7766
valid Loss: 0.7619
----------
Epoch 147/299
train Loss: 0.7793
valid Loss: 0.7560
----------
Epoch 148/299
train Loss: 0.7796
valid Loss: 0.7548
----------
Epoch 149/299
train Loss: 0.7789
valid Loss: 0.7549
----------
Epoch 150/299
train Loss: 0.7767
valid Loss: 0.7560
----------
Epoch 151/299
train Loss: 0.7733
valid Loss: 0.7541
----------
Epoch 152/299
train Loss: 0.7734
valid Loss: 0.7516
----------
Epoch 153/299
train Loss: 0.7747
valid Loss: 0.7514
----------
Epoch 154/299
train Loss: 0.7766
valid Loss: 0.7516
----------
Epoch 155/299
train Loss: 0.7735
valid Loss: 0.7499
----------
Epoch 156/299
train Loss: 0.7753
valid Loss: 0.7496
----------
Epoch 157/299
train Loss: 0.7724
valid Loss: 0.7518
----------
Epoch 158/299
train Loss: 0.7759
valid Loss: 0.7510
----------
Epoch 159/299
train Loss: 0.7743
valid Loss: 0.7510
----------
Epoch 160/299
train Loss: 0.7733
valid Loss: 0.7515
----------
Epoch 161/299
train Loss: 0.7773
valid Loss: 0.7477
----------
Epoch 162/299
train Loss: 0.7727
valid Loss: 0.7522
----------
Epoch 163/299
train Loss: 0.7718
valid Loss: 0.7472
----------
Epoch 164/299
train Loss: 0.7716
valid Loss: 0.7486
----------
Epoch 165/299
train Loss: 0.7697
valid Loss: 0.7485
----------
Epoch 166/299
train Loss: 0.7699
valid Loss: 0.7482
----------
Epoch 167/299
train Loss: 0.7697
valid Loss: 0.7453
----------
Epoch 168/299
train Loss: 0.7655
valid Loss: 0.7449
----------
Epoch 169/299
train Loss: 0.7693
valid Loss: 0.7431
----------
Epoch 170/299
train Loss: 0.7639
valid Loss: 0.7490
----------
Epoch 171/299
train Loss: 0.7691
valid Loss: 0.7448
----------
Epoch 172/299
train Loss: 0.7688
valid Loss: 0.7479
----------
Epoch 173/299
train Loss: 0.7678
valid Loss: 0.7461
----------
Epoch 174/299
train Loss: 0.7676
valid Loss: 0.7459
----------
Epoch 175/299
train Loss: 0.7647
valid Loss: 0.7389
----------
Epoch 176/299
train Loss: 0.7659
valid Loss: 0.7431
----------
Epoch 177/299
train Loss: 0.7677
valid Loss: 0.7423
----------
Epoch 178/299
train Loss: 0.7662
valid Loss: 0.7406
----------
Epoch 179/299
train Loss: 0.7631
valid Loss: 0.7406
----------
Epoch 180/299
train Loss: 0.7623
valid Loss: 0.7422
----------
Epoch 181/299
train Loss: 0.7638
valid Loss: 0.7436
----------
Epoch 182/299
train Loss: 0.7600
valid Loss: 0.7418
----------
Epoch 183/299
train Loss: 0.7658
valid Loss: 0.7419
----------
Epoch 184/299
train Loss: 0.7622
valid Loss: 0.7416
----------
Epoch 185/299
train Loss: 0.7576
valid Loss: 0.7376
----------
Epoch 186/299
train Loss: 0.7587
valid Loss: 0.7388
----------
Epoch 187/299
train Loss: 0.7582
valid Loss: 0.7374
----------
Epoch 188/299
train Loss: 0.7605
valid Loss: 0.7374
----------
Epoch 189/299
train Loss: 0.7613
valid Loss: 0.7380
----------
Epoch 190/299
train Loss: 0.7643
valid Loss: 0.7354
----------
Epoch 191/299
train Loss: 0.7606
valid Loss: 0.7360
----------
Epoch 192/299
train Loss: 0.7587
valid Loss: 0.7343
----------
Epoch 193/299
train Loss: 0.7616
valid Loss: 0.7397
----------
Epoch 194/299
train Loss: 0.7571
valid Loss: 0.7358
----------
Epoch 195/299
train Loss: 0.7578
valid Loss: 0.7359
----------
Epoch 196/299
train Loss: 0.7603
valid Loss: 0.7336
----------
Epoch 197/299
train Loss: 0.7562
valid Loss: 0.7350
----------
Epoch 198/299
train Loss: 0.7592
valid Loss: 0.7322
----------
Epoch 199/299
train Loss: 0.7554
valid Loss: 0.7369
----------
Epoch 200/299
train Loss: 0.7562
valid Loss: 0.7319
----------
Epoch 201/299
train Loss: 0.7556
valid Loss: 0.7319
----------
Epoch 202/299
train Loss: 0.7562
valid Loss: 0.7303
----------
Epoch 203/299
train Loss: 0.7529
valid Loss: 0.7352
----------
Epoch 204/299
train Loss: 0.7538
valid Loss: 0.7284
----------
Epoch 205/299
train Loss: 0.7562
valid Loss: 0.7337
----------
Epoch 206/299
train Loss: 0.7561
valid Loss: 0.7311
----------
Epoch 207/299
train Loss: 0.7553
valid Loss: 0.7282
----------
Epoch 208/299
train Loss: 0.7520
valid Loss: 0.7301
----------
Epoch 209/299
train Loss: 0.7530
valid Loss: 0.7322
----------
Epoch 210/299
train Loss: 0.7572
valid Loss: 0.7270
----------
Epoch 211/299
train Loss: 0.7511
valid Loss: 0.7281
----------
Epoch 212/299
train Loss: 0.7529
valid Loss: 0.7287
----------
Epoch 213/299
train Loss: 0.7519
valid Loss: 0.7297
----------
Epoch 214/299
train Loss: 0.7494
valid Loss: 0.7276
----------
Epoch 215/299
train Loss: 0.7514
valid Loss: 0.7268
----------
Epoch 216/299
train Loss: 0.7487
valid Loss: 0.7291
----------
Epoch 217/299
train Loss: 0.7493
valid Loss: 0.7259
----------
Epoch 218/299
train Loss: 0.7466
valid Loss: 0.7258
----------
Epoch 219/299
train Loss: 0.7501
valid Loss: 0.7276
----------
Epoch 220/299
train Loss: 0.7535
valid Loss: 0.7259
----------
Epoch 221/299
train Loss: 0.7494
valid Loss: 0.7269
----------
Epoch 222/299
train Loss: 0.7461
valid Loss: 0.7272
----------
Epoch 223/299
train Loss: 0.7512
valid Loss: 0.7242
----------
Epoch 224/299
train Loss: 0.7442
valid Loss: 0.7224
----------
Epoch 225/299
train Loss: 0.7474
valid Loss: 0.7242
----------
Epoch 226/299
train Loss: 0.7445
valid Loss: 0.7263
----------
Epoch 227/299
train Loss: 0.7457
valid Loss: 0.7228
----------
Epoch 228/299
train Loss: 0.7445
valid Loss: 0.7268
----------
Epoch 229/299
train Loss: 0.7429
valid Loss: 0.7218
----------
Epoch 230/299
train Loss: 0.7433
valid Loss: 0.7233
----------
Epoch 231/299
train Loss: 0.7448
valid Loss: 0.7226
----------
Epoch 232/299
train Loss: 0.7413
valid Loss: 0.7190
----------
Epoch 233/299
train Loss: 0.7417
valid Loss: 0.7205
----------
Epoch 234/299
train Loss: 0.7398
valid Loss: 0.7221
----------
Epoch 235/299
train Loss: 0.7433
valid Loss: 0.7207
----------
Epoch 236/299
train Loss: 0.7423
valid Loss: 0.7192
----------
Epoch 237/299
train Loss: 0.7386
valid Loss: 0.7236
----------
Epoch 238/299
train Loss: 0.7387
valid Loss: 0.7184
----------
Epoch 239/299
train Loss: 0.7374
valid Loss: 0.7180
----------
Epoch 240/299
train Loss: 0.7421
valid Loss: 0.7179
----------
Epoch 241/299
train Loss: 0.7422
valid Loss: 0.7189
----------
Epoch 242/299
train Loss: 0.7442
valid Loss: 0.7216
----------
Epoch 243/299
train Loss: 0.7412
valid Loss: 0.7150
----------
Epoch 244/299
train Loss: 0.7406
valid Loss: 0.7174
----------
Epoch 245/299
train Loss: 0.7426
valid Loss: 0.7159
----------
Epoch 246/299
train Loss: 0.7401
valid Loss: 0.7183
----------
Epoch 247/299
train Loss: 0.7373
valid Loss: 0.7139
----------
Epoch 248/299
train Loss: 0.7404
valid Loss: 0.7154
----------
Epoch 249/299
train Loss: 0.7418
valid Loss: 0.7178
----------
Epoch 250/299
train Loss: 0.7309
valid Loss: 0.7157
----------
Epoch 251/299
train Loss: 0.7367
valid Loss: 0.7143
----------
Epoch 252/299
train Loss: 0.7321
valid Loss: 0.7167
----------
Epoch 253/299
train Loss: 0.7358
valid Loss: 0.7145
----------
Epoch 254/299
train Loss: 0.7366
valid Loss: 0.7216
----------
Epoch 255/299
train Loss: 0.7383
valid Loss: 0.7163
----------
Epoch 256/299
train Loss: 0.7381
valid Loss: 0.7132
----------
Epoch 257/299
train Loss: 0.7369
valid Loss: 0.7120
----------
Epoch 258/299
train Loss: 0.7328
valid Loss: 0.7121
----------
Epoch 259/299
train Loss: 0.7357
valid Loss: 0.7151
----------
Epoch 260/299
train Loss: 0.7386
valid Loss: 0.7104
----------
Epoch 261/299
train Loss: 0.7366
valid Loss: 0.7105
----------
Epoch 262/299
train Loss: 0.7396
valid Loss: 0.7114
----------
Epoch 263/299
train Loss: 0.7315
valid Loss: 0.7089
----------
Epoch 264/299
train Loss: 0.7305
valid Loss: 0.7130
----------
Epoch 265/299
train Loss: 0.7326
valid Loss: 0.7108
----------
Epoch 266/299
train Loss: 0.7270
valid Loss: 0.7124
----------
Epoch 267/299
train Loss: 0.7313
valid Loss: 0.7113
----------
Epoch 268/299
train Loss: 0.7320
valid Loss: 0.7091
----------
Epoch 269/299
train Loss: 0.7326
valid Loss: 0.7101
----------
Epoch 270/299
train Loss: 0.7260
valid Loss: 0.7063
----------
Epoch 271/299
train Loss: 0.7289
valid Loss: 0.7094
----------
Epoch 272/299
train Loss: 0.7286
valid Loss: 0.7096
----------
Epoch 273/299
train Loss: 0.7273
valid Loss: 0.7086
----------
Epoch 274/299
train Loss: 0.7330
valid Loss: 0.7115
----------
Epoch 275/299
train Loss: 0.7321
valid Loss: 0.7085
----------
Epoch 276/299
train Loss: 0.7339
valid Loss: 0.7121
----------
Epoch 277/299
train Loss: 0.7325
valid Loss: 0.7078
----------
Epoch 278/299
train Loss: 0.7262
valid Loss: 0.7079
----------
Epoch 279/299
train Loss: 0.7269
valid Loss: 0.7045
----------
Epoch 280/299
train Loss: 0.7289
valid Loss: 0.7051
----------
Epoch 281/299
train Loss: 0.7303
valid Loss: 0.7027
----------
Epoch 282/299
train Loss: 0.7281
valid Loss: 0.7058
----------
Epoch 283/299
train Loss: 0.7227
valid Loss: 0.7061
----------
Epoch 284/299
train Loss: 0.7261
valid Loss: 0.7029
----------
Epoch 285/299
train Loss: 0.7262
valid Loss: 0.7049
----------
Epoch 286/299
train Loss: 0.7301
valid Loss: 0.7049
----------
Epoch 287/299
train Loss: 0.7219
valid Loss: 0.7046
----------
Epoch 288/299
train Loss: 0.7269
valid Loss: 0.7064
----------
Epoch 289/299
train Loss: 0.7230
valid Loss: 0.7075
----------
Epoch 290/299
train Loss: 0.7224
valid Loss: 0.7010
----------
Epoch 291/299
train Loss: 0.7246
valid Loss: 0.7037
----------
Epoch 292/299
train Loss: 0.7253
valid Loss: 0.7045
----------
Epoch 293/299
train Loss: 0.7277
valid Loss: 0.7023
----------
Epoch 294/299
train Loss: 0.7198
valid Loss: 0.7003
----------
Epoch 295/299
train Loss: 0.7237
valid Loss: 0.7011
----------
Epoch 296/299
train Loss: 0.7213
valid Loss: 0.7039
----------
Epoch 297/299
train Loss: 0.7196
valid Loss: 0.7008
----------
Epoch 298/299
train Loss: 0.7231
valid Loss: 0.7029
----------
Epoch 299/299
train Loss: 0.7205
valid Loss: 0.7020
