model dir: /broad/liulabdata/Angus_Li/Playground/TadCBE/bystander_TadCBEb_V106W_0/
Hyperparameters: {'context_feature': True, 'fullcontext_feature': False, 'position_feature': True, 'context_radii': 7, 'encoder_hidden_sizes': [16, 16], 'decoder_hidden_sizes': [64, 64, 64, 64], 'dropout_p': 0.05, 'learning_rate': 0.0002, 'exponential_lr_decay': 1, 'plateau_patience': 5, 'plateau_threshold': 0.001, 'plateau_factor': 0.5, 'batch_size': 5, 'num_epochs': 300, 'training_fraction': 1.0}
x_dim: 90
y_mask_dim: 180
train_test_id: 0
----------
Epoch 0/299
train Loss: 0.4132
valid Loss: 0.1328
----------
Epoch 1/299
train Loss: 0.0401
valid Loss: 0.0502
----------
Epoch 2/299
train Loss: 0.0210
valid Loss: 0.0482
----------
Epoch 3/299
train Loss: 0.0216
valid Loss: 0.0443
----------
Epoch 4/299
train Loss: 0.0122
valid Loss: 0.0427
----------
Epoch 5/299
train Loss: 0.0129
valid Loss: 0.0434
----------
Epoch 6/299
train Loss: 0.0206
valid Loss: 0.0396
----------
Epoch 7/299
train Loss: 0.0128
valid Loss: 0.0389
----------
Epoch 8/299
train Loss: 0.0036
valid Loss: 0.0376
----------
Epoch 9/299
train Loss: 0.0075
valid Loss: 0.0344
----------
Epoch 10/299
train Loss: 0.0107
valid Loss: 0.0382
----------
Epoch 11/299
train Loss: 0.0102
valid Loss: 0.0351
----------
Epoch 12/299
train Loss: 0.0112
valid Loss: 0.0346
----------
Epoch 13/299
train Loss: -0.0018
valid Loss: 0.0347
----------
Epoch 14/299
train Loss: 0.0011
valid Loss: 0.0335
----------
Epoch 15/299
train Loss: 0.0018
valid Loss: 0.0325
----------
Epoch 16/299
train Loss: -0.0037
valid Loss: 0.0315
----------
Epoch 17/299
train Loss: -0.0025
valid Loss: 0.0307
----------
Epoch 18/299
train Loss: -0.0001
valid Loss: 0.0302
----------
Epoch 19/299
train Loss: 0.0001
valid Loss: 0.0295
----------
Epoch 20/299
train Loss: -0.0039
valid Loss: 0.0289
----------
Epoch 21/299
train Loss: -0.0046
valid Loss: 0.0278
----------
Epoch 22/299
train Loss: -0.0048
valid Loss: 0.0269
----------
Epoch 23/299
train Loss: -0.0076
valid Loss: 0.0265
----------
Epoch 24/299
train Loss: -0.0066
valid Loss: 0.0261
----------
Epoch 25/299
train Loss: -0.0051
valid Loss: 0.0301
----------
Epoch 26/299
train Loss: -0.0130
valid Loss: 0.0243
----------
Epoch 27/299
train Loss: -0.0130
valid Loss: 0.0235
----------
Epoch 28/299
train Loss: -0.0141
valid Loss: 0.0234
----------
Epoch 29/299
train Loss: -0.0154
valid Loss: 0.0214
----------
Epoch 30/299
train Loss: -0.0163
valid Loss: 0.0211
----------
Epoch 31/299
train Loss: -0.0063
valid Loss: 0.0201
----------
Epoch 32/299
train Loss: -0.0233
valid Loss: 0.0186
----------
Epoch 33/299
train Loss: -0.0124
valid Loss: 0.0196
----------
Epoch 34/299
train Loss: -0.0193
valid Loss: 0.0192
----------
Epoch 35/299
train Loss: -0.0177
valid Loss: 0.0179
----------
Epoch 36/299
train Loss: -0.0228
valid Loss: 0.0169
----------
Epoch 37/299
train Loss: -0.0226
valid Loss: 0.0162
----------
Epoch 38/299
train Loss: -0.0134
valid Loss: 0.0173
----------
Epoch 39/299
train Loss: -0.0249
valid Loss: 0.0158
----------
Epoch 40/299
train Loss: -0.0229
valid Loss: 0.0169
----------
Epoch 41/299
train Loss: -0.0231
valid Loss: 0.0143
----------
Epoch 42/299
train Loss: -0.0292
valid Loss: 0.0147
----------
Epoch 43/299
train Loss: -0.0279
valid Loss: 0.0131
----------
Epoch 44/299
train Loss: -0.0244
valid Loss: 0.0129
----------
Epoch 45/299
train Loss: -0.0194
valid Loss: 0.0122
----------
Epoch 46/299
train Loss: -0.0310
valid Loss: 0.0125
----------
Epoch 47/299
train Loss: -0.0322
valid Loss: 0.0117
----------
Epoch 48/299
train Loss: -0.0352
valid Loss: 0.0100
----------
Epoch 49/299
train Loss: -0.0297
valid Loss: 0.0104
----------
Epoch 50/299
train Loss: -0.0286
valid Loss: 0.0097
----------
Epoch 51/299
train Loss: -0.0303
valid Loss: 0.0087
----------
Epoch 52/299
train Loss: -0.0320
valid Loss: 0.0078
----------
Epoch 53/299
train Loss: -0.0367
valid Loss: 0.0089
----------
Epoch 54/299
train Loss: -0.0347
valid Loss: 0.0073
----------
Epoch 55/299
train Loss: -0.0381
valid Loss: 0.0058
----------
Epoch 56/299
train Loss: -0.0383
valid Loss: 0.0053
----------
Epoch 57/299
train Loss: -0.0435
valid Loss: 0.0038
----------
Epoch 58/299
train Loss: -0.0295
valid Loss: 0.0036
----------
Epoch 59/299
train Loss: -0.0385
valid Loss: 0.0023
----------
Epoch 60/299
train Loss: -0.0351
valid Loss: 0.0024
----------
Epoch 61/299
train Loss: -0.0373
valid Loss: 0.0015
----------
Epoch 62/299
train Loss: -0.0394
valid Loss: 0.0015
----------
Epoch 63/299
train Loss: -0.0431
valid Loss: 0.0003
----------
Epoch 64/299
train Loss: -0.0467
valid Loss: -0.0006
----------
Epoch 65/299
train Loss: -0.0527
valid Loss: -0.0014
----------
Epoch 66/299
train Loss: -0.0458
valid Loss: -0.0023
----------
Epoch 67/299
train Loss: -0.0524
valid Loss: -0.0037
----------
Epoch 68/299
train Loss: -0.0613
valid Loss: 0.0002
----------
Epoch 69/299
train Loss: -0.0564
valid Loss: -0.0043
----------
Epoch 70/299
train Loss: -0.0504
valid Loss: -0.0051
----------
Epoch 71/299
train Loss: -0.0545
valid Loss: -0.0059
----------
Epoch 72/299
train Loss: -0.0586
valid Loss: -0.0061
----------
Epoch 73/299
train Loss: -0.0496
valid Loss: -0.0078
----------
Epoch 74/299
train Loss: -0.0571
valid Loss: -0.0076
----------
Epoch 75/299
train Loss: -0.0582
valid Loss: -0.0092
----------
Epoch 76/299
train Loss: -0.0561
valid Loss: -0.0101
----------
Epoch 77/299
train Loss: -0.0617
valid Loss: -0.0103
----------
Epoch 78/299
train Loss: -0.0658
valid Loss: -0.0109
----------
Epoch 79/299
train Loss: -0.0544
valid Loss: -0.0112
----------
Epoch 80/299
train Loss: -0.0593
valid Loss: -0.0129
----------
Epoch 81/299
train Loss: -0.0675
valid Loss: -0.0045
----------
Epoch 82/299
train Loss: -0.0765
valid Loss: -0.0140
----------
Epoch 83/299
train Loss: -0.0695
valid Loss: -0.0166
----------
Epoch 84/299
train Loss: -0.0701
valid Loss: -0.0179
----------
Epoch 85/299
train Loss: -0.0739
valid Loss: -0.0185
----------
Epoch 86/299
train Loss: -0.0776
valid Loss: -0.0116
----------
Epoch 87/299
train Loss: -0.0671
valid Loss: -0.0180
----------
Epoch 88/299
train Loss: -0.0717
valid Loss: -0.0210
----------
Epoch 89/299
train Loss: -0.0710
valid Loss: -0.0211
----------
Epoch 90/299
