model dir: /broad/liulabdata/Angus_Li/Playground/TadCBE/bystander_TadCBEa_cheat_0/
Hyperparameters: {'context_feature': True, 'fullcontext_feature': False, 'position_feature': True, 'context_radii': 7, 'encoder_hidden_sizes': [16, 16], 'decoder_hidden_sizes': [64, 64, 64, 64], 'dropout_p': 0.05, 'learning_rate': 0.0002, 'exponential_lr_decay': 1, 'plateau_patience': 5, 'plateau_threshold': 0.001, 'plateau_factor': 0.5, 'batch_size': 5, 'num_epochs': 300, 'training_fraction': 1.0}
x_dim: 90
y_mask_dim: 180
train_test_id: 0
----------
Epoch 0/299
train Loss: 1.2373
valid Loss: 0.8276
----------
Epoch 1/299
train Loss: 0.7904
valid Loss: 0.7595
----------
Epoch 2/299
train Loss: 0.7635
valid Loss: 0.7445
----------
Epoch 3/299
train Loss: 0.7469
valid Loss: 0.7413
----------
Epoch 4/299
train Loss: 0.7392
valid Loss: 0.7404
----------
Epoch 5/299
train Loss: 0.7397
valid Loss: 0.7398
----------
Epoch 6/299
train Loss: 0.7354
valid Loss: 0.7376
----------
Epoch 7/299
train Loss: 0.7325
valid Loss: 0.7361
----------
Epoch 8/299
train Loss: 0.7309
valid Loss: 0.7346
----------
Epoch 9/299
train Loss: 0.7271
valid Loss: 0.7337
----------
Epoch 10/299
train Loss: 0.7272
valid Loss: 0.7231
----------
Epoch 11/299
train Loss: 0.7182
valid Loss: 0.7311
----------
Epoch 12/299
train Loss: 0.7271
valid Loss: 0.7326
----------
Epoch 13/299
train Loss: 0.7210
valid Loss: 0.7319
----------
Epoch 14/299
train Loss: 0.7243
valid Loss: 0.7308
----------
Epoch 15/299
train Loss: 0.7217
valid Loss: 0.7298
----------
Epoch 16/299
train Loss: 0.7238
valid Loss: 0.7301
----------
Epoch 17/299
train Loss: 0.7209
valid Loss: 0.7266
----------
Epoch 18/299
train Loss: 0.7188
valid Loss: 0.7287
----------
Epoch 19/299
train Loss: 0.7232
valid Loss: 0.7281
----------
Epoch 20/299
train Loss: 0.7094
valid Loss: 0.7267
----------
Epoch 21/299
train Loss: 0.7245
valid Loss: 0.7271
----------
Epoch 22/299
train Loss: 0.7124
valid Loss: 0.7268
----------
Epoch 23/299
train Loss: 0.7098
valid Loss: 0.7265
----------
Epoch 24/299
train Loss: 0.7118
valid Loss: 0.7236
----------
Epoch 25/299
train Loss: 0.7095
valid Loss: 0.7259
----------
Epoch 26/299
train Loss: 0.7107
valid Loss: 0.7258
----------
Epoch 27/299
train Loss: 0.7049
valid Loss: 0.7238
----------
Epoch 28/299
train Loss: 0.7102
valid Loss: 0.7235
----------
Epoch 29/299
train Loss: 0.7121
valid Loss: 0.7244
----------
Epoch 30/299
train Loss: 0.7124
valid Loss: 0.7243
----------
Epoch 31/299
train Loss: 0.7037
valid Loss: 0.7250
----------
Epoch 32/299
train Loss: 0.7131
valid Loss: 0.7240
----------
Epoch 33/299
train Loss: 0.7077
valid Loss: 0.7240
----------
Epoch 34/299
train Loss: 0.7034
valid Loss: 0.7234
----------
Epoch 35/299
train Loss: 0.7063
valid Loss: 0.7234
----------
Epoch 36/299
train Loss: 0.7037
valid Loss: 0.7229
----------
Epoch 37/299
train Loss: 0.7017
valid Loss: 0.7206
----------
Epoch 38/299
train Loss: 0.6988
valid Loss: 0.7195
----------
Epoch 39/299
train Loss: 0.6988
valid Loss: 0.7213
----------
Epoch 40/299
train Loss: 0.7018
valid Loss: 0.7206
----------
Epoch 41/299
train Loss: 0.7006
valid Loss: 0.7174
----------
Epoch 42/299
train Loss: 0.7033
valid Loss: 0.7183
----------
Epoch 43/299
train Loss: 0.6999
valid Loss: 0.7185
----------
Epoch 44/299
train Loss: 0.6999
valid Loss: 0.7186
----------
Epoch 45/299
train Loss: 0.7060
valid Loss: 0.7196
----------
Epoch 46/299
train Loss: 0.6984
valid Loss: 0.7182
----------
Epoch 47/299
train Loss: 0.7002
valid Loss: 0.7190
----------
Epoch 48/299
train Loss: 0.6975
valid Loss: 0.7189
----------
Epoch 49/299
train Loss: 0.6969
valid Loss: 0.7166
----------
Epoch 50/299
train Loss: 0.6945
valid Loss: 0.7177
----------
Epoch 51/299
train Loss: 0.6998
valid Loss: 0.7172
----------
Epoch 52/299
train Loss: 0.6986
valid Loss: 0.7172
----------
Epoch 53/299
train Loss: 0.6854
valid Loss: 0.7152
----------
Epoch 54/299
train Loss: 0.6986
valid Loss: 0.7166
----------
Epoch 55/299
train Loss: 0.6901
valid Loss: 0.7166
----------
Epoch 56/299
train Loss: 0.6937
valid Loss: 0.7164
----------
Epoch 57/299
train Loss: 0.6942
valid Loss: 0.7143
----------
Epoch 58/299
train Loss: 0.6914
valid Loss: 0.7160
----------
Epoch 59/299
train Loss: 0.6968
valid Loss: 0.7158
----------
Epoch 60/299
train Loss: 0.6870
valid Loss: 0.7160
----------
Epoch 61/299
train Loss: 0.6938
valid Loss: 0.7151
----------
Epoch 62/299
train Loss: 0.6951
valid Loss: 0.7153
----------
Epoch 63/299
train Loss: 0.6914
valid Loss: 0.7108
----------
Epoch 64/299
train Loss: 0.6934
valid Loss: 0.7148
----------
Epoch 65/299
train Loss: 0.6867
valid Loss: 0.7136
----------
Epoch 66/299
train Loss: 0.6968
valid Loss: 0.7140
----------
Epoch 67/299
train Loss: 0.6897
valid Loss: 0.7136
----------
Epoch 68/299
train Loss: 0.6911
valid Loss: 0.7140
----------
Epoch 69/299
train Loss: 0.6884
valid Loss: 0.7133
----------
Epoch 70/299
train Loss: 0.6917
valid Loss: 0.7125
----------
Epoch 71/299
train Loss: 0.6934
valid Loss: 0.7123
----------
Epoch 72/299
train Loss: 0.6983
valid Loss: 0.7123
----------
Epoch 73/299
train Loss: 0.6967
valid Loss: 0.7110
----------
Epoch 74/299
train Loss: 0.6836
valid Loss: 0.7116
----------
Epoch 75/299
train Loss: 0.6860
valid Loss: 0.7109
----------
Epoch 76/299
train Loss: 0.6889
valid Loss: 0.7112
----------
Epoch 77/299
train Loss: 0.6890
valid Loss: 0.7111
----------
Epoch 78/299
train Loss: 0.6928
valid Loss: 0.7106
----------
Epoch 79/299
train Loss: 0.6847
valid Loss: 0.7102
----------
Epoch 80/299
train Loss: 0.6891
valid Loss: 0.7089
----------
Epoch 81/299
train Loss: 0.6861
valid Loss: 0.7105
----------
Epoch 82/299
train Loss: 0.6858
valid Loss: 0.7079
----------
Epoch 83/299
train Loss: 0.6848
valid Loss: 0.7069
----------
Epoch 84/299
train Loss: 0.6866
valid Loss: 0.7092
----------
Epoch 85/299
train Loss: 0.6831
valid Loss: 0.7090
----------
Epoch 86/299
train Loss: 0.6899
valid Loss: 0.7089
----------
Epoch 87/299
train Loss: 0.6785
valid Loss: 0.7078
----------
Epoch 88/299
train Loss: 0.6816
valid Loss: 0.7082
----------
Epoch 89/299
train Loss: 0.6832
valid Loss: 0.7077
----------
Epoch 90/299
train Loss: 0.6776
valid Loss: 0.7068
----------
Epoch 91/299
train Loss: 0.6849
valid Loss: 0.7070
----------
Epoch 92/299
train Loss: 0.6841
valid Loss: 0.7065
----------
Epoch 93/299
train Loss: 0.6813
valid Loss: 0.7056
----------
Epoch 94/299
train Loss: 0.6759
valid Loss: 0.7063
----------
Epoch 95/299
train Loss: 0.6729
valid Loss: 0.7061
----------
Epoch 96/299
train Loss: 0.6827
valid Loss: 0.7036
----------
Epoch 97/299
train Loss: 0.6798
valid Loss: 0.7043
----------
Epoch 98/299
train Loss: 0.6806
valid Loss: 0.7045
----------
Epoch 99/299
train Loss: 0.6735
valid Loss: 0.7046
----------
Epoch 100/299
train Loss: 0.6792
valid Loss: 0.7043
----------
Epoch 101/299
train Loss: 0.6736
valid Loss: 0.7033
----------
Epoch 102/299
train Loss: 0.6747
valid Loss: 0.7044
----------
Epoch 103/299
train Loss: 0.6809
valid Loss: 0.7014
----------
Epoch 104/299
train Loss: 0.6748
valid Loss: 0.7023
----------
Epoch 105/299
train Loss: 0.6811
valid Loss: 0.7014
----------
Epoch 106/299
train Loss: 0.6731
valid Loss: 0.7020
----------
Epoch 107/299
train Loss: 0.6767
valid Loss: 0.7007
----------
Epoch 108/299
train Loss: 0.6714
valid Loss: 0.7015
----------
Epoch 109/299
train Loss: 0.6750
valid Loss: 0.7001
----------
Epoch 110/299
train Loss: 0.6772
valid Loss: 0.7021
----------
Epoch 111/299
train Loss: 0.6742
valid Loss: 0.6999
----------
Epoch 112/299
train Loss: 0.6790
valid Loss: 0.7008
----------
Epoch 113/299
train Loss: 0.6691
valid Loss: 0.7001
----------
Epoch 114/299
train Loss: 0.6732
valid Loss: 0.6999
----------
Epoch 115/299
train Loss: 0.6724
valid Loss: 0.6999
----------
Epoch 116/299
train Loss: 0.6733
valid Loss: 0.6988
----------
Epoch 117/299
train Loss: 0.6712
valid Loss: 0.6991
----------
Epoch 118/299
train Loss: 0.6743
valid Loss: 0.6989
----------
Epoch 119/299
train Loss: 0.6712
valid Loss: 0.6988
----------
Epoch 120/299
train Loss: 0.6657
valid Loss: 0.6992
----------
Epoch 121/299
train Loss: 0.6680
valid Loss: 0.6975
----------
Epoch 122/299
train Loss: 0.6706
valid Loss: 0.6985
----------
Epoch 123/299
train Loss: 0.6736
valid Loss: 0.6980
----------
Epoch 124/299
train Loss: 0.6716
valid Loss: 0.6963
----------
Epoch 125/299
train Loss: 0.6692
valid Loss: 0.6972
----------
Epoch 126/299
train Loss: 0.6689
valid Loss: 0.6971
----------
Epoch 127/299
train Loss: 0.6661
valid Loss: 0.6949
----------
Epoch 128/299
train Loss: 0.6586
valid Loss: 0.6956
----------
Epoch 129/299
train Loss: 0.6706
valid Loss: 0.6968
----------
Epoch 130/299
train Loss: 0.6683
valid Loss: 0.6964
----------
Epoch 131/299
train Loss: 0.6685
valid Loss: 0.6950
----------
Epoch 132/299
train Loss: 0.6631
valid Loss: 0.6945
----------
Epoch 133/299
train Loss: 0.6638
valid Loss: 0.6950
----------
Epoch 134/299
train Loss: 0.6644
valid Loss: 0.6945
----------
Epoch 135/299
train Loss: 0.6651
valid Loss: 0.6940
----------
Epoch 136/299
train Loss: 0.6626
valid Loss: 0.6922
----------
Epoch 137/299
train Loss: 0.6632
valid Loss: 0.6929
----------
Epoch 138/299
train Loss: 0.6606
valid Loss: 0.6919
----------
Epoch 139/299
train Loss: 0.6624
valid Loss: 0.6920
----------
Epoch 140/299
train Loss: 0.6624
valid Loss: 0.6931
----------
Epoch 141/299
train Loss: 0.6647
valid Loss: 0.6934
----------
Epoch 142/299
train Loss: 0.6633
valid Loss: 0.6927
----------
Epoch 143/299
train Loss: 0.6566
valid Loss: 0.6926
----------
Epoch 144/299
train Loss: 0.6613
valid Loss: 0.6915
----------
Epoch 145/299
train Loss: 0.6624
valid Loss: 0.6916
----------
Epoch 146/299
train Loss: 0.6638
valid Loss: 0.6887
----------
Epoch 147/299
train Loss: 0.6598
valid Loss: 0.6918
----------
Epoch 148/299
train Loss: 0.6576
valid Loss: 0.6916
----------
Epoch 149/299
train Loss: 0.6565
valid Loss: 0.6912
----------
Epoch 150/299
train Loss: 0.6556
valid Loss: 0.6905
----------
Epoch 151/299
train Loss: 0.6587
valid Loss: 0.6909
----------
Epoch 152/299
train Loss: 0.6588
valid Loss: 0.6910
----------
Epoch 153/299
train Loss: 0.6541
valid Loss: 0.6889
----------
Epoch 154/299
train Loss: 0.6589
valid Loss: 0.6884
----------
Epoch 155/299
train Loss: 0.6520
valid Loss: 0.6849
----------
Epoch 156/299
train Loss: 0.6552
valid Loss: 0.6894
----------
Epoch 157/299
train Loss: 0.6506
valid Loss: 0.6901
----------
Epoch 158/299
train Loss: 0.6556
valid Loss: 0.6892
----------
Epoch 159/299
train Loss: 0.6573
valid Loss: 0.6893
----------
Epoch 160/299
train Loss: 0.6571
valid Loss: 0.6886
----------
Epoch 161/299
train Loss: 0.6553
valid Loss: 0.6879
----------
Epoch 162/299
train Loss: 0.6614
valid Loss: 0.6864
----------
Epoch 163/299
train Loss: 0.6497
valid Loss: 0.6865
----------
Epoch 164/299
train Loss: 0.6440
valid Loss: 0.6856
----------
Epoch 165/299
train Loss: 0.6582
valid Loss: 0.6862
----------
Epoch 166/299
train Loss: 0.6604
valid Loss: 0.6867
----------
Epoch 167/299
train Loss: 0.6555
valid Loss: 0.6870
----------
Epoch 168/299
train Loss: 0.6572
valid Loss: 0.6868
----------
Epoch 169/299
train Loss: 0.6488
valid Loss: 0.6860
----------
Epoch 170/299
train Loss: 0.6517
valid Loss: 0.6850
----------
Epoch 171/299
train Loss: 0.6500
valid Loss: 0.6863
----------
Epoch 172/299
train Loss: 0.6515
valid Loss: 0.6852
----------
Epoch 173/299
train Loss: 0.6486
valid Loss: 0.6858
----------
Epoch 174/299
train Loss: 0.6501
valid Loss: 0.6871
----------
Epoch 175/299
train Loss: 0.6511
valid Loss: 0.6859
----------
Epoch 176/299
train Loss: 0.6499
valid Loss: 0.6858
----------
Epoch 177/299
train Loss: 0.6449
valid Loss: 0.6862
----------
Epoch 178/299
train Loss: 0.6512
valid Loss: 0.6802
----------
Epoch 179/299
train Loss: 0.6492
valid Loss: 0.6744
----------
Epoch 180/299
train Loss: 0.6490
valid Loss: 0.6821
----------
Epoch 181/299
train Loss: 0.6483
valid Loss: 0.6816
----------
Epoch 182/299
train Loss: 0.6400
valid Loss: 0.6836
----------
Epoch 183/299
train Loss: 0.6483
valid Loss: 0.6831
----------
Epoch 184/299
train Loss: 0.6487
valid Loss: 0.6823
----------
Epoch 185/299
train Loss: 0.6471
valid Loss: 0.6831
----------
Epoch 186/299
train Loss: 0.6470
valid Loss: 0.6833
----------
Epoch 187/299
train Loss: 0.6440
valid Loss: 0.6823
----------
Epoch 188/299
train Loss: 0.6459
valid Loss: 0.6825
----------
Epoch 189/299
train Loss: 0.6554
valid Loss: 0.6824
----------
Epoch 190/299
train Loss: 0.6426
valid Loss: 0.6819
----------
Epoch 191/299
train Loss: 0.6484
valid Loss: 0.6827
----------
Epoch 192/299
train Loss: 0.6447
valid Loss: 0.6811
----------
Epoch 193/299
train Loss: 0.6476
valid Loss: 0.6806
----------
Epoch 194/299
train Loss: 0.6446
valid Loss: 0.6818
----------
Epoch 195/299
train Loss: 0.6390
valid Loss: 0.6811
----------
Epoch 196/299
train Loss: 0.6446
valid Loss: 0.6805
----------
Epoch 197/299
train Loss: 0.6427
valid Loss: 0.6810
----------
Epoch 198/299
train Loss: 0.6363
valid Loss: 0.6807
----------
Epoch 199/299
train Loss: 0.6441
valid Loss: 0.6807
----------
Epoch 200/299
train Loss: 0.6451
valid Loss: 0.6807
----------
Epoch 201/299
train Loss: 0.6408
valid Loss: 0.6805
----------
Epoch 202/299
train Loss: 0.6437
valid Loss: 0.6805
----------
Epoch 203/299
train Loss: 0.6415
valid Loss: 0.6794
----------
Epoch 204/299
train Loss: 0.6401
valid Loss: 0.6796
----------
Epoch 205/299
train Loss: 0.6440
valid Loss: 0.6784
----------
Epoch 206/299
train Loss: 0.6404
valid Loss: 0.6773
----------
Epoch 207/299
train Loss: 0.6399
valid Loss: 0.6781
----------
Epoch 208/299
train Loss: 0.6355
valid Loss: 0.6781
----------
Epoch 209/299
train Loss: 0.6358
valid Loss: 0.6789
----------
Epoch 210/299
train Loss: 0.6436
valid Loss: 0.6746
----------
Epoch 211/299
train Loss: 0.6398
valid Loss: 0.6770
----------
Epoch 212/299
train Loss: 0.6383
valid Loss: 0.6780
----------
Epoch 213/299
train Loss: 0.6379
valid Loss: 0.6782
----------
Epoch 214/299
train Loss: 0.6368
valid Loss: 0.6781
----------
Epoch 215/299
train Loss: 0.6382
valid Loss: 0.6752
----------
Epoch 216/299
train Loss: 0.6328
valid Loss: 0.6766
----------
Epoch 217/299
train Loss: 0.6357
valid Loss: 0.6767
----------
Epoch 218/299
train Loss: 0.6346
valid Loss: 0.6778
----------
Epoch 219/299
train Loss: 0.6354
valid Loss: 0.6767
----------
Epoch 220/299
train Loss: 0.6367
valid Loss: 0.6760
----------
Epoch 221/299
train Loss: 0.6333
valid Loss: 0.6748
----------
Epoch 222/299
train Loss: 0.6304
valid Loss: 0.6744
----------
Epoch 223/299
train Loss: 0.6366
valid Loss: 0.6757
----------
Epoch 224/299
train Loss: 0.6382
valid Loss: 0.6753
----------
Epoch 225/299
train Loss: 0.6350
valid Loss: 0.6756
----------
Epoch 226/299
train Loss: 0.6313
valid Loss: 0.6746
----------
Epoch 227/299
train Loss: 0.6337
valid Loss: 0.6737
----------
Epoch 228/299
train Loss: 0.6310
valid Loss: 0.6722
----------
Epoch 229/299
train Loss: 0.6342
valid Loss: 0.6753
----------
Epoch 230/299
train Loss: 0.6401
valid Loss: 0.6746
----------
Epoch 231/299
train Loss: 0.6326
valid Loss: 0.6741
----------
Epoch 232/299
train Loss: 0.6321
valid Loss: 0.6742
----------
Epoch 233/299
train Loss: 0.6350
valid Loss: 0.6728
----------
Epoch 234/299
train Loss: 0.6356
valid Loss: 0.6699
----------
Epoch 235/299
train Loss: 0.6340
valid Loss: 0.6719
----------
Epoch 236/299
train Loss: 0.6304
valid Loss: 0.6726
----------
Epoch 237/299
train Loss: 0.6280
valid Loss: 0.6690
----------
Epoch 238/299
train Loss: 0.6341
valid Loss: 0.6727
----------
Epoch 239/299
train Loss: 0.6359
valid Loss: 0.6704
----------
Epoch 240/299
train Loss: 0.6333
valid Loss: 0.6721
----------
Epoch 241/299
train Loss: 0.6322
valid Loss: 0.6723
----------
Epoch 242/299
train Loss: 0.6273
valid Loss: 0.6711
----------
Epoch 243/299
train Loss: 0.6285
valid Loss: 0.6719
----------
Epoch 244/299
train Loss: 0.6282
valid Loss: 0.6719
----------
Epoch 245/299
train Loss: 0.6275
valid Loss: 0.6717
----------
Epoch 246/299
train Loss: 0.6271
valid Loss: 0.6706
----------
Epoch 247/299
train Loss: 0.6212
valid Loss: 0.6713
----------
Epoch 248/299
train Loss: 0.6268
valid Loss: 0.6713
----------
Epoch 249/299
train Loss: 0.6318
valid Loss: 0.6707
----------
Epoch 250/299
train Loss: 0.6292
valid Loss: 0.6708
----------
Epoch 251/299
train Loss: 0.6345
valid Loss: 0.6682
----------
Epoch 252/299
train Loss: 0.6356
valid Loss: 0.6697
----------
Epoch 253/299
train Loss: 0.6193
valid Loss: 0.6704
----------
Epoch 254/299
train Loss: 0.6294
valid Loss: 0.6712
----------
Epoch 255/299
train Loss: 0.6291
valid Loss: 0.6713
----------
Epoch 256/299
train Loss: 0.6282
valid Loss: 0.6704
----------
Epoch 257/299
train Loss: 0.6264
valid Loss: 0.6701
----------
Epoch 258/299
train Loss: 0.6228
valid Loss: 0.6698
----------
Epoch 259/299
train Loss: 0.6284
valid Loss: 0.6697
----------
Epoch 260/299
train Loss: 0.6250
valid Loss: 0.6687
----------
Epoch 261/299
train Loss: 0.6270
valid Loss: 0.6690
----------
Epoch 262/299
train Loss: 0.6252
valid Loss: 0.6694
----------
Epoch 263/299
train Loss: 0.6297
valid Loss: 0.6689
----------
Epoch 264/299
train Loss: 0.6276
valid Loss: 0.6685
----------
Epoch 265/299
train Loss: 0.6191
valid Loss: 0.6693
----------
Epoch 266/299
train Loss: 0.6244
valid Loss: 0.6687
----------
Epoch 267/299
train Loss: 0.6247
valid Loss: 0.6679
----------
Epoch 268/299
train Loss: 0.6206
valid Loss: 0.6678
----------
Epoch 269/299
train Loss: 0.6281
valid Loss: 0.6677
----------
Epoch 270/299
train Loss: 0.6155
valid Loss: 0.6682
----------
Epoch 271/299
train Loss: 0.6261
valid Loss: 0.6682
----------
Epoch 272/299
train Loss: 0.6203
valid Loss: 0.6686
----------
Epoch 273/299
train Loss: 0.6245
valid Loss: 0.6678
----------
Epoch 274/299
train Loss: 0.6248
valid Loss: 0.6679
----------
Epoch 275/299
train Loss: 0.6154
valid Loss: 0.6687
----------
Epoch 276/299
train Loss: 0.6182
valid Loss: 0.6672
----------
Epoch 277/299
train Loss: 0.6254
valid Loss: 0.6658
----------
Epoch 278/299
train Loss: 0.6201
valid Loss: 0.6663
----------
Epoch 279/299
train Loss: 0.6200
valid Loss: 0.6652
----------
Epoch 280/299
train Loss: 0.6184
valid Loss: 0.6654
----------
Epoch 281/299
train Loss: 0.6250
valid Loss: 0.6666
----------
Epoch 282/299
train Loss: 0.6215
valid Loss: 0.6661
----------
Epoch 283/299
train Loss: 0.6229
valid Loss: 0.6642
----------
Epoch 284/299
train Loss: 0.6223
valid Loss: 0.6659
----------
Epoch 285/299
train Loss: 0.6231
valid Loss: 0.6662
----------
Epoch 286/299
train Loss: 0.6218
valid Loss: 0.6653
----------
Epoch 287/299
train Loss: 0.6228
valid Loss: 0.6649
----------
Epoch 288/299
train Loss: 0.6177
valid Loss: 0.6644
----------
Epoch 289/299
train Loss: 0.6172
valid Loss: 0.6654
----------
Epoch 290/299
train Loss: 0.6174
valid Loss: 0.6652
----------
Epoch 291/299
train Loss: 0.6219
valid Loss: 0.6654
----------
Epoch 292/299
train Loss: 0.6150
valid Loss: 0.6649
----------
Epoch 293/299
train Loss: 0.6136
valid Loss: 0.6646
----------
Epoch 294/299
train Loss: 0.6156
valid Loss: 0.6628
----------
Epoch 295/299
train Loss: 0.6137
valid Loss: 0.6638
----------
Epoch 296/299
train Loss: 0.6197
valid Loss: 0.6650
----------
Epoch 297/299
train Loss: 0.6145
valid Loss: 0.6648
----------
Epoch 298/299
train Loss: 0.6145
valid Loss: 0.6639
----------
Epoch 299/299
train Loss: 0.6159
valid Loss: 0.6631
