model dir: /broad/liulabdata/Angus_Li/Playground/TadCBE/bystander_TadCBEc_0/
Hyperparameters: {'context_feature': True, 'fullcontext_feature': False, 'position_feature': True, 'context_radii': 7, 'encoder_hidden_sizes': [16, 16], 'decoder_hidden_sizes': [64, 64, 64, 64], 'dropout_p': 0.05, 'learning_rate': 0.0002, 'exponential_lr_decay': 1, 'plateau_patience': 5, 'plateau_threshold': 0.001, 'plateau_factor': 0.5, 'batch_size': 5, 'num_epochs': 300, 'training_fraction': 1.0}
x_dim: 90
y_mask_dim: 180
train_test_id: 0
----------
Epoch 0/299
train Loss: 0.4534
valid Loss: -0.0196
----------
Epoch 1/299
train Loss: 0.0221
valid Loss: -0.0857
----------
Epoch 2/299
train Loss: 0.0068
valid Loss: -0.0953
----------
Epoch 3/299
train Loss: 0.0020
valid Loss: -0.1012
----------
Epoch 4/299
train Loss: -0.0129
valid Loss: -0.1065
----------
Epoch 5/299
train Loss: -0.0115
valid Loss: -0.1096
----------
Epoch 6/299
train Loss: -0.0215
valid Loss: -0.1139
----------
Epoch 7/299
train Loss: -0.0263
valid Loss: -0.1162
----------
Epoch 8/299
train Loss: -0.0280
valid Loss: -0.1176
----------
Epoch 9/299
train Loss: -0.0315
valid Loss: -0.1227
----------
Epoch 10/299
train Loss: -0.0319
valid Loss: -0.1218
----------
Epoch 11/299
train Loss: -0.0286
valid Loss: -0.1225
----------
Epoch 12/299
train Loss: -0.0309
valid Loss: -0.1258
----------
Epoch 13/299
train Loss: -0.0320
valid Loss: -0.1312
----------
Epoch 14/299
train Loss: -0.0422
valid Loss: -0.1299
----------
Epoch 15/299
train Loss: -0.0389
valid Loss: -0.1292
----------
Epoch 16/299
train Loss: -0.0428
valid Loss: -0.1326
----------
Epoch 17/299
train Loss: -0.0424
valid Loss: -0.1351
----------
Epoch 18/299
train Loss: -0.0484
valid Loss: -0.1367
----------
Epoch 19/299
train Loss: -0.0439
valid Loss: -0.1368
----------
Epoch 20/299
train Loss: -0.0465
valid Loss: -0.1409
----------
Epoch 21/299
train Loss: -0.0469
valid Loss: -0.1327
----------
Epoch 22/299
train Loss: -0.0513
valid Loss: -0.1435
----------
Epoch 23/299
train Loss: -0.0537
valid Loss: -0.1400
----------
Epoch 24/299
train Loss: -0.0485
valid Loss: -0.1452
----------
Epoch 25/299
train Loss: -0.0516
valid Loss: -0.1430
----------
Epoch 26/299
train Loss: -0.0607
valid Loss: -0.1465
----------
Epoch 27/299
train Loss: -0.0593
valid Loss: -0.1509
----------
Epoch 28/299
train Loss: -0.0539
valid Loss: -0.1521
----------
Epoch 29/299
train Loss: -0.0561
valid Loss: -0.1499
----------
Epoch 30/299
train Loss: -0.0566
valid Loss: -0.1430
----------
Epoch 31/299
train Loss: -0.0524
valid Loss: -0.1560
----------
Epoch 32/299
train Loss: -0.0562
valid Loss: -0.1577
----------
Epoch 33/299
train Loss: -0.0618
valid Loss: -0.1593
----------
Epoch 34/299
train Loss: -0.0503
valid Loss: -0.1620
----------
Epoch 35/299
train Loss: -0.0625
valid Loss: -0.1622
----------
Epoch 36/299
train Loss: -0.0647
valid Loss: -0.1598
----------
Epoch 37/299
train Loss: -0.0668
valid Loss: -0.1607
----------
Epoch 38/299
train Loss: -0.0672
valid Loss: -0.1659
----------
Epoch 39/299
train Loss: -0.0663
valid Loss: -0.1679
----------
Epoch 40/299
train Loss: -0.0735
valid Loss: -0.1673
----------
Epoch 41/299
train Loss: -0.0783
valid Loss: -0.1686
----------
Epoch 42/299
train Loss: -0.0768
valid Loss: -0.1689
----------
Epoch 43/299
train Loss: -0.0755
valid Loss: -0.1728
----------
Epoch 44/299
train Loss: -0.0742
valid Loss: -0.1761
----------
Epoch 45/299
train Loss: -0.0749
valid Loss: -0.1764
----------
Epoch 46/299
train Loss: -0.0851
valid Loss: -0.1766
----------
Epoch 47/299
train Loss: -0.0825
valid Loss: -0.1816
----------
Epoch 48/299
train Loss: -0.0836
valid Loss: -0.1798
----------
Epoch 49/299
train Loss: -0.0771
valid Loss: -0.1840
----------
Epoch 50/299
train Loss: -0.0880
valid Loss: -0.1858
----------
Epoch 51/299
train Loss: -0.0787
valid Loss: -0.1875
----------
Epoch 52/299
train Loss: -0.0791
valid Loss: -0.1905
----------
Epoch 53/299
train Loss: -0.0744
valid Loss: -0.1909
----------
Epoch 54/299
train Loss: -0.0842
valid Loss: -0.1961
----------
Epoch 55/299
train Loss: -0.0920
valid Loss: -0.1891
----------
Epoch 56/299
train Loss: -0.0938
valid Loss: -0.1914
----------
Epoch 57/299
train Loss: -0.0903
valid Loss: -0.1956
----------
Epoch 58/299
train Loss: -0.0908
valid Loss: -0.2007
----------
Epoch 59/299
train Loss: -0.0981
valid Loss: -0.2032
----------
Epoch 60/299
