model dir: /broad/liulabdata/Angus_Li/Playground/TadCBE/bystander_TadCBEc_cheat_0/
Hyperparameters: {'context_feature': True, 'fullcontext_feature': False, 'position_feature': True, 'context_radii': 7, 'encoder_hidden_sizes': [16, 16], 'decoder_hidden_sizes': [64, 64, 64, 64], 'dropout_p': 0.05, 'learning_rate': 0.0002, 'exponential_lr_decay': 1, 'plateau_patience': 5, 'plateau_threshold': 0.001, 'plateau_factor': 0.5, 'batch_size': 5, 'num_epochs': 300, 'training_fraction': 1.0}
x_dim: 90
y_mask_dim: 180
train_test_id: 0
----------
Epoch 0/299
train Loss: 1.3310
valid Loss: 0.8376
----------
Epoch 1/299
train Loss: 0.8305
valid Loss: 0.7608
----------
Epoch 2/299
train Loss: 0.8186
valid Loss: 0.7579
----------
Epoch 3/299
train Loss: 0.8015
valid Loss: 0.7567
----------
Epoch 4/299
train Loss: 0.8054
valid Loss: 0.7518
----------
Epoch 5/299
train Loss: 0.8040
valid Loss: 0.7512
----------
Epoch 6/299
train Loss: 0.7943
valid Loss: 0.7504
----------
Epoch 7/299
train Loss: 0.7965
valid Loss: 0.7492
----------
Epoch 8/299
train Loss: 0.7942
valid Loss: 0.7443
----------
Epoch 9/299
train Loss: 0.7950
valid Loss: 0.7472
----------
Epoch 10/299
train Loss: 0.7949
valid Loss: 0.7458
----------
Epoch 11/299
train Loss: 0.7863
valid Loss: 0.7456
----------
Epoch 12/299
train Loss: 0.7884
valid Loss: 0.7437
----------
Epoch 13/299
train Loss: 0.7901
valid Loss: 0.7431
----------
Epoch 14/299
train Loss: 0.7826
valid Loss: 0.7418
----------
Epoch 15/299
train Loss: 0.7840
valid Loss: 0.7424
----------
Epoch 16/299
train Loss: 0.7783
valid Loss: 0.7398
----------
Epoch 17/299
train Loss: 0.7824
valid Loss: 0.7423
----------
Epoch 18/299
train Loss: 0.7802
valid Loss: 0.7416
----------
Epoch 19/299
train Loss: 0.7778
valid Loss: 0.7415
----------
Epoch 20/299
train Loss: 0.7798
valid Loss: 0.7423
----------
Epoch 21/299
train Loss: 0.7772
valid Loss: 0.7407
----------
Epoch 22/299
train Loss: 0.7744
valid Loss: 0.7398
----------
Epoch 23/299
train Loss: 0.7734
valid Loss: 0.7391
----------
Epoch 24/299
train Loss: 0.7785
valid Loss: 0.7401
----------
Epoch 25/299
train Loss: 0.7727
valid Loss: 0.7375
----------
Epoch 26/299
train Loss: 0.7725
valid Loss: 0.7374
----------
Epoch 27/299
train Loss: 0.7723
valid Loss: 0.7375
----------
Epoch 28/299
train Loss: 0.7699
valid Loss: 0.7385
----------
Epoch 29/299
train Loss: 0.7648
valid Loss: 0.7371
----------
Epoch 30/299
train Loss: 0.7645
valid Loss: 0.7377
----------
Epoch 31/299
train Loss: 0.7694
valid Loss: 0.7369
----------
Epoch 32/299
train Loss: 0.7699
valid Loss: 0.7371
----------
Epoch 33/299
train Loss: 0.7680
valid Loss: 0.7349
----------
Epoch 34/299
train Loss: 0.7604
valid Loss: 0.7350
----------
Epoch 35/299
train Loss: 0.7657
valid Loss: 0.7369
----------
Epoch 36/299
train Loss: 0.7687
valid Loss: 0.7370
----------
Epoch 37/299
train Loss: 0.7609
valid Loss: 0.7341
----------
Epoch 38/299
train Loss: 0.7588
valid Loss: 0.7342
----------
Epoch 39/299
train Loss: 0.7594
valid Loss: 0.7354
----------
Epoch 40/299
train Loss: 0.7603
valid Loss: 0.7350
----------
Epoch 41/299
train Loss: 0.7549
valid Loss: 0.7365
----------
Epoch 42/299
train Loss: 0.7644
valid Loss: 0.7360
----------
Epoch 43/299
train Loss: 0.7593
valid Loss: 0.7340
----------
Epoch 44/299
train Loss: 0.7617
valid Loss: 0.7333
----------
Epoch 45/299
train Loss: 0.7572
valid Loss: 0.7344
----------
Epoch 46/299
train Loss: 0.7591
valid Loss: 0.7346
----------
Epoch 47/299
train Loss: 0.7482
valid Loss: 0.7322
----------
Epoch 48/299
train Loss: 0.7580
valid Loss: 0.7340
----------
Epoch 49/299
train Loss: 0.7505
valid Loss: 0.7281
----------
Epoch 50/299
train Loss: 0.7561
valid Loss: 0.7328
----------
Epoch 51/299
train Loss: 0.7569
valid Loss: 0.7304
----------
Epoch 52/299
train Loss: 0.7602
valid Loss: 0.7281
----------
Epoch 53/299
train Loss: 0.7604
valid Loss: 0.7324
----------
Epoch 54/299
train Loss: 0.7606
valid Loss: 0.7320
----------
Epoch 55/299
train Loss: 0.7486
valid Loss: 0.7320
----------
Epoch 56/299
train Loss: 0.7545
valid Loss: 0.7313
----------
Epoch 57/299
train Loss: 0.7523
valid Loss: 0.7320
----------
Epoch 58/299
train Loss: 0.7538
valid Loss: 0.7309
----------
Epoch 59/299
train Loss: 0.7550
valid Loss: 0.7295
----------
Epoch 60/299
train Loss: 0.7544
valid Loss: 0.7288
----------
Epoch 61/299
train Loss: 0.7492
valid Loss: 0.7293
----------
Epoch 62/299
train Loss: 0.7526
valid Loss: 0.7271
----------
Epoch 63/299
train Loss: 0.7459
valid Loss: 0.7297
----------
Epoch 64/299
train Loss: 0.7502
valid Loss: 0.7287
----------
Epoch 65/299
train Loss: 0.7476
valid Loss: 0.7274
----------
Epoch 66/299
train Loss: 0.7449
valid Loss: 0.7283
----------
Epoch 67/299
train Loss: 0.7471
valid Loss: 0.7236
----------
Epoch 68/299
train Loss: 0.7467
valid Loss: 0.7285
----------
Epoch 69/299
train Loss: 0.7522
valid Loss: 0.7300
----------
Epoch 70/299
train Loss: 0.7514
valid Loss: 0.7285
----------
Epoch 71/299
train Loss: 0.7443
valid Loss: 0.7245
----------
Epoch 72/299
train Loss: 0.7477
valid Loss: 0.7295
----------
Epoch 73/299
train Loss: 0.7469
valid Loss: 0.7284
----------
Epoch 74/299
train Loss: 0.7428
valid Loss: 0.7270
----------
Epoch 75/299
train Loss: 0.7453
valid Loss: 0.7280
----------
Epoch 76/299
train Loss: 0.7527
valid Loss: 0.7275
----------
Epoch 77/299
train Loss: 0.7404
valid Loss: 0.7266
----------
Epoch 78/299
train Loss: 0.7480
valid Loss: 0.7275
----------
Epoch 79/299
train Loss: 0.7451
valid Loss: 0.7260
----------
Epoch 80/299
train Loss: 0.7457
valid Loss: 0.7261
----------
Epoch 81/299
train Loss: 0.7423
valid Loss: 0.7254
----------
Epoch 82/299
train Loss: 0.7492
valid Loss: 0.7271
----------
Epoch 83/299
train Loss: 0.7457
valid Loss: 0.7232
----------
Epoch 84/299
train Loss: 0.7418
valid Loss: 0.7241
----------
Epoch 85/299
train Loss: 0.7418
valid Loss: 0.7247
----------
Epoch 86/299
train Loss: 0.7438
valid Loss: 0.7249
----------
Epoch 87/299
train Loss: 0.7426
valid Loss: 0.7255
----------
Epoch 88/299
train Loss: 0.7423
valid Loss: 0.7250
----------
Epoch 89/299
train Loss: 0.7396
valid Loss: 0.7238
----------
Epoch 90/299
train Loss: 0.7415
valid Loss: 0.7240
----------
Epoch 91/299
train Loss: 0.7398
valid Loss: 0.7240
----------
Epoch 92/299
train Loss: 0.7392
valid Loss: 0.7237
----------
Epoch 93/299
train Loss: 0.7382
valid Loss: 0.7232
----------
Epoch 94/299
train Loss: 0.7401
valid Loss: 0.7216
----------
Epoch 95/299
train Loss: 0.7388
valid Loss: 0.7230
----------
Epoch 96/299
train Loss: 0.7422
valid Loss: 0.7203
----------
Epoch 97/299
train Loss: 0.7339
valid Loss: 0.7229
----------
Epoch 98/299
train Loss: 0.7425
valid Loss: 0.7211
----------
Epoch 99/299
train Loss: 0.7349
valid Loss: 0.7224
----------
Epoch 100/299
train Loss: 0.7359
valid Loss: 0.7219
----------
Epoch 101/299
train Loss: 0.7373
valid Loss: 0.7204
----------
Epoch 102/299
train Loss: 0.7352
valid Loss: 0.7205
----------
Epoch 103/299
train Loss: 0.7331
valid Loss: 0.7227
----------
Epoch 104/299
train Loss: 0.7352
valid Loss: 0.7212
----------
Epoch 105/299
train Loss: 0.7357
valid Loss: 0.7208
----------
Epoch 106/299
train Loss: 0.7328
valid Loss: 0.7210
----------
Epoch 107/299
train Loss: 0.7365
valid Loss: 0.7216
----------
Epoch 108/299
train Loss: 0.7347
valid Loss: 0.7203
----------
Epoch 109/299
train Loss: 0.7383
valid Loss: 0.7186
----------
Epoch 110/299
train Loss: 0.7284
valid Loss: 0.7207
----------
Epoch 111/299
train Loss: 0.7287
valid Loss: 0.7193
----------
Epoch 112/299
train Loss: 0.7301
valid Loss: 0.7172
----------
Epoch 113/299
train Loss: 0.7274
valid Loss: 0.7183
----------
Epoch 114/299
train Loss: 0.7271
valid Loss: 0.7189
----------
Epoch 115/299
train Loss: 0.7306
valid Loss: 0.7185
----------
Epoch 116/299
train Loss: 0.7311
valid Loss: 0.7151
----------
Epoch 117/299
train Loss: 0.7335
valid Loss: 0.7174
----------
Epoch 118/299
train Loss: 0.7226
valid Loss: 0.7176
----------
Epoch 119/299
train Loss: 0.7336
valid Loss: 0.7176
----------
Epoch 120/299
train Loss: 0.7296
valid Loss: 0.7176
----------
Epoch 121/299
train Loss: 0.7219
valid Loss: 0.7181
----------
Epoch 122/299
train Loss: 0.7269
valid Loss: 0.7171
----------
Epoch 123/299
train Loss: 0.7243
valid Loss: 0.7175
----------
Epoch 124/299
train Loss: 0.7271
valid Loss: 0.7168
----------
Epoch 125/299
train Loss: 0.7223
valid Loss: 0.7168
----------
Epoch 126/299
train Loss: 0.7282
valid Loss: 0.7174
----------
Epoch 127/299
train Loss: 0.7246
valid Loss: 0.7154
----------
Epoch 128/299
train Loss: 0.7265
valid Loss: 0.7156
----------
Epoch 129/299
train Loss: 0.7220
valid Loss: 0.7152
----------
Epoch 130/299
train Loss: 0.7225
valid Loss: 0.7163
----------
Epoch 131/299
train Loss: 0.7224
valid Loss: 0.7152
----------
Epoch 132/299
train Loss: 0.7230
valid Loss: 0.7132
----------
Epoch 133/299
train Loss: 0.7237
valid Loss: 0.7150
----------
Epoch 134/299
train Loss: 0.7219
valid Loss: 0.7136
----------
Epoch 135/299
train Loss: 0.7278
valid Loss: 0.7145
----------
Epoch 136/299
train Loss: 0.7210
valid Loss: 0.7156
----------
Epoch 137/299
train Loss: 0.7214
valid Loss: 0.7124
----------
Epoch 138/299
train Loss: 0.7227
valid Loss: 0.7136
----------
Epoch 139/299
train Loss: 0.7254
valid Loss: 0.7132
----------
Epoch 140/299
train Loss: 0.7236
valid Loss: 0.7130
----------
Epoch 141/299
train Loss: 0.7206
valid Loss: 0.7129
----------
Epoch 142/299
train Loss: 0.7233
valid Loss: 0.7137
----------
Epoch 143/299
train Loss: 0.7155
valid Loss: 0.7131
----------
Epoch 144/299
train Loss: 0.7178
valid Loss: 0.7117
----------
Epoch 145/299
train Loss: 0.7169
valid Loss: 0.7120
----------
Epoch 146/299
train Loss: 0.7180
valid Loss: 0.7071
----------
Epoch 147/299
train Loss: 0.7165
valid Loss: 0.7109
----------
Epoch 148/299
train Loss: 0.7119
valid Loss: 0.7112
----------
Epoch 149/299
train Loss: 0.7234
valid Loss: 0.7097
----------
Epoch 150/299
train Loss: 0.7167
valid Loss: 0.7112
----------
Epoch 151/299
train Loss: 0.7185
valid Loss: 0.7106
----------
Epoch 152/299
train Loss: 0.7147
valid Loss: 0.7104
----------
Epoch 153/299
train Loss: 0.7198
valid Loss: 0.7097
----------
Epoch 154/299
train Loss: 0.7126
valid Loss: 0.7093
----------
Epoch 155/299
train Loss: 0.7171
valid Loss: 0.7101
----------
Epoch 156/299
train Loss: 0.7138
valid Loss: 0.7096
----------
Epoch 157/299
train Loss: 0.7132
valid Loss: 0.7071
----------
Epoch 158/299
train Loss: 0.7173
valid Loss: 0.7090
----------
Epoch 159/299
train Loss: 0.7166
valid Loss: 0.7092
----------
Epoch 160/299
train Loss: 0.7126
valid Loss: 0.7071
----------
Epoch 161/299
train Loss: 0.7116
valid Loss: 0.7059
----------
Epoch 162/299
train Loss: 0.7157
valid Loss: 0.7084
----------
Epoch 163/299
train Loss: 0.7116
valid Loss: 0.7087
----------
Epoch 164/299
train Loss: 0.7113
valid Loss: 0.7089
----------
Epoch 165/299
train Loss: 0.7130
valid Loss: 0.7092
----------
Epoch 166/299
train Loss: 0.7116
valid Loss: 0.7083
----------
Epoch 167/299
train Loss: 0.7175
valid Loss: 0.7080
----------
Epoch 168/299
train Loss: 0.7069
valid Loss: 0.7090
----------
Epoch 169/299
train Loss: 0.7101
valid Loss: 0.7081
----------
Epoch 170/299
train Loss: 0.7055
valid Loss: 0.7080
----------
Epoch 171/299
train Loss: 0.7129
valid Loss: 0.7075
----------
Epoch 172/299
train Loss: 0.7089
valid Loss: 0.7072
----------
Epoch 173/299
train Loss: 0.7111
valid Loss: 0.7068
----------
Epoch 174/299
train Loss: 0.7105
valid Loss: 0.7066
----------
Epoch 175/299
train Loss: 0.7087
valid Loss: 0.7031
----------
Epoch 176/299
train Loss: 0.7088
valid Loss: 0.7004
----------
Epoch 177/299
train Loss: 0.7091
valid Loss: 0.7068
----------
Epoch 178/299
train Loss: 0.7107
valid Loss: 0.7034
----------
Epoch 179/299
train Loss: 0.7033
valid Loss: 0.7060
----------
Epoch 180/299
train Loss: 0.7035
valid Loss: 0.7058
----------
Epoch 181/299
train Loss: 0.7097
valid Loss: 0.7054
----------
Epoch 182/299
train Loss: 0.7071
valid Loss: 0.7051
----------
Epoch 183/299
train Loss: 0.7081
valid Loss: 0.7051
----------
Epoch 184/299
train Loss: 0.7026
valid Loss: 0.7035
----------
Epoch 185/299
train Loss: 0.7073
valid Loss: 0.7035
----------
Epoch 186/299
train Loss: 0.7066
valid Loss: 0.7054
----------
Epoch 187/299
train Loss: 0.7088
valid Loss: 0.7044
----------
Epoch 188/299
train Loss: 0.7033
valid Loss: 0.7032
----------
Epoch 189/299
train Loss: 0.7096
valid Loss: 0.7038
----------
Epoch 190/299
train Loss: 0.7113
valid Loss: 0.6995
----------
Epoch 191/299
train Loss: 0.7035
valid Loss: 0.7028
----------
Epoch 192/299
train Loss: 0.7038
valid Loss: 0.7013
----------
Epoch 193/299
train Loss: 0.6966
valid Loss: 0.7019
----------
Epoch 194/299
train Loss: 0.7052
valid Loss: 0.7007
----------
Epoch 195/299
train Loss: 0.7038
valid Loss: 0.7041
----------
Epoch 196/299
train Loss: 0.7031
valid Loss: 0.7022
----------
Epoch 197/299
train Loss: 0.7003
valid Loss: 0.7008
----------
Epoch 198/299
train Loss: 0.7062
valid Loss: 0.7010
----------
Epoch 199/299
train Loss: 0.7050
valid Loss: 0.7020
----------
Epoch 200/299
train Loss: 0.6963
valid Loss: 0.7028
----------
Epoch 201/299
train Loss: 0.6993
valid Loss: 0.7003
----------
Epoch 202/299
train Loss: 0.7031
valid Loss: 0.7018
----------
Epoch 203/299
train Loss: 0.7048
valid Loss: 0.7017
----------
Epoch 204/299
train Loss: 0.7024
valid Loss: 0.7027
----------
Epoch 205/299
train Loss: 0.6976
valid Loss: 0.7035
----------
Epoch 206/299
train Loss: 0.7027
valid Loss: 0.7010
----------
Epoch 207/299
train Loss: 0.6931
valid Loss: 0.7004
----------
Epoch 208/299
train Loss: 0.6992
valid Loss: 0.6976
----------
Epoch 209/299
train Loss: 0.6969
valid Loss: 0.6975
----------
Epoch 210/299
train Loss: 0.7014
valid Loss: 0.6965
----------
Epoch 211/299
train Loss: 0.6985
valid Loss: 0.6979
----------
Epoch 212/299
train Loss: 0.6976
valid Loss: 0.6994
----------
Epoch 213/299
train Loss: 0.7008
valid Loss: 0.6995
----------
Epoch 214/299
train Loss: 0.6967
valid Loss: 0.6977
----------
Epoch 215/299
train Loss: 0.6952
valid Loss: 0.6989
----------
Epoch 216/299
train Loss: 0.7009
valid Loss: 0.6975
----------
Epoch 217/299
train Loss: 0.6985
valid Loss: 0.7002
----------
Epoch 218/299
train Loss: 0.7009
valid Loss: 0.6984
----------
Epoch 219/299
train Loss: 0.6905
valid Loss: 0.6977
----------
Epoch 220/299
train Loss: 0.6923
valid Loss: 0.6990
----------
Epoch 221/299
train Loss: 0.6991
valid Loss: 0.6976
----------
Epoch 222/299
train Loss: 0.6995
valid Loss: 0.6980
----------
Epoch 223/299
train Loss: 0.6941
valid Loss: 0.6976
----------
Epoch 224/299
train Loss: 0.6946
valid Loss: 0.6954
----------
Epoch 225/299
train Loss: 0.6936
valid Loss: 0.6950
----------
Epoch 226/299
train Loss: 0.6939
valid Loss: 0.6973
----------
Epoch 227/299
train Loss: 0.6875
valid Loss: 0.6940
----------
Epoch 228/299
train Loss: 0.6901
valid Loss: 0.6979
----------
Epoch 229/299
train Loss: 0.6963
valid Loss: 0.6944
----------
Epoch 230/299
train Loss: 0.6888
valid Loss: 0.6969
----------
Epoch 231/299
train Loss: 0.6910
valid Loss: 0.6961
----------
Epoch 232/299
train Loss: 0.6935
valid Loss: 0.6979
----------
Epoch 233/299
train Loss: 0.6903
valid Loss: 0.6964
----------
Epoch 234/299
train Loss: 0.6891
valid Loss: 0.6956
----------
Epoch 235/299
train Loss: 0.6920
valid Loss: 0.6957
----------
Epoch 236/299
train Loss: 0.6907
valid Loss: 0.6951
----------
Epoch 237/299
train Loss: 0.6914
valid Loss: 0.6944
----------
Epoch 238/299
train Loss: 0.6905
valid Loss: 0.6949
----------
Epoch 239/299
train Loss: 0.6888
valid Loss: 0.6951
----------
Epoch 240/299
train Loss: 0.6897
valid Loss: 0.6961
----------
Epoch 241/299
train Loss: 0.6901
valid Loss: 0.6952
----------
Epoch 242/299
train Loss: 0.6853
valid Loss: 0.6956
----------
Epoch 243/299
train Loss: 0.6841
valid Loss: 0.6933
----------
Epoch 244/299
train Loss: 0.6892
valid Loss: 0.6957
----------
Epoch 245/299
train Loss: 0.6874
valid Loss: 0.6929
----------
Epoch 246/299
train Loss: 0.6888
valid Loss: 0.6953
----------
Epoch 247/299
train Loss: 0.6888
valid Loss: 0.6939
----------
Epoch 248/299
train Loss: 0.6832
valid Loss: 0.6932
----------
Epoch 249/299
train Loss: 0.6910
valid Loss: 0.6941
----------
Epoch 250/299
train Loss: 0.6903
valid Loss: 0.6907
----------
Epoch 251/299
train Loss: 0.6869
valid Loss: 0.6907
----------
Epoch 252/299
train Loss: 0.6776
valid Loss: 0.6943
----------
Epoch 253/299
train Loss: 0.6840
valid Loss: 0.6916
----------
Epoch 254/299
train Loss: 0.6790
valid Loss: 0.6921
----------
Epoch 255/299
train Loss: 0.6862
valid Loss: 0.6936
----------
Epoch 256/299
train Loss: 0.6774
valid Loss: 0.6940
----------
Epoch 257/299
train Loss: 0.6868
valid Loss: 0.6934
----------
Epoch 258/299
train Loss: 0.6843
valid Loss: 0.6937
----------
Epoch 259/299
train Loss: 0.6874
valid Loss: 0.6933
----------
Epoch 260/299
train Loss: 0.6811
valid Loss: 0.6890
----------
Epoch 261/299
train Loss: 0.6810
valid Loss: 0.6910
----------
Epoch 262/299
train Loss: 0.6883
valid Loss: 0.6908
----------
Epoch 263/299
train Loss: 0.6831
valid Loss: 0.6926
----------
Epoch 264/299
train Loss: 0.6892
valid Loss: 0.6921
----------
Epoch 265/299
train Loss: 0.6823
valid Loss: 0.6934
----------
Epoch 266/299
train Loss: 0.6799
valid Loss: 0.6936
----------
Epoch 267/299
train Loss: 0.6827
valid Loss: 0.6910
----------
Epoch 268/299
train Loss: 0.6808
valid Loss: 0.6926
----------
Epoch 269/299
train Loss: 0.6795
valid Loss: 0.6915
----------
Epoch 270/299
train Loss: 0.6757
valid Loss: 0.6915
----------
Epoch 271/299
train Loss: 0.6810
valid Loss: 0.6916
----------
Epoch 272/299
train Loss: 0.6763
valid Loss: 0.6924
----------
Epoch 273/299
train Loss: 0.6833
valid Loss: 0.6913
----------
Epoch 274/299
train Loss: 0.6807
valid Loss: 0.6888
----------
Epoch 275/299
train Loss: 0.6793
valid Loss: 0.6906
----------
Epoch 276/299
train Loss: 0.6831
valid Loss: 0.6920
----------
Epoch 277/299
train Loss: 0.6771
valid Loss: 0.6900
----------
Epoch 278/299
train Loss: 0.6791
valid Loss: 0.6909
----------
Epoch 279/299
train Loss: 0.6713
valid Loss: 0.6907
----------
Epoch 280/299
train Loss: 0.6760
valid Loss: 0.6918
----------
Epoch 281/299
train Loss: 0.6775
valid Loss: 0.6904
----------
Epoch 282/299
train Loss: 0.6804
valid Loss: 0.6909
----------
Epoch 283/299
train Loss: 0.6751
valid Loss: 0.6914
----------
Epoch 284/299
train Loss: 0.6855
valid Loss: 0.6906
----------
Epoch 285/299
train Loss: 0.6798
valid Loss: 0.6907
----------
Epoch 286/299
train Loss: 0.6748
valid Loss: 0.6901
----------
Epoch 287/299
train Loss: 0.6804
valid Loss: 0.6904
----------
Epoch 288/299
train Loss: 0.6713
valid Loss: 0.6906
----------
Epoch 289/299
train Loss: 0.6681
valid Loss: 0.6915
----------
Epoch 290/299
train Loss: 0.6823
valid Loss: 0.6906
----------
Epoch 291/299
train Loss: 0.6855
valid Loss: 0.6907
----------
Epoch 292/299
train Loss: 0.6655
valid Loss: 0.6883
----------
Epoch 293/299
train Loss: 0.6729
valid Loss: 0.6900
----------
Epoch 294/299
train Loss: 0.6729
valid Loss: 0.6906
----------
Epoch 295/299
train Loss: 0.6750
valid Loss: 0.6882
----------
Epoch 296/299
train Loss: 0.6739
valid Loss: 0.6881
----------
Epoch 297/299
train Loss: 0.6733
valid Loss: 0.6883
----------
Epoch 298/299
train Loss: 0.6710
valid Loss: 0.6899
----------
Epoch 299/299
train Loss: 0.6734
valid Loss: 0.6869
