model dir: /broad/liulabdata/Angus_Li/Playground/TadCBE/bystander_TadCBEc_A_0/
Hyperparameters: {'context_feature': True, 'fullcontext_feature': False, 'position_feature': True, 'context_radii': 7, 'encoder_hidden_sizes': [16, 16], 'decoder_hidden_sizes': [64, 64, 64, 64], 'dropout_p': 0.05, 'learning_rate': 0.0002, 'exponential_lr_decay': 1, 'plateau_patience': 5, 'plateau_threshold': 0.001, 'plateau_factor': 0.5, 'batch_size': 5, 'num_epochs': 300, 'training_fraction': 1.0}
x_dim: 90
y_mask_dim: 180
train_test_id: 0
----------
Epoch 0/299
train Loss: 1.1900
valid Loss: 0.7351
----------
Epoch 1/299
train Loss: 0.7014
valid Loss: 0.6178
----------
Epoch 2/299
train Loss: 0.6950
valid Loss: 0.6154
----------
Epoch 3/299
train Loss: 0.6912
valid Loss: 0.6142
----------
Epoch 4/299
train Loss: 0.6929
valid Loss: 0.6140
----------
Epoch 5/299
train Loss: 0.6898
valid Loss: 0.6121
----------
Epoch 6/299
train Loss: 0.6895
valid Loss: 0.6118
----------
Epoch 7/299
train Loss: 0.6864
valid Loss: 0.6115
----------
Epoch 8/299
train Loss: 0.6835
valid Loss: 0.6109
----------
Epoch 9/299
train Loss: 0.6895
valid Loss: 0.6104
----------
Epoch 10/299
train Loss: 0.6850
valid Loss: 0.6094
----------
Epoch 11/299
train Loss: 0.6844
valid Loss: 0.6099
----------
Epoch 12/299
train Loss: 0.6816
valid Loss: 0.6088
----------
Epoch 13/299
train Loss: 0.6816
valid Loss: 0.6086
----------
Epoch 14/299
train Loss: 0.6833
valid Loss: 0.6079
----------
Epoch 15/299
train Loss: 0.6834
valid Loss: 0.6075
----------
Epoch 16/299
train Loss: 0.6791
valid Loss: 0.6073
----------
Epoch 17/299
train Loss: 0.6814
valid Loss: 0.6074
----------
Epoch 18/299
train Loss: 0.6771
valid Loss: 0.6068
----------
Epoch 19/299
train Loss: 0.6808
valid Loss: 0.6068
----------
Epoch 20/299
train Loss: 0.6778
valid Loss: 0.6068
----------
Epoch 21/299
train Loss: 0.6749
valid Loss: 0.6056
----------
Epoch 22/299
train Loss: 0.6757
valid Loss: 0.6052
----------
Epoch 23/299
train Loss: 0.6764
valid Loss: 0.6045
----------
Epoch 24/299
train Loss: 0.6719
valid Loss: 0.6046
----------
Epoch 25/299
train Loss: 0.6748
valid Loss: 0.6043
----------
Epoch 26/299
train Loss: 0.6747
valid Loss: 0.6036
----------
Epoch 27/299
train Loss: 0.6735
valid Loss: 0.6038
----------
Epoch 28/299
train Loss: 0.6759
valid Loss: 0.6028
----------
Epoch 29/299
train Loss: 0.6718
valid Loss: 0.6026
----------
Epoch 30/299
train Loss: 0.6699
valid Loss: 0.6034
----------
Epoch 31/299
train Loss: 0.6719
valid Loss: 0.6024
----------
Epoch 32/299
train Loss: 0.6683
valid Loss: 0.6028
----------
Epoch 33/299
train Loss: 0.6706
valid Loss: 0.6017
----------
Epoch 34/299
train Loss: 0.6666
valid Loss: 0.6016
----------
Epoch 35/299
train Loss: 0.6689
valid Loss: 0.6007
----------
Epoch 36/299
train Loss: 0.6697
valid Loss: 0.6006
----------
Epoch 37/299
train Loss: 0.6667
valid Loss: 0.6009
----------
Epoch 38/299
train Loss: 0.6676
valid Loss: 0.6010
----------
Epoch 39/299
train Loss: 0.6681
valid Loss: 0.6001
----------
Epoch 40/299
train Loss: 0.6640
valid Loss: 0.5994
----------
Epoch 41/299
train Loss: 0.6663
valid Loss: 0.5998
----------
Epoch 42/299
train Loss: 0.6627
valid Loss: 0.6001
----------
Epoch 43/299
train Loss: 0.6701
valid Loss: 0.5988
----------
Epoch 44/299
train Loss: 0.6668
valid Loss: 0.5983
----------
Epoch 45/299
train Loss: 0.6649
valid Loss: 0.5989
----------
Epoch 46/299
train Loss: 0.6649
valid Loss: 0.5984
----------
Epoch 47/299
train Loss: 0.6661
valid Loss: 0.5986
----------
Epoch 48/299
train Loss: 0.6651
valid Loss: 0.5977
----------
Epoch 49/299
train Loss: 0.6647
valid Loss: 0.5953
----------
Epoch 50/299
train Loss: 0.6636
valid Loss: 0.5971
----------
Epoch 51/299
train Loss: 0.6640
valid Loss: 0.5962
----------
Epoch 52/299
train Loss: 0.6609
valid Loss: 0.5974
----------
Epoch 53/299
train Loss: 0.6661
valid Loss: 0.5973
----------
Epoch 54/299
train Loss: 0.6606
valid Loss: 0.5956
----------
Epoch 55/299
train Loss: 0.6643
valid Loss: 0.5960
----------
Epoch 56/299
train Loss: 0.6612
valid Loss: 0.5960
----------
Epoch 57/299
train Loss: 0.6571
valid Loss: 0.5957
----------
Epoch 58/299
train Loss: 0.6612
valid Loss: 0.5941
----------
Epoch 59/299
train Loss: 0.6618
valid Loss: 0.5954
----------
Epoch 60/299
train Loss: 0.6571
valid Loss: 0.5952
----------
Epoch 61/299
train Loss: 0.6569
valid Loss: 0.5949
----------
Epoch 62/299
train Loss: 0.6620
valid Loss: 0.5940
----------
Epoch 63/299
train Loss: 0.6549
valid Loss: 0.5937
----------
Epoch 64/299
train Loss: 0.6574
valid Loss: 0.5930
----------
Epoch 65/299
train Loss: 0.6604
valid Loss: 0.5934
----------
Epoch 66/299
train Loss: 0.6533
valid Loss: 0.5933
----------
Epoch 67/299
train Loss: 0.6605
valid Loss: 0.5918
----------
Epoch 68/299
train Loss: 0.6611
valid Loss: 0.5932
----------
Epoch 69/299
train Loss: 0.6560
valid Loss: 0.5921
----------
Epoch 70/299
train Loss: 0.6600
valid Loss: 0.5920
----------
Epoch 71/299
train Loss: 0.6572
valid Loss: 0.5931
----------
Epoch 72/299
train Loss: 0.6542
valid Loss: 0.5912
----------
Epoch 73/299
train Loss: 0.6542
valid Loss: 0.5918
----------
Epoch 74/299
train Loss: 0.6535
valid Loss: 0.5909
----------
Epoch 75/299
train Loss: 0.6532
valid Loss: 0.5902
----------
Epoch 76/299
train Loss: 0.6566
valid Loss: 0.5908
----------
Epoch 77/299
train Loss: 0.6544
valid Loss: 0.5898
----------
Epoch 78/299
train Loss: 0.6582
valid Loss: 0.5900
----------
Epoch 79/299
train Loss: 0.6517
valid Loss: 0.5904
----------
Epoch 80/299
train Loss: 0.6531
valid Loss: 0.5893
----------
Epoch 81/299
train Loss: 0.6555
valid Loss: 0.5899
----------
Epoch 82/299
train Loss: 0.6578
valid Loss: 0.5886
----------
Epoch 83/299
train Loss: 0.6540
valid Loss: 0.5884
----------
Epoch 84/299
train Loss: 0.6576
valid Loss: 0.5889
----------
Epoch 85/299
train Loss: 0.6508
valid Loss: 0.5848
----------
Epoch 86/299
train Loss: 0.6524
valid Loss: 0.5885
----------
Epoch 87/299
train Loss: 0.6503
valid Loss: 0.5879
----------
Epoch 88/299
train Loss: 0.6521
valid Loss: 0.5879
----------
Epoch 89/299
train Loss: 0.6518
valid Loss: 0.5874
----------
Epoch 90/299
train Loss: 0.6522
valid Loss: 0.5877
----------
Epoch 91/299
train Loss: 0.6466
valid Loss: 0.5869
----------
Epoch 92/299
train Loss: 0.6509
valid Loss: 0.5865
----------
Epoch 93/299
train Loss: 0.6476
valid Loss: 0.5870
----------
Epoch 94/299
train Loss: 0.6455
valid Loss: 0.5863
----------
Epoch 95/299
train Loss: 0.6486
valid Loss: 0.5860
----------
Epoch 96/299
train Loss: 0.6480
valid Loss: 0.5860
----------
Epoch 97/299
train Loss: 0.6494
valid Loss: 0.5860
----------
Epoch 98/299
train Loss: 0.6447
valid Loss: 0.5847
----------
Epoch 99/299
train Loss: 0.6423
valid Loss: 0.5848
----------
Epoch 100/299
train Loss: 0.6521
valid Loss: 0.5840
----------
Epoch 101/299
train Loss: 0.6452
valid Loss: 0.5847
----------
Epoch 102/299
train Loss: 0.6445
valid Loss: 0.5841
----------
Epoch 103/299
train Loss: 0.6470
valid Loss: 0.5841
----------
Epoch 104/299
train Loss: 0.6423
valid Loss: 0.5839
----------
Epoch 105/299
train Loss: 0.6445
valid Loss: 0.5840
----------
Epoch 106/299
train Loss: 0.6439
valid Loss: 0.5841
----------
Epoch 107/299
train Loss: 0.6437
valid Loss: 0.5829
----------
Epoch 108/299
train Loss: 0.6468
valid Loss: 0.5666
----------
Epoch 109/299
train Loss: 0.6445
valid Loss: 0.5832
----------
Epoch 110/299
train Loss: 0.6440
valid Loss: 0.5814
----------
Epoch 111/299
train Loss: 0.6443
valid Loss: 0.5824
----------
Epoch 112/299
train Loss: 0.6436
valid Loss: 0.5823
----------
Epoch 113/299
train Loss: 0.6403
valid Loss: 0.5816
----------
Epoch 114/299
train Loss: 0.6418
valid Loss: 0.5810
----------
Epoch 115/299
train Loss: 0.6421
valid Loss: 0.5810
----------
Epoch 116/299
train Loss: 0.6426
valid Loss: 0.5812
----------
Epoch 117/299
train Loss: 0.6398
valid Loss: 0.5814
----------
Epoch 118/299
train Loss: 0.6434
valid Loss: 0.5795
----------
Epoch 119/299
train Loss: 0.6455
valid Loss: 0.5803
----------
Epoch 120/299
train Loss: 0.6401
valid Loss: 0.5801
----------
Epoch 121/299
train Loss: 0.6394
valid Loss: 0.5791
----------
Epoch 122/299
train Loss: 0.6422
valid Loss: 0.5782
----------
Epoch 123/299
train Loss: 0.6423
valid Loss: 0.5792
----------
Epoch 124/299
train Loss: 0.6391
valid Loss: 0.5792
----------
Epoch 125/299
train Loss: 0.6410
valid Loss: 0.5791
----------
Epoch 126/299
train Loss: 0.6359
valid Loss: 0.5792
----------
Epoch 127/299
train Loss: 0.6353
valid Loss: 0.5782
----------
Epoch 128/299
train Loss: 0.6360
valid Loss: 0.5783
----------
Epoch 129/299
train Loss: 0.6387
valid Loss: 0.5772
----------
Epoch 130/299
train Loss: 0.6414
valid Loss: 0.5783
----------
Epoch 131/299
train Loss: 0.6370
valid Loss: 0.5771
----------
Epoch 132/299
train Loss: 0.6385
valid Loss: 0.5788
----------
Epoch 133/299
train Loss: 0.6371
valid Loss: 0.5774
----------
Epoch 134/299
train Loss: 0.6368
valid Loss: 0.5765
----------
Epoch 135/299
train Loss: 0.6359
valid Loss: 0.5770
----------
Epoch 136/299
train Loss: 0.6374
valid Loss: 0.5765
----------
Epoch 137/299
train Loss: 0.6373
valid Loss: 0.5763
----------
Epoch 138/299
train Loss: 0.6357
valid Loss: 0.5760
----------
Epoch 139/299
train Loss: 0.6357
valid Loss: 0.5755
----------
Epoch 140/299
train Loss: 0.6355
valid Loss: 0.5748
----------
Epoch 141/299
train Loss: 0.6352
valid Loss: 0.5752
----------
Epoch 142/299
train Loss: 0.6360
valid Loss: 0.5754
----------
Epoch 143/299
train Loss: 0.6305
valid Loss: 0.5744
----------
Epoch 144/299
train Loss: 0.6315
valid Loss: 0.5749
----------
Epoch 145/299
train Loss: 0.6320
valid Loss: 0.5755
----------
Epoch 146/299
train Loss: 0.6335
valid Loss: 0.5741
----------
Epoch 147/299
train Loss: 0.6327
valid Loss: 0.5743
----------
Epoch 148/299
train Loss: 0.6348
valid Loss: 0.5739
----------
Epoch 149/299
train Loss: 0.6326
valid Loss: 0.5739
----------
Epoch 150/299
train Loss: 0.6333
valid Loss: 0.5726
----------
Epoch 151/299
train Loss: 0.6348
valid Loss: 0.5728
----------
Epoch 152/299
train Loss: 0.6334
valid Loss: 0.5725
----------
Epoch 153/299
train Loss: 0.6278
valid Loss: 0.5734
----------
Epoch 154/299
train Loss: 0.6281
valid Loss: 0.5726
----------
Epoch 155/299
train Loss: 0.6304
valid Loss: 0.5710
----------
Epoch 156/299
train Loss: 0.6303
valid Loss: 0.5721
----------
Epoch 157/299
train Loss: 0.6300
valid Loss: 0.5714
----------
Epoch 158/299
train Loss: 0.6309
valid Loss: 0.5709
----------
Epoch 159/299
train Loss: 0.6289
valid Loss: 0.5703
----------
Epoch 160/299
train Loss: 0.6304
valid Loss: 0.5708
----------
Epoch 161/299
train Loss: 0.6284
valid Loss: 0.5707
----------
Epoch 162/299
train Loss: 0.6306
valid Loss: 0.5707
----------
Epoch 163/299
train Loss: 0.6312
valid Loss: 0.5683
----------
Epoch 164/299
train Loss: 0.6282
valid Loss: 0.5696
----------
Epoch 165/299
train Loss: 0.6257
valid Loss: 0.5689
----------
Epoch 166/299
train Loss: 0.6288
valid Loss: 0.5687
----------
Epoch 167/299
train Loss: 0.6285
valid Loss: 0.5691
----------
Epoch 168/299
train Loss: 0.6249
valid Loss: 0.5690
----------
Epoch 169/299
train Loss: 0.6288
valid Loss: 0.5686
----------
Epoch 170/299
train Loss: 0.6267
valid Loss: 0.5677
----------
Epoch 171/299
train Loss: 0.6305
valid Loss: 0.5678
----------
Epoch 172/299
train Loss: 0.6268
valid Loss: 0.5679
----------
Epoch 173/299
train Loss: 0.6270
valid Loss: 0.5679
----------
Epoch 174/299
train Loss: 0.6214
valid Loss: 0.5677
----------
Epoch 175/299
train Loss: 0.6196
valid Loss: 0.5669
----------
Epoch 176/299
train Loss: 0.6229
valid Loss: 0.5667
----------
Epoch 177/299
train Loss: 0.6242
valid Loss: 0.5666
----------
Epoch 178/299
train Loss: 0.6233
valid Loss: 0.5663
----------
Epoch 179/299
train Loss: 0.6230
valid Loss: 0.5660
----------
Epoch 180/299
train Loss: 0.6267
valid Loss: 0.5657
----------
Epoch 181/299
train Loss: 0.6262
valid Loss: 0.5656
----------
Epoch 182/299
train Loss: 0.6253
valid Loss: 0.5658
----------
Epoch 183/299
train Loss: 0.6236
valid Loss: 0.5656
----------
Epoch 184/299
train Loss: 0.6220
valid Loss: 0.5649
----------
Epoch 185/299
train Loss: 0.6219
valid Loss: 0.5651
----------
Epoch 186/299
train Loss: 0.6206
valid Loss: 0.5638
----------
Epoch 187/299
train Loss: 0.6193
valid Loss: 0.5649
----------
Epoch 188/299
train Loss: 0.6226
valid Loss: 0.5634
----------
Epoch 189/299
train Loss: 0.6187
valid Loss: 0.5628
----------
Epoch 190/299
train Loss: 0.6187
valid Loss: 0.5623
----------
Epoch 191/299
train Loss: 0.6196
valid Loss: 0.5645
----------
Epoch 192/299
train Loss: 0.6229
valid Loss: 0.5630
----------
Epoch 193/299
train Loss: 0.6193
valid Loss: 0.5623
----------
Epoch 194/299
train Loss: 0.6203
valid Loss: 0.5623
----------
Epoch 195/299
train Loss: 0.6216
valid Loss: 0.5616
----------
Epoch 196/299
train Loss: 0.6233
valid Loss: 0.5613
----------
Epoch 197/299
train Loss: 0.6142
valid Loss: 0.5613
----------
Epoch 198/299
train Loss: 0.6182
valid Loss: 0.5612
----------
Epoch 199/299
train Loss: 0.6194
valid Loss: 0.5610
----------
Epoch 200/299
train Loss: 0.6189
valid Loss: 0.5613
----------
Epoch 201/299
train Loss: 0.6195
valid Loss: 0.5604
----------
Epoch 202/299
train Loss: 0.6197
valid Loss: 0.5601
----------
Epoch 203/299
train Loss: 0.6164
valid Loss: 0.5596
----------
Epoch 204/299
train Loss: 0.6167
valid Loss: 0.5606
----------
Epoch 205/299
train Loss: 0.6166
valid Loss: 0.5603
----------
Epoch 206/299
train Loss: 0.6183
valid Loss: 0.5604
----------
Epoch 207/299
train Loss: 0.6138
valid Loss: 0.5584
----------
Epoch 208/299
train Loss: 0.6187
valid Loss: 0.5592
----------
Epoch 209/299
train Loss: 0.6174
valid Loss: 0.5576
----------
Epoch 210/299
train Loss: 0.6159
valid Loss: 0.5585
----------
Epoch 211/299
train Loss: 0.6164
valid Loss: 0.5580
----------
Epoch 212/299
train Loss: 0.6120
valid Loss: 0.5581
----------
Epoch 213/299
train Loss: 0.6158
valid Loss: 0.5580
----------
Epoch 214/299
train Loss: 0.6137
valid Loss: 0.5577
----------
Epoch 215/299
train Loss: 0.6135
valid Loss: 0.5574
----------
Epoch 216/299
train Loss: 0.6119
valid Loss: 0.5572
----------
Epoch 217/299
train Loss: 0.6167
valid Loss: 0.5562
----------
Epoch 218/299
train Loss: 0.6127
valid Loss: 0.5566
----------
Epoch 219/299
train Loss: 0.6133
valid Loss: 0.5566
----------
Epoch 220/299
train Loss: 0.6116
valid Loss: 0.5559
----------
Epoch 221/299
train Loss: 0.6121
valid Loss: 0.5545
----------
Epoch 222/299
train Loss: 0.6124
valid Loss: 0.5556
----------
Epoch 223/299
train Loss: 0.6112
valid Loss: 0.5553
----------
Epoch 224/299
train Loss: 0.6106
valid Loss: 0.5545
----------
Epoch 225/299
train Loss: 0.6115
valid Loss: 0.5542
----------
Epoch 226/299
train Loss: 0.6088
valid Loss: 0.5547
----------
Epoch 227/299
train Loss: 0.6105
valid Loss: 0.5543
----------
Epoch 228/299
train Loss: 0.6095
valid Loss: 0.5533
----------
Epoch 229/299
train Loss: 0.6107
valid Loss: 0.5535
----------
Epoch 230/299
train Loss: 0.6092
valid Loss: 0.5534
----------
Epoch 231/299
train Loss: 0.6081
valid Loss: 0.5346
----------
Epoch 232/299
train Loss: 0.6080
valid Loss: 0.5524
----------
Epoch 233/299
train Loss: 0.6092
valid Loss: 0.5528
----------
Epoch 234/299
train Loss: 0.6067
valid Loss: 0.5524
----------
Epoch 235/299
train Loss: 0.6065
valid Loss: 0.5524
----------
Epoch 236/299
train Loss: 0.6078
valid Loss: 0.5512
----------
Epoch 237/299
train Loss: 0.6087
valid Loss: 0.5513
----------
Epoch 238/299
train Loss: 0.6068
valid Loss: 0.5510
----------
Epoch 239/299
train Loss: 0.6068
valid Loss: 0.5508
----------
Epoch 240/299
train Loss: 0.6055
valid Loss: 0.5502
----------
Epoch 241/299
train Loss: 0.6044
valid Loss: 0.5504
----------
Epoch 242/299
train Loss: 0.6048
valid Loss: 0.5500
----------
Epoch 243/299
train Loss: 0.6047
valid Loss: 0.5501
----------
Epoch 244/299
train Loss: 0.6069
valid Loss: 0.5497
----------
Epoch 245/299
train Loss: 0.6063
valid Loss: 0.5491
----------
Epoch 246/299
train Loss: 0.6059
valid Loss: 0.5495
----------
Epoch 247/299
train Loss: 0.6037
valid Loss: 0.5489
----------
Epoch 248/299
train Loss: 0.6033
valid Loss: 0.5492
----------
Epoch 249/299
train Loss: 0.6039
valid Loss: 0.5493
----------
Epoch 250/299
train Loss: 0.6062
valid Loss: 0.5486
----------
Epoch 251/299
train Loss: 0.6065
valid Loss: 0.5481
----------
Epoch 252/299
train Loss: 0.6008
valid Loss: 0.5482
----------
Epoch 253/299
train Loss: 0.6044
valid Loss: 0.5476
----------
Epoch 254/299
train Loss: 0.6064
valid Loss: 0.5482
----------
Epoch 255/299
train Loss: 0.6023
valid Loss: 0.5472
----------
Epoch 256/299
train Loss: 0.6063
valid Loss: 0.5464
----------
Epoch 257/299
train Loss: 0.6017
valid Loss: 0.5467
----------
Epoch 258/299
train Loss: 0.6015
valid Loss: 0.5469
----------
Epoch 259/299
train Loss: 0.5989
valid Loss: 0.5461
----------
Epoch 260/299
train Loss: 0.6023
valid Loss: 0.5464
----------
Epoch 261/299
train Loss: 0.6002
valid Loss: 0.5462
----------
Epoch 262/299
train Loss: 0.5972
valid Loss: 0.5462
----------
Epoch 263/299
train Loss: 0.5986
valid Loss: 0.5460
----------
Epoch 264/299
train Loss: 0.6002
valid Loss: 0.5453
----------
Epoch 265/299
train Loss: 0.5987
valid Loss: 0.5444
----------
Epoch 266/299
train Loss: 0.6009
valid Loss: 0.5452
----------
Epoch 267/299
train Loss: 0.6012
valid Loss: 0.5450
----------
Epoch 268/299
train Loss: 0.5967
valid Loss: 0.5443
----------
Epoch 269/299
train Loss: 0.6025
valid Loss: 0.5446
----------
Epoch 270/299
train Loss: 0.6013
valid Loss: 0.5440
----------
Epoch 271/299
train Loss: 0.5985
valid Loss: 0.5436
----------
Epoch 272/299
train Loss: 0.5978
valid Loss: 0.5439
----------
Epoch 273/299
train Loss: 0.5956
valid Loss: 0.5432
----------
Epoch 274/299
train Loss: 0.5980
valid Loss: 0.5425
----------
Epoch 275/299
train Loss: 0.5953
valid Loss: 0.5434
----------
Epoch 276/299
train Loss: 0.5950
valid Loss: 0.5418
----------
Epoch 277/299
train Loss: 0.5972
valid Loss: 0.5421
----------
Epoch 278/299
train Loss: 0.5938
valid Loss: 0.5407
----------
Epoch 279/299
train Loss: 0.5957
valid Loss: 0.5417
----------
Epoch 280/299
train Loss: 0.5944
valid Loss: 0.5412
----------
Epoch 281/299
train Loss: 0.5937
valid Loss: 0.5415
----------
Epoch 282/299
train Loss: 0.5972
valid Loss: 0.5412
----------
Epoch 283/299
train Loss: 0.5914
valid Loss: 0.5413
----------
Epoch 284/299
train Loss: 0.5946
valid Loss: 0.5409
----------
Epoch 285/299
train Loss: 0.5955
valid Loss: 0.5408
----------
Epoch 286/299
train Loss: 0.5972
valid Loss: 0.5398
----------
Epoch 287/299
train Loss: 0.5940
valid Loss: 0.5394
----------
Epoch 288/299
train Loss: 0.5952
valid Loss: 0.5394
----------
Epoch 289/299
train Loss: 0.5929
valid Loss: 0.5396
----------
Epoch 290/299
train Loss: 0.5930
valid Loss: 0.5391
----------
Epoch 291/299
train Loss: 0.5973
valid Loss: 0.5389
----------
Epoch 292/299
train Loss: 0.5934
valid Loss: 0.5388
----------
Epoch 293/299
train Loss: 0.5921
valid Loss: 0.5386
----------
Epoch 294/299
train Loss: 0.5909
valid Loss: 0.5377
----------
Epoch 295/299
train Loss: 0.5920
valid Loss: 0.5374
----------
Epoch 296/299
train Loss: 0.5917
valid Loss: 0.5380
----------
Epoch 297/299
train Loss: 0.5932
valid Loss: 0.5377
----------
Epoch 298/299
train Loss: 0.5922
valid Loss: 0.5372
----------
Epoch 299/299
train Loss: 0.5876
valid Loss: 0.5365
