model dir: /broad/liulabdata/Angus_Li/Playground/TadCBE/bystander_TadCBEa_V106W_A_0/
Hyperparameters: {'context_feature': True, 'fullcontext_feature': False, 'position_feature': True, 'context_radii': 7, 'encoder_hidden_sizes': [16, 16], 'decoder_hidden_sizes': [64, 64, 64, 64], 'dropout_p': 0.05, 'learning_rate': 0.0002, 'exponential_lr_decay': 1, 'plateau_patience': 5, 'plateau_threshold': 0.001, 'plateau_factor': 0.5, 'batch_size': 5, 'num_epochs': 300, 'training_fraction': 1.0}
x_dim: 90
y_mask_dim: 180
train_test_id: 0
----------
Epoch 0/299
train Loss: 1.0290
valid Loss: 0.5703
----------
Epoch 1/299
train Loss: 0.6556
valid Loss: 0.5512
----------
Epoch 2/299
train Loss: 0.6356
valid Loss: 0.5500
----------
Epoch 3/299
train Loss: 0.6385
valid Loss: 0.5481
----------
Epoch 4/299
train Loss: 0.6332
valid Loss: 0.5465
----------
Epoch 5/299
train Loss: 0.6354
valid Loss: 0.5454
----------
Epoch 6/299
train Loss: 0.6351
valid Loss: 0.5457
----------
Epoch 7/299
train Loss: 0.6324
valid Loss: 0.5447
----------
Epoch 8/299
train Loss: 0.6338
valid Loss: 0.5446
----------
Epoch 9/299
train Loss: 0.6296
valid Loss: 0.5437
----------
Epoch 10/299
train Loss: 0.6316
valid Loss: 0.5424
----------
Epoch 11/299
train Loss: 0.6300
valid Loss: 0.5427
----------
Epoch 12/299
train Loss: 0.6291
valid Loss: 0.5414
----------
Epoch 13/299
train Loss: 0.6282
valid Loss: 0.5405
----------
Epoch 14/299
train Loss: 0.6308
valid Loss: 0.5424
----------
Epoch 15/299
train Loss: 0.6261
valid Loss: 0.5408
----------
Epoch 16/299
train Loss: 0.6277
valid Loss: 0.5408
----------
Epoch 17/299
train Loss: 0.6230
valid Loss: 0.5407
----------
Epoch 18/299
train Loss: 0.6257
valid Loss: 0.5402
----------
Epoch 19/299
train Loss: 0.6240
valid Loss: 0.5406
----------
Epoch 20/299
train Loss: 0.6225
valid Loss: 0.5374
----------
Epoch 21/299
train Loss: 0.6225
valid Loss: 0.5393
----------
Epoch 22/299
train Loss: 0.6199
valid Loss: 0.5394
----------
Epoch 23/299
train Loss: 0.6202
valid Loss: 0.5388
----------
Epoch 24/299
train Loss: 0.6212
valid Loss: 0.5390
----------
Epoch 25/299
train Loss: 0.6134
valid Loss: 0.5381
----------
Epoch 26/299
train Loss: 0.6220
valid Loss: 0.5383
----------
Epoch 27/299
train Loss: 0.6216
valid Loss: 0.5387
----------
Epoch 28/299
train Loss: 0.6219
valid Loss: 0.5380
----------
Epoch 29/299
train Loss: 0.6194
valid Loss: 0.5368
----------
Epoch 30/299
train Loss: 0.6186
valid Loss: 0.5371
----------
Epoch 31/299
train Loss: 0.6148
valid Loss: 0.5378
----------
Epoch 32/299
train Loss: 0.6197
valid Loss: 0.5351
----------
Epoch 33/299
train Loss: 0.6131
valid Loss: 0.5351
----------
Epoch 34/299
train Loss: 0.6215
valid Loss: 0.5359
----------
Epoch 35/299
train Loss: 0.6165
valid Loss: 0.5357
----------
Epoch 36/299
train Loss: 0.6179
valid Loss: 0.5357
----------
Epoch 37/299
train Loss: 0.6158
valid Loss: 0.5358
----------
Epoch 38/299
train Loss: 0.6150
valid Loss: 0.5342
----------
Epoch 39/299
train Loss: 0.6174
valid Loss: 0.5346
----------
Epoch 40/299
train Loss: 0.6142
valid Loss: 0.5346
----------
Epoch 41/299
train Loss: 0.6138
valid Loss: 0.5338
----------
Epoch 42/299
train Loss: 0.6140
valid Loss: 0.5346
----------
Epoch 43/299
train Loss: 0.6162
valid Loss: 0.5326
----------
Epoch 44/299
train Loss: 0.6113
valid Loss: 0.5338
----------
Epoch 45/299
train Loss: 0.6122
valid Loss: 0.5336
----------
Epoch 46/299
train Loss: 0.6133
valid Loss: 0.5336
----------
Epoch 47/299
train Loss: 0.6128
valid Loss: 0.5339
----------
Epoch 48/299
train Loss: 0.6103
valid Loss: 0.5335
----------
Epoch 49/299
train Loss: 0.6179
valid Loss: 0.5337
----------
Epoch 50/299
train Loss: 0.6072
valid Loss: 0.5323
----------
Epoch 51/299
train Loss: 0.6109
valid Loss: 0.5322
----------
Epoch 52/299
train Loss: 0.6097
valid Loss: 0.5330
----------
Epoch 53/299
train Loss: 0.6134
valid Loss: 0.5331
----------
Epoch 54/299
train Loss: 0.6141
valid Loss: 0.5322
----------
Epoch 55/299
train Loss: 0.6100
valid Loss: 0.5325
----------
Epoch 56/299
train Loss: 0.6100
valid Loss: 0.5318
----------
Epoch 57/299
train Loss: 0.6137
valid Loss: 0.5319
----------
Epoch 58/299
train Loss: 0.6114
valid Loss: 0.5310
----------
Epoch 59/299
train Loss: 0.6087
valid Loss: 0.5318
----------
Epoch 60/299
train Loss: 0.6074
valid Loss: 0.5316
----------
Epoch 61/299
train Loss: 0.6145
valid Loss: 0.5311
----------
Epoch 62/299
train Loss: 0.6071
valid Loss: 0.5310
----------
Epoch 63/299
train Loss: 0.6062
valid Loss: 0.5306
----------
Epoch 64/299
train Loss: 0.6082
valid Loss: 0.5299
----------
Epoch 65/299
train Loss: 0.6093
valid Loss: 0.5308
----------
Epoch 66/299
train Loss: 0.6085
valid Loss: 0.5307
----------
Epoch 67/299
train Loss: 0.6074
valid Loss: 0.5299
----------
Epoch 68/299
train Loss: 0.6089
valid Loss: 0.5297
----------
Epoch 69/299
train Loss: 0.6097
valid Loss: 0.5314
----------
Epoch 70/299
train Loss: 0.6056
valid Loss: 0.5261
----------
Epoch 71/299
train Loss: 0.6065
valid Loss: 0.5294
----------
Epoch 72/299
train Loss: 0.6039
valid Loss: 0.5285
----------
Epoch 73/299
train Loss: 0.6063
valid Loss: 0.5292
----------
Epoch 74/299
train Loss: 0.6051
valid Loss: 0.5287
----------
Epoch 75/299
train Loss: 0.6033
valid Loss: 0.5283
----------
Epoch 76/299
train Loss: 0.6073
valid Loss: 0.5286
----------
Epoch 77/299
train Loss: 0.6035
valid Loss: 0.5277
----------
Epoch 78/299
train Loss: 0.6010
valid Loss: 0.5279
----------
Epoch 79/299
train Loss: 0.6020
valid Loss: 0.5278
----------
Epoch 80/299
train Loss: 0.6044
valid Loss: 0.5270
----------
Epoch 81/299
train Loss: 0.6026
valid Loss: 0.5274
----------
Epoch 82/299
train Loss: 0.6051
valid Loss: 0.5281
----------
Epoch 83/299
train Loss: 0.6056
valid Loss: 0.5272
----------
Epoch 84/299
train Loss: 0.5973
valid Loss: 0.5256
----------
Epoch 85/299
train Loss: 0.6035
valid Loss: 0.5267
----------
Epoch 86/299
train Loss: 0.6008
valid Loss: 0.5277
----------
Epoch 87/299
train Loss: 0.6046
valid Loss: 0.5268
----------
Epoch 88/299
train Loss: 0.6037
valid Loss: 0.5263
----------
Epoch 89/299
train Loss: 0.6017
valid Loss: 0.5268
----------
Epoch 90/299
train Loss: 0.6042
valid Loss: 0.5257
----------
Epoch 91/299
train Loss: 0.5990
valid Loss: 0.5253
----------
Epoch 92/299
train Loss: 0.5995
valid Loss: 0.5258
----------
Epoch 93/299
train Loss: 0.6013
valid Loss: 0.5253
----------
Epoch 94/299
train Loss: 0.6002
valid Loss: 0.5262
----------
Epoch 95/299
train Loss: 0.5983
valid Loss: 0.5170
----------
Epoch 96/299
train Loss: 0.6011
valid Loss: 0.5251
----------
Epoch 97/299
train Loss: 0.5997
valid Loss: 0.5257
----------
Epoch 98/299
train Loss: 0.6023
valid Loss: 0.5247
----------
Epoch 99/299
train Loss: 0.5962
valid Loss: 0.5254
----------
Epoch 100/299
train Loss: 0.6011
valid Loss: 0.5252
----------
Epoch 101/299
train Loss: 0.5987
valid Loss: 0.5242
----------
Epoch 102/299
train Loss: 0.5965
valid Loss: 0.5244
----------
Epoch 103/299
train Loss: 0.5947
valid Loss: 0.5241
----------
Epoch 104/299
train Loss: 0.5987
valid Loss: 0.5242
----------
Epoch 105/299
train Loss: 0.5937
valid Loss: 0.5235
----------
Epoch 106/299
train Loss: 0.6002
valid Loss: 0.5235
----------
Epoch 107/299
train Loss: 0.6008
valid Loss: 0.5246
----------
Epoch 108/299
train Loss: 0.5992
valid Loss: 0.5236
----------
Epoch 109/299
train Loss: 0.5956
valid Loss: 0.5234
----------
Epoch 110/299
train Loss: 0.5987
valid Loss: 0.5235
----------
Epoch 111/299
train Loss: 0.5943
valid Loss: 0.5240
----------
Epoch 112/299
train Loss: 0.5971
valid Loss: 0.5229
----------
Epoch 113/299
train Loss: 0.6008
valid Loss: 0.5229
----------
Epoch 114/299
train Loss: 0.5947
valid Loss: 0.5227
----------
Epoch 115/299
train Loss: 0.5966
valid Loss: 0.5227
----------
Epoch 116/299
train Loss: 0.5995
valid Loss: 0.5225
----------
Epoch 117/299
train Loss: 0.5956
valid Loss: 0.5203
----------
Epoch 118/299
train Loss: 0.5934
valid Loss: 0.5224
----------
Epoch 119/299
train Loss: 0.5942
valid Loss: 0.5216
----------
Epoch 120/299
train Loss: 0.5983
valid Loss: 0.5234
----------
Epoch 121/299
train Loss: 0.5971
valid Loss: 0.5220
----------
Epoch 122/299
train Loss: 0.5961
valid Loss: 0.5218
----------
Epoch 123/299
train Loss: 0.5932
valid Loss: 0.5216
----------
Epoch 124/299
train Loss: 0.6004
valid Loss: 0.5223
----------
Epoch 125/299
train Loss: 0.5956
valid Loss: 0.5210
----------
Epoch 126/299
train Loss: 0.5973
valid Loss: 0.5214
----------
Epoch 127/299
train Loss: 0.5961
valid Loss: 0.5220
----------
Epoch 128/299
train Loss: 0.5932
valid Loss: 0.5211
----------
Epoch 129/299
train Loss: 0.5919
valid Loss: 0.5212
----------
Epoch 130/299
train Loss: 0.5939
valid Loss: 0.5213
----------
Epoch 131/299
train Loss: 0.5889
valid Loss: 0.5211
----------
Epoch 132/299
train Loss: 0.5931
valid Loss: 0.5213
----------
Epoch 133/299
train Loss: 0.5963
valid Loss: 0.5208
----------
Epoch 134/299
train Loss: 0.5938
valid Loss: 0.5202
----------
Epoch 135/299
train Loss: 0.5910
valid Loss: 0.5204
----------
Epoch 136/299
train Loss: 0.5903
valid Loss: 0.5204
----------
Epoch 137/299
train Loss: 0.5897
valid Loss: 0.5109
----------
Epoch 138/299
train Loss: 0.5915
valid Loss: 0.5195
----------
Epoch 139/299
train Loss: 0.5906
valid Loss: 0.5198
----------
Epoch 140/299
train Loss: 0.5921
valid Loss: 0.5199
----------
Epoch 141/299
train Loss: 0.5941
valid Loss: 0.5188
----------
Epoch 142/299
train Loss: 0.5908
valid Loss: 0.5205
----------
Epoch 143/299
train Loss: 0.5921
valid Loss: 0.5192
----------
Epoch 144/299
train Loss: 0.5890
valid Loss: 0.5191
----------
Epoch 145/299
train Loss: 0.5923
valid Loss: 0.5178
----------
Epoch 146/299
train Loss: 0.5920
valid Loss: 0.5190
----------
Epoch 147/299
train Loss: 0.5916
valid Loss: 0.5204
----------
Epoch 148/299
train Loss: 0.5902
valid Loss: 0.5189
----------
Epoch 149/299
train Loss: 0.5874
valid Loss: 0.5192
----------
Epoch 150/299
train Loss: 0.5887
valid Loss: 0.5184
----------
Epoch 151/299
train Loss: 0.5899
valid Loss: 0.5187
----------
Epoch 152/299
train Loss: 0.5896
valid Loss: 0.5179
----------
Epoch 153/299
train Loss: 0.5892
valid Loss: 0.5187
----------
Epoch 154/299
train Loss: 0.5907
valid Loss: 0.5179
----------
Epoch 155/299
train Loss: 0.5892
valid Loss: 0.5184
----------
Epoch 156/299
train Loss: 0.5918
valid Loss: 0.5159
----------
Epoch 157/299
train Loss: 0.5872
valid Loss: 0.5163
----------
Epoch 158/299
train Loss: 0.5879
valid Loss: 0.5177
----------
Epoch 159/299
train Loss: 0.5921
valid Loss: 0.5180
----------
Epoch 160/299
train Loss: 0.5874
valid Loss: 0.5181
----------
Epoch 161/299
train Loss: 0.5888
valid Loss: 0.5174
----------
Epoch 162/299
train Loss: 0.5913
valid Loss: 0.5176
----------
Epoch 163/299
train Loss: 0.5869
valid Loss: 0.5170
----------
Epoch 164/299
train Loss: 0.5912
valid Loss: 0.5169
----------
Epoch 165/299
train Loss: 0.5852
valid Loss: 0.5165
----------
Epoch 166/299
train Loss: 0.5856
valid Loss: 0.5117
----------
Epoch 167/299
train Loss: 0.5902
valid Loss: 0.5165
----------
Epoch 168/299
train Loss: 0.5861
valid Loss: 0.5173
----------
Epoch 169/299
train Loss: 0.5853
valid Loss: 0.5168
----------
Epoch 170/299
train Loss: 0.5864
valid Loss: 0.5165
----------
Epoch 171/299
train Loss: 0.5873
valid Loss: 0.5173
----------
Epoch 172/299
train Loss: 0.5881
valid Loss: 0.5159
----------
Epoch 173/299
train Loss: 0.5858
valid Loss: 0.5163
----------
Epoch 174/299
train Loss: 0.5860
valid Loss: 0.5163
----------
Epoch 175/299
train Loss: 0.5875
valid Loss: 0.5141
----------
Epoch 176/299
train Loss: 0.5837
valid Loss: 0.5156
----------
Epoch 177/299
train Loss: 0.5843
valid Loss: 0.5151
----------
Epoch 178/299
train Loss: 0.5911
valid Loss: 0.5156
----------
Epoch 179/299
train Loss: 0.5875
valid Loss: 0.5146
----------
Epoch 180/299
train Loss: 0.5858
valid Loss: 0.5149
----------
Epoch 181/299
train Loss: 0.5831
valid Loss: 0.5155
----------
Epoch 182/299
train Loss: 0.5841
valid Loss: 0.5147
----------
Epoch 183/299
train Loss: 0.5829
valid Loss: 0.5148
----------
Epoch 184/299
train Loss: 0.5872
valid Loss: 0.5150
----------
Epoch 185/299
train Loss: 0.5878
valid Loss: 0.5134
----------
Epoch 186/299
train Loss: 0.5823
valid Loss: 0.5140
----------
Epoch 187/299
train Loss: 0.5854
valid Loss: 0.5142
----------
Epoch 188/299
train Loss: 0.5841
valid Loss: 0.5138
----------
Epoch 189/299
train Loss: 0.5870
valid Loss: 0.5145
----------
Epoch 190/299
train Loss: 0.5852
valid Loss: 0.5127
----------
Epoch 191/299
train Loss: 0.5891
valid Loss: 0.5145
----------
Epoch 192/299
train Loss: 0.5842
valid Loss: 0.5134
----------
Epoch 193/299
train Loss: 0.5823
valid Loss: 0.5128
----------
Epoch 194/299
train Loss: 0.5849
valid Loss: 0.5141
----------
Epoch 195/299
train Loss: 0.5851
valid Loss: 0.5146
----------
Epoch 196/299
train Loss: 0.5841
valid Loss: 0.5138
----------
Epoch 197/299
train Loss: 0.5819
valid Loss: 0.5143
----------
Epoch 198/299
train Loss: 0.5841
valid Loss: 0.5135
----------
Epoch 199/299
train Loss: 0.5835
valid Loss: 0.5129
----------
Epoch 200/299
train Loss: 0.5826
valid Loss: 0.5133
----------
Epoch 201/299
train Loss: 0.5832
valid Loss: 0.5131
----------
Epoch 202/299
train Loss: 0.5816
valid Loss: 0.5126
----------
Epoch 203/299
train Loss: 0.5862
valid Loss: 0.5135
----------
Epoch 204/299
train Loss: 0.5776
valid Loss: 0.5121
----------
Epoch 205/299
train Loss: 0.5845
valid Loss: 0.5122
----------
Epoch 206/299
train Loss: 0.5832
valid Loss: 0.5135
----------
Epoch 207/299
train Loss: 0.5816
valid Loss: 0.5127
----------
Epoch 208/299
train Loss: 0.5834
valid Loss: 0.5123
----------
Epoch 209/299
train Loss: 0.5803
valid Loss: 0.5123
----------
Epoch 210/299
train Loss: 0.5828
valid Loss: 0.5090
----------
Epoch 211/299
train Loss: 0.5815
valid Loss: 0.5128
----------
Epoch 212/299
train Loss: 0.5823
valid Loss: 0.5118
----------
Epoch 213/299
train Loss: 0.5851
valid Loss: 0.5124
----------
Epoch 214/299
train Loss: 0.5836
valid Loss: 0.5125
----------
Epoch 215/299
train Loss: 0.5836
valid Loss: 0.5122
----------
Epoch 216/299
train Loss: 0.5818
valid Loss: 0.5121
----------
Epoch 217/299
train Loss: 0.5812
valid Loss: 0.5122
----------
Epoch 218/299
train Loss: 0.5790
valid Loss: 0.5110
----------
Epoch 219/299
train Loss: 0.5802
valid Loss: 0.5116
----------
Epoch 220/299
train Loss: 0.5785
valid Loss: 0.5115
----------
Epoch 221/299
train Loss: 0.5816
valid Loss: 0.5109
----------
Epoch 222/299
train Loss: 0.5827
valid Loss: 0.5093
----------
Epoch 223/299
train Loss: 0.5801
valid Loss: 0.5110
----------
Epoch 224/299
train Loss: 0.5821
valid Loss: 0.5115
----------
Epoch 225/299
train Loss: 0.5779
valid Loss: 0.5107
----------
Epoch 226/299
train Loss: 0.5788
valid Loss: 0.5102
----------
Epoch 227/299
train Loss: 0.5768
valid Loss: 0.5100
----------
Epoch 228/299
train Loss: 0.5836
valid Loss: 0.5107
----------
Epoch 229/299
train Loss: 0.5769
valid Loss: 0.5102
----------
Epoch 230/299
train Loss: 0.5833
valid Loss: 0.5097
----------
Epoch 231/299
train Loss: 0.5783
valid Loss: 0.5108
----------
Epoch 232/299
train Loss: 0.5783
valid Loss: 0.5108
----------
Epoch 233/299
train Loss: 0.5761
valid Loss: 0.5100
----------
Epoch 234/299
train Loss: 0.5789
valid Loss: 0.5096
----------
Epoch 235/299
train Loss: 0.5795
valid Loss: 0.5090
----------
Epoch 236/299
train Loss: 0.5765
valid Loss: 0.5096
----------
Epoch 237/299
train Loss: 0.5750
valid Loss: 0.5104
----------
Epoch 238/299
train Loss: 0.5735
valid Loss: 0.5105
----------
Epoch 239/299
train Loss: 0.5768
valid Loss: 0.5074
----------
Epoch 240/299
train Loss: 0.5773
valid Loss: 0.5093
----------
Epoch 241/299
train Loss: 0.5747
valid Loss: 0.5100
----------
Epoch 242/299
train Loss: 0.5785
valid Loss: 0.5096
----------
Epoch 243/299
train Loss: 0.5787
valid Loss: 0.5101
----------
Epoch 244/299
train Loss: 0.5790
valid Loss: 0.5094
----------
Epoch 245/299
train Loss: 0.5768
valid Loss: 0.5096
----------
Epoch 246/299
train Loss: 0.5764
valid Loss: 0.5089
----------
Epoch 247/299
train Loss: 0.5765
valid Loss: 0.5093
----------
Epoch 248/299
train Loss: 0.5775
valid Loss: 0.5049
----------
Epoch 249/299
train Loss: 0.5794
valid Loss: 0.5071
----------
Epoch 250/299
train Loss: 0.5759
valid Loss: 0.5091
----------
Epoch 251/299
train Loss: 0.5730
valid Loss: 0.5081
----------
Epoch 252/299
train Loss: 0.5777
valid Loss: 0.5090
----------
Epoch 253/299
train Loss: 0.5768
valid Loss: 0.5076
----------
Epoch 254/299
train Loss: 0.5812
valid Loss: 0.5084
----------
Epoch 255/299
train Loss: 0.5733
valid Loss: 0.5077
----------
Epoch 256/299
train Loss: 0.5797
valid Loss: 0.5077
----------
Epoch 257/299
train Loss: 0.5758
valid Loss: 0.5081
----------
Epoch 258/299
train Loss: 0.5769
valid Loss: 0.5079
----------
Epoch 259/299
train Loss: 0.5801
valid Loss: 0.5093
----------
Epoch 260/299
train Loss: 0.5720
valid Loss: 0.5069
----------
Epoch 261/299
train Loss: 0.5703
valid Loss: 0.5065
----------
Epoch 262/299
train Loss: 0.5779
valid Loss: 0.5070
----------
Epoch 263/299
train Loss: 0.5771
valid Loss: 0.5072
----------
Epoch 264/299
train Loss: 0.5737
valid Loss: 0.5056
----------
Epoch 265/299
train Loss: 0.5773
valid Loss: 0.5075
----------
Epoch 266/299
train Loss: 0.5782
valid Loss: 0.5067
----------
Epoch 267/299
train Loss: 0.5750
valid Loss: 0.5070
----------
Epoch 268/299
train Loss: 0.5730
valid Loss: 0.5071
----------
Epoch 269/299
train Loss: 0.5718
valid Loss: 0.5066
----------
Epoch 270/299
train Loss: 0.5737
valid Loss: 0.5064
----------
Epoch 271/299
train Loss: 0.5733
valid Loss: 0.5065
----------
Epoch 272/299
train Loss: 0.5731
valid Loss: 0.5057
----------
Epoch 273/299
train Loss: 0.5734
valid Loss: 0.5061
----------
Epoch 274/299
train Loss: 0.5733
valid Loss: 0.5056
----------
Epoch 275/299
train Loss: 0.5758
valid Loss: 0.5060
----------
Epoch 276/299
train Loss: 0.5757
valid Loss: 0.5057
----------
Epoch 277/299
train Loss: 0.5742
valid Loss: 0.5059
----------
Epoch 278/299
train Loss: 0.5719
valid Loss: 0.5050
----------
Epoch 279/299
train Loss: 0.5739
valid Loss: 0.5053
----------
Epoch 280/299
train Loss: 0.5734
valid Loss: 0.5053
----------
Epoch 281/299
train Loss: 0.5710
valid Loss: 0.5056
----------
Epoch 282/299
train Loss: 0.5729
valid Loss: 0.5051
----------
Epoch 283/299
train Loss: 0.5729
valid Loss: 0.5049
----------
Epoch 284/299
train Loss: 0.5696
valid Loss: 0.5062
----------
Epoch 285/299
train Loss: 0.5737
valid Loss: 0.5049
----------
Epoch 286/299
train Loss: 0.5747
valid Loss: 0.5045
----------
Epoch 287/299
train Loss: 0.5743
valid Loss: 0.5051
----------
Epoch 288/299
train Loss: 0.5726
valid Loss: 0.5044
----------
Epoch 289/299
train Loss: 0.5682
valid Loss: 0.5061
----------
Epoch 290/299
train Loss: 0.5713
valid Loss: 0.5021
----------
Epoch 291/299
train Loss: 0.5705
valid Loss: 0.5049
----------
Epoch 292/299
train Loss: 0.5690
valid Loss: 0.5050
----------
Epoch 293/299
train Loss: 0.5717
valid Loss: 0.5040
----------
Epoch 294/299
train Loss: 0.5703
valid Loss: 0.5044
----------
Epoch 295/299
train Loss: 0.5693
valid Loss: 0.5031
----------
Epoch 296/299
train Loss: 0.5760
valid Loss: 0.5051
----------
Epoch 297/299
train Loss: 0.5680
valid Loss: 0.5031
----------
Epoch 298/299
train Loss: 0.5712
valid Loss: 0.5035
----------
Epoch 299/299
train Loss: 0.5650
valid Loss: 0.5037
