model dir: /broad/liulabdata/Angus_Li/Playground/TadCBE/bystander_TadCBEb_cheat_0/
Hyperparameters: {'context_feature': True, 'fullcontext_feature': False, 'position_feature': True, 'context_radii': 7, 'encoder_hidden_sizes': [16, 16], 'decoder_hidden_sizes': [64, 64, 64, 64], 'dropout_p': 0.05, 'learning_rate': 0.0002, 'exponential_lr_decay': 1, 'plateau_patience': 5, 'plateau_threshold': 0.001, 'plateau_factor': 0.5, 'batch_size': 5, 'num_epochs': 300, 'training_fraction': 1.0}
x_dim: 90
y_mask_dim: 180
train_test_id: 0
----------
Epoch 0/299
train Loss: 1.3600
valid Loss: 0.7658
----------
Epoch 1/299
train Loss: 0.8694
valid Loss: 0.7404
----------
Epoch 2/299
train Loss: 0.8413
valid Loss: 0.7371
----------
Epoch 3/299
train Loss: 0.8383
valid Loss: 0.7349
----------
Epoch 4/299
train Loss: 0.8372
valid Loss: 0.7340
----------
Epoch 5/299
train Loss: 0.8333
valid Loss: 0.7307
----------
Epoch 6/299
train Loss: 0.8409
valid Loss: 0.7279
----------
Epoch 7/299
train Loss: 0.8325
valid Loss: 0.7310
----------
Epoch 8/299
train Loss: 0.8249
valid Loss: 0.7304
----------
Epoch 9/299
train Loss: 0.8224
valid Loss: 0.7301
----------
Epoch 10/299
train Loss: 0.8217
valid Loss: 0.7275
----------
Epoch 11/299
train Loss: 0.8248
valid Loss: 0.7283
----------
Epoch 12/299
train Loss: 0.8264
valid Loss: 0.7286
----------
Epoch 13/299
train Loss: 0.8169
valid Loss: 0.7275
----------
Epoch 14/299
train Loss: 0.8174
valid Loss: 0.7139
----------
Epoch 15/299
train Loss: 0.8148
valid Loss: 0.7258
----------
Epoch 16/299
train Loss: 0.8178
valid Loss: 0.7241
----------
Epoch 17/299
train Loss: 0.8170
valid Loss: 0.7250
----------
Epoch 18/299
train Loss: 0.8068
valid Loss: 0.7249
----------
Epoch 19/299
train Loss: 0.8113
valid Loss: 0.7247
----------
Epoch 20/299
train Loss: 0.8154
valid Loss: 0.7242
----------
Epoch 21/299
train Loss: 0.8092
valid Loss: 0.7240
----------
Epoch 22/299
train Loss: 0.8063
valid Loss: 0.7230
----------
Epoch 23/299
train Loss: 0.8065
valid Loss: 0.7233
----------
Epoch 24/299
train Loss: 0.8071
valid Loss: 0.7225
----------
Epoch 25/299
train Loss: 0.7964
valid Loss: 0.7233
----------
Epoch 26/299
train Loss: 0.8083
valid Loss: 0.7224
----------
Epoch 27/299
train Loss: 0.8056
valid Loss: 0.7226
----------
Epoch 28/299
train Loss: 0.8053
valid Loss: 0.7204
----------
Epoch 29/299
train Loss: 0.8062
valid Loss: 0.7217
----------
Epoch 30/299
train Loss: 0.8010
valid Loss: 0.7204
----------
Epoch 31/299
train Loss: 0.8050
valid Loss: 0.7211
----------
Epoch 32/299
train Loss: 0.7989
valid Loss: 0.7206
----------
Epoch 33/299
train Loss: 0.7941
valid Loss: 0.7211
----------
Epoch 34/299
train Loss: 0.8044
valid Loss: 0.7189
----------
Epoch 35/299
train Loss: 0.7955
valid Loss: 0.7196
----------
Epoch 36/299
train Loss: 0.7902
valid Loss: 0.7181
----------
Epoch 37/299
train Loss: 0.8011
valid Loss: 0.7189
----------
Epoch 38/299
train Loss: 0.7990
valid Loss: 0.7192
----------
Epoch 39/299
train Loss: 0.7957
valid Loss: 0.7179
----------
Epoch 40/299
train Loss: 0.7942
valid Loss: 0.7170
----------
Epoch 41/299
train Loss: 0.7924
valid Loss: 0.7171
----------
Epoch 42/299
train Loss: 0.7877
valid Loss: 0.7159
----------
Epoch 43/299
train Loss: 0.7953
valid Loss: 0.7167
----------
Epoch 44/299
train Loss: 0.7866
valid Loss: 0.7162
----------
Epoch 45/299
train Loss: 0.7903
valid Loss: 0.7162
----------
Epoch 46/299
train Loss: 0.7939
valid Loss: 0.7162
----------
Epoch 47/299
train Loss: 0.7931
valid Loss: 0.7105
----------
Epoch 48/299
train Loss: 0.7905
valid Loss: 0.7160
----------
Epoch 49/299
train Loss: 0.7870
valid Loss: 0.7147
----------
Epoch 50/299
train Loss: 0.7922
valid Loss: 0.7162
----------
Epoch 51/299
train Loss: 0.7940
valid Loss: 0.7138
----------
Epoch 52/299
train Loss: 0.7890
valid Loss: 0.7129
----------
Epoch 53/299
train Loss: 0.7872
valid Loss: 0.7084
----------
Epoch 54/299
train Loss: 0.7893
valid Loss: 0.7133
----------
Epoch 55/299
train Loss: 0.7929
valid Loss: 0.7139
----------
Epoch 56/299
train Loss: 0.7846
valid Loss: 0.7129
----------
Epoch 57/299
train Loss: 0.7884
valid Loss: 0.7127
----------
Epoch 58/299
train Loss: 0.7870
valid Loss: 0.7126
----------
Epoch 59/299
train Loss: 0.7780
valid Loss: 0.7106
----------
Epoch 60/299
train Loss: 0.7845
valid Loss: 0.7123
----------
Epoch 61/299
train Loss: 0.7804
valid Loss: 0.7116
----------
Epoch 62/299
train Loss: 0.7830
valid Loss: 0.7088
----------
Epoch 63/299
train Loss: 0.7817
valid Loss: 0.7107
----------
Epoch 64/299
train Loss: 0.7829
valid Loss: 0.7112
----------
Epoch 65/299
train Loss: 0.7760
valid Loss: 0.7103
----------
Epoch 66/299
train Loss: 0.7791
valid Loss: 0.7105
----------
Epoch 67/299
train Loss: 0.7781
valid Loss: 0.7099
----------
Epoch 68/299
train Loss: 0.7805
valid Loss: 0.7047
----------
Epoch 69/299
train Loss: 0.7753
valid Loss: 0.7094
----------
Epoch 70/299
train Loss: 0.7743
valid Loss: 0.7090
----------
Epoch 71/299
train Loss: 0.7767
valid Loss: 0.7085
----------
Epoch 72/299
train Loss: 0.7677
valid Loss: 0.7084
----------
Epoch 73/299
train Loss: 0.7801
valid Loss: 0.7083
----------
Epoch 74/299
train Loss: 0.7752
valid Loss: 0.7050
----------
Epoch 75/299
train Loss: 0.7802
valid Loss: 0.7045
----------
Epoch 76/299
train Loss: 0.7745
valid Loss: 0.7072
----------
Epoch 77/299
train Loss: 0.7734
valid Loss: 0.7073
----------
Epoch 78/299
train Loss: 0.7745
valid Loss: 0.7049
----------
Epoch 79/299
train Loss: 0.7743
valid Loss: 0.7040
----------
Epoch 80/299
train Loss: 0.7742
valid Loss: 0.7054
----------
Epoch 81/299
train Loss: 0.7682
valid Loss: 0.7063
----------
Epoch 82/299
train Loss: 0.7732
valid Loss: 0.7054
----------
Epoch 83/299
train Loss: 0.7721
valid Loss: 0.7045
----------
Epoch 84/299
train Loss: 0.7702
valid Loss: 0.7031
----------
Epoch 85/299
train Loss: 0.7688
valid Loss: 0.7045
----------
Epoch 86/299
train Loss: 0.7689
valid Loss: 0.7033
----------
Epoch 87/299
train Loss: 0.7642
valid Loss: 0.7010
----------
Epoch 88/299
train Loss: 0.7731
valid Loss: 0.7027
----------
Epoch 89/299
train Loss: 0.7678
valid Loss: 0.7012
----------
Epoch 90/299
train Loss: 0.7662
valid Loss: 0.7021
----------
Epoch 91/299
train Loss: 0.7675
valid Loss: 0.7003
----------
Epoch 92/299
train Loss: 0.7688
valid Loss: 0.7011
----------
Epoch 93/299
train Loss: 0.7600
valid Loss: 0.7004
----------
Epoch 94/299
train Loss: 0.7673
valid Loss: 0.7003
----------
Epoch 95/299
train Loss: 0.7655
valid Loss: 0.6979
----------
Epoch 96/299
train Loss: 0.7530
valid Loss: 0.6984
----------
Epoch 97/299
train Loss: 0.7699
valid Loss: 0.6982
----------
Epoch 98/299
train Loss: 0.7565
valid Loss: 0.6996
----------
Epoch 99/299
train Loss: 0.7598
valid Loss: 0.6994
----------
Epoch 100/299
train Loss: 0.7676
valid Loss: 0.7000
----------
Epoch 101/299
train Loss: 0.7577
valid Loss: 0.6982
----------
Epoch 102/299
train Loss: 0.7615
valid Loss: 0.6984
----------
Epoch 103/299
train Loss: 0.7632
valid Loss: 0.6988
----------
Epoch 104/299
train Loss: 0.7594
valid Loss: 0.6976
----------
Epoch 105/299
train Loss: 0.7621
valid Loss: 0.6960
----------
Epoch 106/299
train Loss: 0.7577
valid Loss: 0.6966
----------
Epoch 107/299
train Loss: 0.7525
valid Loss: 0.6921
----------
Epoch 108/299
train Loss: 0.7582
valid Loss: 0.6951
----------
Epoch 109/299
train Loss: 0.7562
valid Loss: 0.6959
----------
Epoch 110/299
train Loss: 0.7574
valid Loss: 0.6963
----------
Epoch 111/299
train Loss: 0.7565
valid Loss: 0.6935
----------
Epoch 112/299
train Loss: 0.7514
valid Loss: 0.6946
----------
Epoch 113/299
train Loss: 0.7586
valid Loss: 0.6939
----------
Epoch 114/299
train Loss: 0.7553
valid Loss: 0.6935
----------
Epoch 115/299
train Loss: 0.7519
valid Loss: 0.6918
----------
Epoch 116/299
train Loss: 0.7570
valid Loss: 0.6903
----------
Epoch 117/299
train Loss: 0.7597
valid Loss: 0.6923
----------
Epoch 118/299
train Loss: 0.7553
valid Loss: 0.6925
----------
Epoch 119/299
train Loss: 0.7472
valid Loss: 0.6921
----------
Epoch 120/299
train Loss: 0.7590
valid Loss: 0.6917
----------
Epoch 121/299
train Loss: 0.7497
valid Loss: 0.6907
----------
Epoch 122/299
train Loss: 0.7590
valid Loss: 0.6908
----------
Epoch 123/299
train Loss: 0.7499
valid Loss: 0.6912
----------
Epoch 124/299
train Loss: 0.7561
valid Loss: 0.6911
----------
Epoch 125/299
train Loss: 0.7509
valid Loss: 0.6903
----------
Epoch 126/299
train Loss: 0.7495
valid Loss: 0.6903
----------
Epoch 127/299
train Loss: 0.7548
valid Loss: 0.6900
----------
Epoch 128/299
train Loss: 0.7424
valid Loss: 0.6883
----------
Epoch 129/299
train Loss: 0.7483
valid Loss: 0.6900
----------
Epoch 130/299
train Loss: 0.7505
valid Loss: 0.6878
----------
Epoch 131/299
train Loss: 0.7494
valid Loss: 0.6878
----------
Epoch 132/299
train Loss: 0.7465
valid Loss: 0.6863
----------
Epoch 133/299
train Loss: 0.7508
valid Loss: 0.6886
----------
Epoch 134/299
train Loss: 0.7495
valid Loss: 0.6892
----------
Epoch 135/299
train Loss: 0.7443
valid Loss: 0.6852
----------
Epoch 136/299
train Loss: 0.7441
valid Loss: 0.6878
----------
Epoch 137/299
train Loss: 0.7518
valid Loss: 0.6879
----------
Epoch 138/299
train Loss: 0.7462
valid Loss: 0.6880
----------
Epoch 139/299
train Loss: 0.7426
valid Loss: 0.6862
----------
Epoch 140/299
train Loss: 0.7510
valid Loss: 0.6872
----------
Epoch 141/299
train Loss: 0.7524
valid Loss: 0.6872
----------
Epoch 142/299
train Loss: 0.7436
valid Loss: 0.6849
----------
Epoch 143/299
train Loss: 0.7424
valid Loss: 0.6857
----------
Epoch 144/299
train Loss: 0.7404
valid Loss: 0.6860
----------
Epoch 145/299
train Loss: 0.7486
valid Loss: 0.6850
----------
Epoch 146/299
train Loss: 0.7377
valid Loss: 0.6865
----------
Epoch 147/299
train Loss: 0.7411
valid Loss: 0.6823
----------
Epoch 148/299
train Loss: 0.7423
valid Loss: 0.6851
----------
Epoch 149/299
train Loss: 0.7452
valid Loss: 0.6845
----------
Epoch 150/299
train Loss: 0.7447
valid Loss: 0.6843
----------
Epoch 151/299
train Loss: 0.7457
valid Loss: 0.6846
----------
Epoch 152/299
train Loss: 0.7408
valid Loss: 0.6838
----------
Epoch 153/299
train Loss: 0.7447
valid Loss: 0.6838
----------
Epoch 154/299
train Loss: 0.7413
valid Loss: 0.6832
----------
Epoch 155/299
train Loss: 0.7423
valid Loss: 0.6837
----------
Epoch 156/299
train Loss: 0.7406
valid Loss: 0.6837
----------
Epoch 157/299
train Loss: 0.7368
valid Loss: 0.6827
----------
Epoch 158/299
train Loss: 0.7394
valid Loss: 0.6829
----------
Epoch 159/299
train Loss: 0.7379
valid Loss: 0.6822
----------
Epoch 160/299
train Loss: 0.7388
valid Loss: 0.6816
----------
Epoch 161/299
train Loss: 0.7423
valid Loss: 0.6827
----------
Epoch 162/299
train Loss: 0.7408
valid Loss: 0.6806
----------
Epoch 163/299
train Loss: 0.7351
valid Loss: 0.6816
----------
Epoch 164/299
train Loss: 0.7375
valid Loss: 0.6808
----------
Epoch 165/299
train Loss: 0.7357
valid Loss: 0.6809
----------
Epoch 166/299
train Loss: 0.7357
valid Loss: 0.6808
----------
Epoch 167/299
train Loss: 0.7380
valid Loss: 0.6796
----------
Epoch 168/299
train Loss: 0.7390
valid Loss: 0.6808
----------
Epoch 169/299
train Loss: 0.7376
valid Loss: 0.6798
----------
Epoch 170/299
train Loss: 0.7397
valid Loss: 0.6788
----------
Epoch 171/299
train Loss: 0.7302
valid Loss: 0.6793
----------
Epoch 172/299
train Loss: 0.7385
valid Loss: 0.6796
----------
Epoch 173/299
train Loss: 0.7353
valid Loss: 0.6795
----------
Epoch 174/299
train Loss: 0.7404
valid Loss: 0.6794
----------
Epoch 175/299
train Loss: 0.7348
valid Loss: 0.6786
----------
Epoch 176/299
train Loss: 0.7354
valid Loss: 0.6785
----------
Epoch 177/299
train Loss: 0.7272
valid Loss: 0.6773
----------
Epoch 178/299
train Loss: 0.7296
valid Loss: 0.6777
----------
Epoch 179/299
train Loss: 0.7443
valid Loss: 0.6767
----------
Epoch 180/299
train Loss: 0.7332
valid Loss: 0.6779
----------
Epoch 181/299
train Loss: 0.7353
valid Loss: 0.6776
----------
Epoch 182/299
train Loss: 0.7292
valid Loss: 0.6743
----------
Epoch 183/299
train Loss: 0.7309
valid Loss: 0.6734
----------
Epoch 184/299
train Loss: 0.7306
valid Loss: 0.6767
----------
Epoch 185/299
train Loss: 0.7322
valid Loss: 0.6746
----------
Epoch 186/299
train Loss: 0.7318
valid Loss: 0.6758
----------
Epoch 187/299
train Loss: 0.7306
valid Loss: 0.6738
----------
Epoch 188/299
train Loss: 0.7289
valid Loss: 0.6751
----------
Epoch 189/299
train Loss: 0.7289
valid Loss: 0.6747
----------
Epoch 190/299
train Loss: 0.7287
valid Loss: 0.6740
----------
Epoch 191/299
train Loss: 0.7323
valid Loss: 0.6746
----------
Epoch 192/299
train Loss: 0.7293
valid Loss: 0.6736
----------
Epoch 193/299
train Loss: 0.7280
valid Loss: 0.6742
----------
Epoch 194/299
train Loss: 0.7283
valid Loss: 0.6686
----------
Epoch 195/299
train Loss: 0.7278
valid Loss: 0.6740
----------
Epoch 196/299
train Loss: 0.7320
valid Loss: 0.6739
----------
Epoch 197/299
train Loss: 0.7235
valid Loss: 0.6736
----------
Epoch 198/299
train Loss: 0.7340
valid Loss: 0.6732
----------
Epoch 199/299
train Loss: 0.7336
valid Loss: 0.6737
----------
Epoch 200/299
train Loss: 0.7314
valid Loss: 0.6738
----------
Epoch 201/299
train Loss: 0.7255
valid Loss: 0.6725
----------
Epoch 202/299
train Loss: 0.7313
valid Loss: 0.6705
----------
Epoch 203/299
train Loss: 0.7300
valid Loss: 0.6730
----------
Epoch 204/299
train Loss: 0.7223
valid Loss: 0.6735
----------
Epoch 205/299
train Loss: 0.7266
valid Loss: 0.6719
----------
Epoch 206/299
train Loss: 0.7297
valid Loss: 0.6730
----------
Epoch 207/299
train Loss: 0.7259
valid Loss: 0.6734
----------
Epoch 208/299
train Loss: 0.7261
valid Loss: 0.6701
----------
Epoch 209/299
train Loss: 0.7281
valid Loss: 0.6711
----------
Epoch 210/299
train Loss: 0.7247
valid Loss: 0.6723
----------
Epoch 211/299
train Loss: 0.7280
valid Loss: 0.6717
----------
Epoch 212/299
train Loss: 0.7245
valid Loss: 0.6721
----------
Epoch 213/299
train Loss: 0.7284
valid Loss: 0.6706
----------
Epoch 214/299
train Loss: 0.7263
valid Loss: 0.6720
----------
Epoch 215/299
train Loss: 0.7224
valid Loss: 0.6728
----------
Epoch 216/299
train Loss: 0.7238
valid Loss: 0.6723
----------
Epoch 217/299
train Loss: 0.7241
valid Loss: 0.6718
----------
Epoch 218/299
train Loss: 0.7259
valid Loss: 0.6707
----------
Epoch 219/299
train Loss: 0.7229
valid Loss: 0.6707
----------
Epoch 220/299
train Loss: 0.7289
valid Loss: 0.6704
----------
Epoch 221/299
train Loss: 0.7208
valid Loss: 0.6705
----------
Epoch 222/299
train Loss: 0.7304
valid Loss: 0.6717
----------
Epoch 223/299
train Loss: 0.7289
valid Loss: 0.6708
----------
Epoch 224/299
train Loss: 0.7279
valid Loss: 0.6711
----------
Epoch 225/299
train Loss: 0.7233
valid Loss: 0.6709
----------
Epoch 226/299
train Loss: 0.7196
valid Loss: 0.6709
----------
Epoch 227/299
train Loss: 0.7242
valid Loss: 0.6707
----------
Epoch 228/299
train Loss: 0.7226
valid Loss: 0.6694
----------
Epoch 229/299
train Loss: 0.7285
valid Loss: 0.6699
----------
Epoch 230/299
train Loss: 0.7198
valid Loss: 0.6701
----------
Epoch 231/299
train Loss: 0.7229
valid Loss: 0.6706
----------
Epoch 232/299
train Loss: 0.7189
valid Loss: 0.6704
----------
Epoch 233/299
train Loss: 0.7219
valid Loss: 0.6703
----------
Epoch 234/299
train Loss: 0.7192
valid Loss: 0.6686
----------
Epoch 235/299
train Loss: 0.7237
valid Loss: 0.6694
----------
Epoch 236/299
train Loss: 0.7208
valid Loss: 0.6693
----------
Epoch 237/299
train Loss: 0.7163
valid Loss: 0.6673
----------
Epoch 238/299
train Loss: 0.7171
valid Loss: 0.6699
----------
Epoch 239/299
train Loss: 0.7177
valid Loss: 0.6697
----------
Epoch 240/299
train Loss: 0.7174
valid Loss: 0.6686
----------
Epoch 241/299
train Loss: 0.7188
valid Loss: 0.6686
----------
Epoch 242/299
train Loss: 0.7169
valid Loss: 0.6675
----------
Epoch 243/299
train Loss: 0.7135
valid Loss: 0.6688
----------
Epoch 244/299
train Loss: 0.7146
valid Loss: 0.6681
----------
Epoch 245/299
train Loss: 0.7166
valid Loss: 0.6673
----------
Epoch 246/299
train Loss: 0.7174
valid Loss: 0.6681
----------
Epoch 247/299
train Loss: 0.7179
valid Loss: 0.6670
----------
Epoch 248/299
train Loss: 0.7218
valid Loss: 0.6672
----------
Epoch 249/299
train Loss: 0.7210
valid Loss: 0.6677
----------
Epoch 250/299
train Loss: 0.7155
valid Loss: 0.6664
----------
Epoch 251/299
train Loss: 0.7193
valid Loss: 0.6665
----------
Epoch 252/299
train Loss: 0.7146
valid Loss: 0.6677
----------
Epoch 253/299
train Loss: 0.7121
valid Loss: 0.6672
----------
Epoch 254/299
train Loss: 0.7075
valid Loss: 0.6670
----------
Epoch 255/299
train Loss: 0.7116
valid Loss: 0.6668
----------
Epoch 256/299
train Loss: 0.7200
valid Loss: 0.6662
----------
Epoch 257/299
train Loss: 0.7158
valid Loss: 0.6667
----------
Epoch 258/299
train Loss: 0.7179
valid Loss: 0.6671
----------
Epoch 259/299
train Loss: 0.7154
valid Loss: 0.6663
----------
Epoch 260/299
train Loss: 0.7181
valid Loss: 0.6668
----------
Epoch 261/299
train Loss: 0.7201
valid Loss: 0.6657
----------
Epoch 262/299
train Loss: 0.7150
valid Loss: 0.6659
----------
Epoch 263/299
train Loss: 0.7144
valid Loss: 0.6660
----------
Epoch 264/299
train Loss: 0.7241
valid Loss: 0.6654
----------
Epoch 265/299
train Loss: 0.7183
valid Loss: 0.6663
----------
Epoch 266/299
train Loss: 0.7183
valid Loss: 0.6664
----------
Epoch 267/299
train Loss: 0.7079
valid Loss: 0.6664
----------
Epoch 268/299
train Loss: 0.7110
valid Loss: 0.6652
----------
Epoch 269/299
train Loss: 0.7078
valid Loss: 0.6667
----------
Epoch 270/299
train Loss: 0.7175
valid Loss: 0.6641
----------
Epoch 271/299
train Loss: 0.7066
valid Loss: 0.6651
----------
Epoch 272/299
train Loss: 0.7070
valid Loss: 0.6642
----------
Epoch 273/299
train Loss: 0.7127
valid Loss: 0.6640
----------
Epoch 274/299
train Loss: 0.7126
valid Loss: 0.6657
----------
Epoch 275/299
train Loss: 0.7111
valid Loss: 0.6652
----------
Epoch 276/299
train Loss: 0.7107
valid Loss: 0.6655
----------
Epoch 277/299
train Loss: 0.7044
valid Loss: 0.6646
----------
Epoch 278/299
train Loss: 0.7072
valid Loss: 0.6643
----------
Epoch 279/299
train Loss: 0.7142
valid Loss: 0.6637
----------
Epoch 280/299
train Loss: 0.7108
valid Loss: 0.6653
----------
Epoch 281/299
train Loss: 0.7151
valid Loss: 0.6648
----------
Epoch 282/299
train Loss: 0.7143
valid Loss: 0.6643
----------
Epoch 283/299
train Loss: 0.7054
valid Loss: 0.6647
----------
Epoch 284/299
train Loss: 0.7084
valid Loss: 0.6636
----------
Epoch 285/299
train Loss: 0.7088
valid Loss: 0.6638
----------
Epoch 286/299
train Loss: 0.7132
valid Loss: 0.6637
----------
Epoch 287/299
train Loss: 0.7066
valid Loss: 0.6635
----------
Epoch 288/299
train Loss: 0.7149
valid Loss: 0.6633
----------
Epoch 289/299
train Loss: 0.7095
valid Loss: 0.6630
----------
Epoch 290/299
train Loss: 0.7076
valid Loss: 0.6641
----------
Epoch 291/299
train Loss: 0.7011
valid Loss: 0.6651
----------
Epoch 292/299
train Loss: 0.7060
valid Loss: 0.6647
----------
Epoch 293/299
train Loss: 0.7046
valid Loss: 0.6635
----------
Epoch 294/299
train Loss: 0.7001
valid Loss: 0.6594
----------
Epoch 295/299
train Loss: 0.7062
valid Loss: 0.6630
----------
Epoch 296/299
train Loss: 0.7040
valid Loss: 0.6630
----------
Epoch 297/299
train Loss: 0.7084
valid Loss: 0.6631
----------
Epoch 298/299
train Loss: 0.6999
valid Loss: 0.6600
----------
Epoch 299/299
train Loss: 0.7099
valid Loss: 0.6623
